{"D:\\cruise_sale_system\\frontend\\web\\app\\app.vue": {"path":"D:\\cruise_sale_system\\frontend\\web\\app\\app.vue","statementMap":{"0":{"start":{"line":4,"column":2},"end":{"line":8,"column":null}},"1":{"start":{"line":7,"column":37},"end":{"line":8,"column":null}}},"fnMap":{"0":{"name":"(anonymous_0)","decl":{"start":{"line":7,"column":6},"end":{"line":7,"column":37}},"loc":{"start":{"line":7,"column":37},"end":{"line":8,"column":null}},"line":7}},"branchMap":{},"s":{"0":1,"1":0},"f":{"0":0},"b":{},"meta":{"lastBranch":0,"lastFunction":1,"lastStatement":2,"seen":{"s:4:2:8:Infinity":0,"f:7:6:7:37":0,"s:7:37:8:Infinity":1}}}
,"D:\\cruise_sale_system\\frontend\\web\\app\\components\\CabinCard.vue": {"path":"D:\\cruise_sale_system\\frontend\\web\\app\\components\\CabinCard.vue","statementMap":{"0":{"start":{"line":10,"column":11},"end":{"line":10,"column":null}}},"fnMap":{},"branchMap":{},"s":{"0":1},"f":{},"b":{},"meta":{"lastBranch":0,"lastFunction":0,"lastStatement":0,"seen":{}}}
,"D:\\cruise_sale_system\\frontend\\web\\app\\composables\\useApi.ts": {"path":"D:\\cruise_sale_system\\frontend\\web\\app\\composables\\useApi.ts","statementMap":{"0":{"start":{"line":12,"column":22},"end":{"line":44,"column":null}},"1":{"start":{"line":13,"column":19},"end":{"line":13,"column":null}},"2":{"start":{"line":15,"column":20},"end":{"line":15,"column":null}},"3":{"start":{"line":23,"column":20},"end":{"line":42,"column":null}},"4":{"start":{"line":25,"column":48},"end":{"line":28,"column":null}},"5":{"start":{"line":29,"column":8},"end":{"line":36,"column":null}},"6":{"start":{"line":30,"column":26},"end":{"line":30,"column":null}},"7":{"start":{"line":31,"column":12},"end":{"line":33,"column":null}},"8":{"start":{"line":32,"column":16},"end":{"line":32,"column":null}},"9":{"start":{"line":38,"column":8},"end":{"line":41,"column":null}},"10":{"start":{"line":43,"column":4},"end":{"line":43,"column":null}}},"fnMap":{"0":{"name":"(anonymous_0)","decl":{"start":{"line":12,"column":22},"end":{"line":12,"column":28}},"loc":{"start":{"line":12,"column":28},"end":{"line":44,"column":null}},"line":12},"1":{"name":"(anonymous_1)","decl":{"start":{"line":23,"column":20},"end":{"line":23,"column":30}},"loc":{"start":{"line":23,"column":66},"end":{"line":42,"column":null}},"line":23}},"branchMap":{"0":{"loc":{"start":{"line":23,"column":44},"end":{"line":23,"column":66}},"type":"default-arg","locations":[{"start":{"line":23,"column":59},"end":{"line":23,"column":66}}],"line":23},"1":{"loc":{"start":{"line":27,"column":16},"end":{"line":27,"column":null}},"type":"binary-expr","locations":[{"start":{"line":27,"column":16},"end":{"line":27,"column":35}},{"start":{"line":27,"column":35},"end":{"line":27,"column":null}}],"line":27},"2":{"loc":{"start":{"line":31,"column":12},"end":{"line":33,"column":null}},"type":"if","locations":[{"start":{"line":31,"column":12},"end":{"line":33,"column":null}},{"start":{},"end":{}}],"line":31},"3":{"loc":{"start":{"line":31,"column":16},"end":{"line":31,"column":49}},"type":"binary-expr","locations":[{"start":{"line":31,"column":16},"end":{"line":31,"column":25}},{"start":{"line":31,"column":25},"end":{"line":31,"column":49}}],"line":31}},"s":{"0":1,"1":3,"2":3,"3":3,"4":2,"5":2,"6":2,"7":2,"8":1,"9":2,"10":3},"f":{"0":3,"1":2},"b":{"0":[2],"1":[2,2],"2":[1,1],"3":[2,1]},"meta":{"lastBranch":4,"lastFunction":2,"lastStatement":11,"seen":{"s:12:22:44:Infinity":0,"f:12:22:12:28":0,"s:13:19:13:Infinity":1,"s:15:20:15:Infinity":2,"s:23:20:42:Infinity":3,"f:23:20:23:30":1,"b:23:59:23:66":0,"s:25:48:28:Infinity":4,"b:27:16:27:35:27:35:27:Infinity":1,"s:29:8:36:Infinity":5,"s:30:26:30:Infinity":6,"b:31:12:33:Infinity:undefined:undefined:undefined:undefined":2,"s:31:12:33:Infinity":7,"b:31:16:31:25:31:25:31:49":3,"s:32:16:32:Infinity":8,"s:38:8:41:Infinity":9,"s:43:4:43:Infinity":10}}}
,"D:\\cruise_sale_system\\frontend\\web\\app\\layouts\\default.vue": {"path":"D:\\cruise_sale_system\\frontend\\web\\app\\layouts\\default.vue","statementMap":{"0":{"start":{"line":4,"column":7},"end":{"line":4,"column":null}},"1":{"start":{"line":6,"column":12},"end":{"line":6,"column":null}},"2":{"start":{"line":7,"column":11},"end":{"line":7,"column":null}},"3":{"start":{"line":11,"column":13},"end":{"line":11,"column":null}},"4":{"start":{"line":19,"column":10},"end":{"line":19,"column":null}},"5":{"start":{"line":4,"column":2},"end":{"line":25,"column":13}},"6":{"start":{"line":9,"column":74},"end":{"line":9,"column":85}},"7":{"start":{"line":12,"column":35},"end":{"line":12,"column":46}},"8":{"start":{"line":13,"column":36},"end":{"line":13,"column":47}},"9":{"start":{"line":14,"column":42},"end":{"line":14,"column":53}}},"fnMap":{"0":{"name":"(anonymous_0)","decl":{"start":{"line":9,"column":61},"end":{"line":9,"column":74}},"loc":{"start":{"line":9,"column":74},"end":{"line":9,"column":85}},"line":9},"1":{"name":"(anonymous_1)","decl":{"start":{"line":12,"column":33},"end":{"line":12,"column":35}},"loc":{"start":{"line":12,"column":35},"end":{"line":12,"column":46}},"line":12},"2":{"name":"(anonymous_2)","decl":{"start":{"line":13,"column":34},"end":{"line":13,"column":36}},"loc":{"start":{"line":13,"column":36},"end":{"line":13,"column":47}},"line":13},"3":{"name":"(anonymous_3)","decl":{"start":{"line":14,"column":40},"end":{"line":14,"column":42}},"loc":{"start":{"line":14,"column":42},"end":{"line":14,"column":53}},"line":14}},"branchMap":{"0":{"loc":{"start":{"line":9,"column":74},"end":{"line":9,"column":85}},"type":"binary-expr","locations":[{"start":{"line":9,"column":74},"end":{"line":9,"column":85}},{"start":{"line":9,"column":74},"end":{"line":9,"column":85}}],"line":9},"1":{"loc":{"start":{"line":12,"column":35},"end":{"line":12,"column":46}},"type":"binary-expr","locations":[{"start":{"line":12,"column":35},"end":{"line":12,"column":46}},{"start":{"line":12,"column":35},"end":{"line":12,"column":46}}],"line":12},"2":{"loc":{"start":{"line":13,"column":36},"end":{"line":13,"column":47}},"type":"binary-expr","locations":[{"start":{"line":13,"column":36},"end":{"line":13,"column":47}},{"start":{"line":13,"column":36},"end":{"line":13,"column":47}}],"line":13},"3":{"loc":{"start":{"line":14,"column":42},"end":{"line":14,"column":53}},"type":"binary-expr","locations":[{"start":{"line":14,"column":42},"end":{"line":14,"column":53}},{"start":{"line":14,"column":42},"end":{"line":14,"column":53}}],"line":14},"4":{"loc":{"start":{"line":22,"column":4},"end":{"line":25,"column":13}},"type":"binary-expr","locations":[{"start":{"line":22,"column":4},"end":{"line":22,"column":null}},{"start":{"line":22,"column":4},"end":{"line":25,"column":13}}],"line":22}},"s":{"0":1,"1":1,"2":1,"3":1,"4":1,"5":2,"6":1,"7":1,"8":1,"9":1},"f":{"0":1,"1":1,"2":1,"3":1},"b":{"0":[1,1],"1":[1,1],"2":[1,1],"3":[1,1],"4":[2,2]},"meta":{"lastBranch":5,"lastFunction":4,"lastStatement":10,"seen":{"s:4:7:4:Infinity":0,"s:6:12:6:Infinity":1,"s:7:11:7:Infinity":2,"s:11:13:11:Infinity":3,"s:19:10:19:Infinity":4,"s:4:2:25:13":5,"f:9:61:9:74":0,"s:9:74:9:85":6,"b:9:74:9:85:9:74:9:85":0,"f:12:33:12:35":1,"s:12:35:12:46":7,"b:12:35:12:46:12:35:12:46":1,"f:13:34:13:36":2,"s:13:36:13:47":8,"b:13:36:13:47:13:36:13:47":2,"f:14:40:14:42":3,"s:14:42:14:53":9,"b:14:42:14:53:14:42:14:53":3,"b:22:4:22:Infinity:22:4:25:13":4}}}
,"D:\\cruise_sale_system\\frontend\\web\\app\\pages\\account\\login.vue": {"path":"D:\\cruise_sale_system\\frontend\\web\\app\\pages\\account\\login.vue","statementMap":{"0":{"start":{"line":8,"column":7},"end":{"line":8,"column":null}},"1":{"start":{"line":8,"column":2},"end":{"line":10,"column":null}}},"fnMap":{},"branchMap":{"0":{"loc":{"start":{"line":11,"column":8},"end":{"line":9,"column":18}},"type":"binary-expr","locations":[{"start":{"line":11,"column":8},"end":{"line":11,"column":null}},{"start":{"line":11,"column":8},"end":{"line":9,"column":18}}],"line":11}},"s":{"0":1,"1":2},"f":{},"b":{"0":[2,2]},"meta":{"lastBranch":1,"lastFunction":0,"lastStatement":2,"seen":{"s:8:7:8:Infinity":0,"s:8:2:10:Infinity":1,"b:11:8:11:Infinity:11:8:9:18":0}}}
,"D:\\cruise_sale_system\\frontend\\web\\app\\pages\\booking\\confirm.vue": {"path":"D:\\cruise_sale_system\\frontend\\web\\app\\pages\\booking\\confirm.vue","statementMap":{"0":{"start":{"line":9,"column":6},"end":{"line":9,"column":null}},"1":{"start":{"line":10,"column":6},"end":{"line":10,"column":null}},"2":{"start":{"line":11,"column":6},"end":{"line":11,"column":null}},"3":{"start":{"line":12,"column":6},"end":{"line":12,"column":null}},"4":{"start":{"line":13,"column":6},"end":{"line":13,"column":null}},"5":{"start":{"line":14,"column":20},"end":{"line":14,"column":null}},"6":{"start":{"line":18,"column":14},"end":{"line":18,"column":null}},"7":{"start":{"line":19,"column":0},"end":{"line":19,"column":null}},"8":{"start":{"line":20,"column":0},"end":{"line":20,"column":null}},"9":{"start":{"line":21,"column":20},"end":{"line":21,"column":null}},"10":{"start":{"line":22,"column":0},"end":{"line":22,"column":null}},"11":{"start":{"line":22,"column":21},"end":{"line":22,"column":null}},"12":{"start":{"line":24,"column":6},"end":{"line":26,"column":null}},"13":{"start":{"line":25,"column":10},"end":{"line":25,"column":null}},"14":{"start":{"line":29,"column":4},"end":{"line":29,"column":null}},"15":{"start":{"line":29,"column":26},"end":{"line":29,"column":null}},"16":{"start":{"line":30,"column":4},"end":{"line":30,"column":null}},"17":{"start":{"line":31,"column":4},"end":{"line":31,"column":null}},"18":{"start":{"line":32,"column":4},"end":{"line":56,"column":null}},"19":{"start":{"line":34,"column":18},"end":{"line":41,"column":null}},"20":{"start":{"line":43,"column":22},"end":{"line":43,"column":null}},"21":{"start":{"line":44,"column":6},"end":{"line":46,"column":null}},"22":{"start":{"line":45,"column":8},"end":{"line":45,"column":null}},"23":{"start":{"line":48,"column":6},"end":{"line":51,"column":null}},"24":{"start":{"line":53,"column":8},"end":{"line":53,"column":null}},"25":{"start":{"line":55,"column":8},"end":{"line":55,"column":null}},"26":{"start":{"line":61,"column":7},"end":{"line":61,"column":null}},"27":{"start":{"line":65,"column":11},"end":{"line":65,"column":null}},"28":{"start":{"line":61,"column":2},"end":{"line":83,"column":null}},"29":{"start":{"line":69,"column":26},"end":{"line":69,"column":33}}},"fnMap":{"0":{"name":"(anonymous_0)","decl":{"start":{"line":25,"column":4},"end":{"line":25,"column":10}},"loc":{"start":{"line":25,"column":10},"end":{"line":25,"column":null}},"line":25},"1":{"name":"handleSubmit","decl":{"start":{"line":28,"column":15},"end":{"line":28,"column":30}},"loc":{"start":{"line":28,"column":30},"end":{"line":57,"column":null}},"line":28},"2":{"name":"(anonymous_2)","decl":{"start":{"line":68,"column":13},"end":{"line":68,"column":null}},"loc":{"start":{"line":69,"column":26},"end":{"line":69,"column":33}},"line":69}},"branchMap":{"0":{"loc":{"start":{"line":19,"column":17},"end":{"line":19,"column":null}},"type":"binary-expr","locations":[{"start":{"line":19,"column":17},"end":{"line":19,"column":50}},{"start":{"line":19,"column":50},"end":{"line":19,"column":null}}],"line":19},"1":{"loc":{"start":{"line":20,"column":19},"end":{"line":20,"column":null}},"type":"binary-expr","locations":[{"start":{"line":20,"column":19},"end":{"line":20,"column":55}},{"start":{"line":20,"column":55},"end":{"line":20,"column":null}}],"line":20},"2":{"loc":{"start":{"line":22,"column":0},"end":{"line":22,"column":null}},"type":"if","locations":[{"start":{"line":22,"column":0},"end":{"line":22,"column":null}},{"start":{},"end":{}}],"line":22},"3":{"loc":{"start":{"line":25,"column":10},"end":{"line":25,"column":null}},"type":"binary-expr","locations":[{"start":{"line":25,"column":10},"end":{"line":25,"column":32}},{"start":{"line":25,"column":32},"end":{"line":25,"column":56}},{"start":{"line":25,"column":56},"end":{"line":25,"column":76}},{"start":{"line":25,"column":76},"end":{"line":25,"column":null}}],"line":25},"4":{"loc":{"start":{"line":29,"column":4},"end":{"line":29,"column":null}},"type":"if","locations":[{"start":{"line":29,"column":4},"end":{"line":29,"column":null}},{"start":{},"end":{}}],"line":29},"5":{"loc":{"start":{"line":43,"column":29},"end":{"line":43,"column":53}},"type":"binary-expr","locations":[{"start":{"line":43,"column":29},"end":{"line":43,"column":46}},{"start":{"line":43,"column":46},"end":{"line":43,"column":53}}],"line":43},"6":{"loc":{"start":{"line":44,"column":6},"end":{"line":46,"column":null}},"type":"if","locations":[{"start":{"line":44,"column":6},"end":{"line":46,"column":null}},{"start":{},"end":{}}],"line":44},"7":{"loc":{"start":{"line":44,"column":10},"end":{"line":44,"column":53}},"type":"binary-expr","locations":[{"start":{"line":44,"column":10},"end":{"line":44,"column":39}},{"start":{"line":44,"column":39},"end":{"line":44,"column":53}}],"line":44},"8":{"loc":{"start":{"line":53,"column":25},"end":{"line":53,"column":null}},"type":"binary-expr","locations":[{"start":{"line":53,"column":25},"end":{"line":53,"column":45}},{"start":{"line":53,"column":45},"end":{"line":53,"column":59}},{"start":{"line":53,"column":59},"end":{"line":53,"column":null}}],"line":53},"9":{"loc":{"start":{"line":86,"column":8},"end":{"line":62,"column":28}},"type":"binary-expr","locations":[{"start":{"line":86,"column":8},"end":{"line":86,"column":null}},{"start":{"line":86,"column":8},"end":{"line":62,"column":28}}],"line":86},"10":{"loc":{"start":{"line":75,"column":12},"end":{"line":66,"column":40}},"type":"binary-expr","locations":[{"start":{"line":75,"column":12},"end":{"line":75,"column":null}},{"start":{"line":75,"column":12},"end":{"line":66,"column":40}}],"line":75},"11":{"loc":{"start":{"line":68,"column":13},"end":{"line":69,"column":33}},"type":"binary-expr","locations":[{"start":{"line":68,"column":13},"end":{"line":68,"column":null}},{"start":{"line":68,"column":13},"end":{"line":69,"column":33}}],"line":68},"12":{"loc":{"start":{"line":77,"column":15},"end":{"line":77,"column":53}},"type":"cond-expr","locations":[{"start":{"line":77,"column":23},"end":{"line":77,"column":53}},{"start":{"line":77,"column":49},"end":{"line":77,"column":53}}],"line":77},"13":{"loc":{"start":{"line":78,"column":15},"end":{"line":78,"column":55}},"type":"cond-expr","locations":[{"start":{"line":78,"column":25},"end":{"line":78,"column":55}},{"start":{"line":78,"column":51},"end":{"line":78,"column":55}}],"line":78},"14":{"loc":{"start":{"line":80,"column":15},"end":{"line":80,"column":70}},"type":"cond-expr","locations":[{"start":{"line":80,"column":15},"end":{"line":80,"column":70}},{"start":{"line":80,"column":63},"end":{"line":80,"column":70}}],"line":80},"15":{"loc":{"start":{"line":83,"column":11},"end":{"line":83,"column":null}},"type":"cond-expr","locations":[{"start":{"line":83,"column":18},"end":{"line":83,"column":null}},{"start":{"line":83,"column":18},"end":{"line":83,"column":null}}],"line":83}},"s":{"0":9,"1":9,"2":9,"3":9,"4":9,"5":9,"6":9,"7":9,"8":9,"9":9,"10":9,"11":8,"12":9,"13":22,"14":6,"15":0,"16":6,"17":6,"18":6,"19":6,"20":3,"21":6,"22":2,"23":1,"24":5,"25":6,"26":1,"27":1,"28":22,"29":1},"f":{"0":22,"1":6,"2":1},"b":{"0":[9,1],"1":[9,1],"2":[8,1],"3":[22,21,21,21],"4":[0,6],"5":[3,2],"6":[2,4],"7":[6,1],"8":[5,4,1],"9":[22,9],"10":[22,9],"11":[22,9],"12":[1,21],"13":[1,21],"14":[5,17],"15":[6,16]},"meta":{"lastBranch":16,"lastFunction":3,"lastStatement":30,"seen":{"s:9:6:9:Infinity":0,"s:10:6:10:Infinity":1,"s:11:6:11:Infinity":2,"s:12:6:12:Infinity":3,"s:13:6:13:Infinity":4,"s:14:20:14:Infinity":5,"s:18:14:18:Infinity":6,"s:19:0:19:Infinity":7,"b:19:17:19:50:19:50:19:Infinity":0,"s:20:0:20:Infinity":8,"b:20:19:20:55:20:55:20:Infinity":1,"s:21:20:21:Infinity":9,"b:22:0:22:Infinity:undefined:undefined:undefined:undefined":2,"s:22:0:22:Infinity":10,"s:22:21:22:Infinity":11,"s:24:6:26:Infinity":12,"f:25:4:25:10":0,"s:25:10:25:Infinity":13,"b:25:10:25:32:25:32:25:56:25:56:25:76:25:76:25:Infinity":3,"f:28:15:28:30":1,"b:29:4:29:Infinity:undefined:undefined:undefined:undefined":4,"s:29:4:29:Infinity":14,"s:29:26:29:Infinity":15,"s:30:4:30:Infinity":16,"s:31:4:31:Infinity":17,"s:32:4:56:Infinity":18,"s:34:18:41:Infinity":19,"s:43:22:43:Infinity":20,"b:43:29:43:46:43:46:43:53":5,"b:44:6:46:Infinity:undefined:undefined:undefined:undefined":6,"s:44:6:46:Infinity":21,"b:44:10:44:39:44:39:44:53":7,"s:45:8:45:Infinity":22,"s:48:6:51:Infinity":23,"s:53:8:53:Infinity":24,"b:53:25:53:45:53:45:53:59:53:59:53:Infinity":8,"s:55:8:55:Infinity":25,"s:61:7:61:Infinity":26,"s:65:11:65:Infinity":27,"s:61:2:83:Infinity":28,"b:86:8:86:Infinity:86:8:62:28":9,"b:75:12:75:Infinity:75:12:66:40":10,"b:68:13:68:Infinity:68:13:69:33":11,"f:68:13:68:Infinity":2,"s:69:26:69:33":29,"b:77:23:77:53:77:49:77:53":12,"b:78:25:78:55:78:51:78:55":13,"b:80:15:80:70:80:63:80:70":14,"b:83:18:83:Infinity:83:18:83:Infinity":15}}}
,"D:\\cruise_sale_system\\frontend\\web\\app\\pages\\booking\\index.vue": {"path":"D:\\cruise_sale_system\\frontend\\web\\app\\pages\\booking\\index.vue","statementMap":{"0":{"start":{"line":9,"column":6},"end":{"line":9,"column":null}},"1":{"start":{"line":10,"column":6},"end":{"line":10,"column":null}},"2":{"start":{"line":11,"column":6},"end":{"line":11,"column":null}},"3":{"start":{"line":12,"column":6},"end":{"line":12,"column":null}},"4":{"start":{"line":13,"column":6},"end":{"line":13,"column":null}},"5":{"start":{"line":16,"column":15},"end":{"line":16,"column":null}},"6":{"start":{"line":17,"column":20},"end":{"line":17,"column":null}},"7":{"start":{"line":19,"column":6},"end":{"line":21,"column":null}},"8":{"start":{"line":20,"column":10},"end":{"line":20,"column":null}},"9":{"start":{"line":24,"column":4},"end":{"line":24,"column":null}},"10":{"start":{"line":24,"column":24},"end":{"line":24,"column":null}},"11":{"start":{"line":25,"column":4},"end":{"line":25,"column":null}},"12":{"start":{"line":26,"column":4},"end":{"line":26,"column":null}},"13":{"start":{"line":27,"column":4},"end":{"line":59,"column":null}},"14":{"start":{"line":29,"column":22},"end":{"line":29,"column":null}},"15":{"start":{"line":30,"column":19},"end":{"line":30,"column":null}},"16":{"start":{"line":31,"column":4},"end":{"line":33,"column":null}},"17":{"start":{"line":32,"column":6},"end":{"line":32,"column":null}},"18":{"start":{"line":34,"column":4},"end":{"line":36,"column":null}},"19":{"start":{"line":35,"column":6},"end":{"line":35,"column":null}},"20":{"start":{"line":38,"column":21},"end":{"line":38,"column":null}},"21":{"start":{"line":39,"column":18},"end":{"line":39,"column":null}},"22":{"start":{"line":40,"column":4},"end":{"line":42,"column":null}},"23":{"start":{"line":41,"column":6},"end":{"line":41,"column":null}},"24":{"start":{"line":43,"column":4},"end":{"line":45,"column":null}},"25":{"start":{"line":44,"column":6},"end":{"line":44,"column":null}},"26":{"start":{"line":47,"column":8},"end":{"line":54,"column":null}},"27":{"start":{"line":56,"column":8},"end":{"line":56,"column":null}},"28":{"start":{"line":58,"column":8},"end":{"line":58,"column":null}},"29":{"start":{"line":64,"column":7},"end":{"line":64,"column":null}},"30":{"start":{"line":68,"column":11},"end":{"line":68,"column":null}},"31":{"start":{"line":80,"column":11},"end":{"line":80,"column":null}},"32":{"start":{"line":92,"column":11},"end":{"line":92,"column":null}},"33":{"start":{"line":64,"column":2},"end":{"line":107,"column":null}},"34":{"start":{"line":72,"column":19},"end":{"line":72,"column":null}},"35":{"start":{"line":84,"column":19},"end":{"line":84,"column":null}},"36":{"start":{"line":96,"column":26},"end":{"line":96,"column":33}}},"fnMap":{"0":{"name":"(anonymous_0)","decl":{"start":{"line":20,"column":4},"end":{"line":20,"column":10}},"loc":{"start":{"line":20,"column":10},"end":{"line":20,"column":null}},"line":20},"1":{"name":"handleNext","decl":{"start":{"line":23,"column":15},"end":{"line":23,"column":28}},"loc":{"start":{"line":23,"column":28},"end":{"line":60,"column":null}},"line":23},"2":{"name":"(anonymous_2)","decl":{"start":{"line":71,"column":13},"end":{"line":71,"column":null}},"loc":{"start":{"line":72,"column":19},"end":{"line":72,"column":null}},"line":72},"3":{"name":"(anonymous_3)","decl":{"start":{"line":83,"column":13},"end":{"line":83,"column":null}},"loc":{"start":{"line":84,"column":19},"end":{"line":84,"column":null}},"line":84},"4":{"name":"(anonymous_4)","decl":{"start":{"line":95,"column":13},"end":{"line":95,"column":null}},"loc":{"start":{"line":96,"column":26},"end":{"line":96,"column":33}},"line":96}},"branchMap":{"0":{"loc":{"start":{"line":20,"column":10},"end":{"line":20,"column":null}},"type":"binary-expr","locations":[{"start":{"line":20,"column":10},"end":{"line":20,"column":35}},{"start":{"line":20,"column":35},"end":{"line":20,"column":62}},{"start":{"line":20,"column":62},"end":{"line":20,"column":82}},{"start":{"line":20,"column":82},"end":{"line":20,"column":null}}],"line":20},"1":{"loc":{"start":{"line":24,"column":4},"end":{"line":24,"column":null}},"type":"if","locations":[{"start":{"line":24,"column":4},"end":{"line":24,"column":null}},{"start":{},"end":{}}],"line":24},"2":{"loc":{"start":{"line":30,"column":19},"end":{"line":30,"column":null}},"type":"binary-expr","locations":[{"start":{"line":30,"column":19},"end":{"line":30,"column":38}},{"start":{"line":30,"column":38},"end":{"line":30,"column":null}}],"line":30},"3":{"loc":{"start":{"line":31,"column":4},"end":{"line":33,"column":null}},"type":"if","locations":[{"start":{"line":31,"column":4},"end":{"line":33,"column":null}},{"start":{},"end":{}}],"line":31},"4":{"loc":{"start":{"line":34,"column":4},"end":{"line":36,"column":null}},"type":"if","locations":[{"start":{"line":34,"column":4},"end":{"line":36,"column":null}},{"start":{},"end":{}}],"line":34},"5":{"loc":{"start":{"line":34,"column":8},"end":{"line":34,"column":90}},"type":"binary-expr","locations":[{"start":{"line":34,"column":8},"end":{"line":34,"column":34}},{"start":{"line":34,"column":34},"end":{"line":34,"column":90}}],"line":34},"6":{"loc":{"start":{"line":39,"column":18},"end":{"line":39,"column":null}},"type":"binary-expr","locations":[{"start":{"line":39,"column":18},"end":{"line":39,"column":36}},{"start":{"line":39,"column":36},"end":{"line":39,"column":null}}],"line":39},"7":{"loc":{"start":{"line":40,"column":4},"end":{"line":42,"column":null}},"type":"if","locations":[{"start":{"line":40,"column":4},"end":{"line":42,"column":null}},{"start":{},"end":{}}],"line":40},"8":{"loc":{"start":{"line":43,"column":4},"end":{"line":45,"column":null}},"type":"if","locations":[{"start":{"line":43,"column":4},"end":{"line":45,"column":null}},{"start":{},"end":{}}],"line":43},"9":{"loc":{"start":{"line":43,"column":8},"end":{"line":43,"column":70}},"type":"binary-expr","locations":[{"start":{"line":43,"column":8},"end":{"line":43,"column":48}},{"start":{"line":43,"column":48},"end":{"line":43,"column":70}}],"line":43},"10":{"loc":{"start":{"line":56,"column":25},"end":{"line":56,"column":null}},"type":"binary-expr","locations":[{"start":{"line":56,"column":25},"end":{"line":56,"column":39}},{"start":{"line":56,"column":39},"end":{"line":56,"column":null}}],"line":56},"11":{"loc":{"start":{"line":110,"column":8},"end":{"line":65,"column":27}},"type":"binary-expr","locations":[{"start":{"line":110,"column":8},"end":{"line":110,"column":null}},{"start":{"line":110,"column":8},"end":{"line":65,"column":27}}],"line":110},"12":{"loc":{"start":{"line":78,"column":12},"end":{"line":69,"column":44}},"type":"binary-expr","locations":[{"start":{"line":78,"column":12},"end":{"line":78,"column":null}},{"start":{"line":78,"column":12},"end":{"line":69,"column":44}}],"line":78},"13":{"loc":{"start":{"line":71,"column":13},"end":{"line":72,"column":null}},"type":"binary-expr","locations":[{"start":{"line":71,"column":13},"end":{"line":71,"column":null}},{"start":{"line":71,"column":13},"end":{"line":72,"column":null}}],"line":71},"14":{"loc":{"start":{"line":90,"column":12},"end":{"line":81,"column":51}},"type":"binary-expr","locations":[{"start":{"line":90,"column":12},"end":{"line":90,"column":null}},{"start":{"line":90,"column":12},"end":{"line":81,"column":51}}],"line":90},"15":{"loc":{"start":{"line":83,"column":13},"end":{"line":84,"column":null}},"type":"binary-expr","locations":[{"start":{"line":83,"column":13},"end":{"line":83,"column":null}},{"start":{"line":83,"column":13},"end":{"line":84,"column":null}}],"line":83},"16":{"loc":{"start":{"line":102,"column":12},"end":{"line":93,"column":40}},"type":"binary-expr","locations":[{"start":{"line":102,"column":12},"end":{"line":102,"column":null}},{"start":{"line":102,"column":12},"end":{"line":93,"column":40}}],"line":102},"17":{"loc":{"start":{"line":95,"column":13},"end":{"line":96,"column":33}},"type":"binary-expr","locations":[{"start":{"line":95,"column":13},"end":{"line":95,"column":null}},{"start":{"line":95,"column":13},"end":{"line":96,"column":33}}],"line":95},"18":{"loc":{"start":{"line":104,"column":15},"end":{"line":104,"column":70}},"type":"cond-expr","locations":[{"start":{"line":104,"column":15},"end":{"line":104,"column":70}},{"start":{"line":104,"column":63},"end":{"line":104,"column":70}}],"line":104},"19":{"loc":{"start":{"line":107,"column":11},"end":{"line":107,"column":null}},"type":"cond-expr","locations":[{"start":{"line":107,"column":18},"end":{"line":107,"column":null}},{"start":{"line":107,"column":18},"end":{"line":107,"column":null}}],"line":107}},"s":{"0":5,"1":5,"2":5,"3":5,"4":5,"5":5,"6":5,"7":5,"8":15,"9":3,"10":1,"11":2,"12":2,"13":2,"14":2,"15":2,"16":3,"17":0,"18":2,"19":0,"20":2,"21":2,"22":3,"23":0,"24":2,"25":0,"26":2,"27":1,"28":2,"29":1,"30":1,"31":1,"32":1,"33":15,"34":2,"35":2,"36":2},"f":{"0":15,"1":3,"2":2,"3":2,"4":2},"b":{"0":[15,10,8,8],"1":[1,2],"2":[2,2],"3":[0,3],"4":[0,2],"5":[2,2],"6":[2,2],"7":[0,3],"8":[0,2],"9":[2,2],"10":[1,0],"11":[15,5],"12":[15,5],"13":[15,5],"14":[15,5],"15":[15,5],"16":[15,5],"17":[15,5],"18":[1,14],"19":[2,13]},"meta":{"lastBranch":20,"lastFunction":5,"lastStatement":37,"seen":{"s:9:6:9:Infinity":0,"s:10:6:10:Infinity":1,"s:11:6:11:Infinity":2,"s:12:6:12:Infinity":3,"s:13:6:13:Infinity":4,"s:16:15:16:Infinity":5,"s:17:20:17:Infinity":6,"s:19:6:21:Infinity":7,"f:20:4:20:10":0,"s:20:10:20:Infinity":8,"b:20:10:20:35:20:35:20:62:20:62:20:82:20:82:20:Infinity":0,"f:23:15:23:28":1,"b:24:4:24:Infinity:undefined:undefined:undefined:undefined":1,"s:24:4:24:Infinity":9,"s:24:24:24:Infinity":10,"s:25:4:25:Infinity":11,"s:26:4:26:Infinity":12,"s:27:4:59:Infinity":13,"s:29:22:29:Infinity":14,"s:30:19:30:Infinity":15,"b:30:19:30:38:30:38:30:Infinity":2,"b:31:4:33:Infinity:undefined:undefined:undefined:undefined":3,"s:31:4:33:Infinity":16,"s:32:6:32:Infinity":17,"b:34:4:36:Infinity:undefined:undefined:undefined:undefined":4,"s:34:4:36:Infinity":18,"b:34:8:34:34:34:34:34:90":5,"s:35:6:35:Infinity":19,"s:38:21:38:Infinity":20,"s:39:18:39:Infinity":21,"b:39:18:39:36:39:36:39:Infinity":6,"b:40:4:42:Infinity:undefined:undefined:undefined:undefined":7,"s:40:4:42:Infinity":22,"s:41:6:41:Infinity":23,"b:43:4:45:Infinity:undefined:undefined:undefined:undefined":8,"s:43:4:45:Infinity":24,"b:43:8:43:48:43:48:43:70":9,"s:44:6:44:Infinity":25,"s:47:8:54:Infinity":26,"s:56:8:56:Infinity":27,"b:56:25:56:39:56:39:56:Infinity":10,"s:58:8:58:Infinity":28,"s:64:7:64:Infinity":29,"s:68:11:68:Infinity":30,"s:80:11:80:Infinity":31,"s:92:11:92:Infinity":32,"s:64:2:107:Infinity":33,"b:110:8:110:Infinity:110:8:65:27":11,"b:78:12:78:Infinity:78:12:69:44":12,"b:71:13:71:Infinity:71:13:72:Infinity":13,"f:71:13:71:Infinity":2,"s:72:19:72:Infinity":34,"b:90:12:90:Infinity:90:12:81:51":14,"b:83:13:83:Infinity:83:13:84:Infinity":15,"f:83:13:83:Infinity":3,"s:84:19:84:Infinity":35,"b:102:12:102:Infinity:102:12:93:40":16,"b:95:13:95:Infinity:95:13:96:33":17,"f:95:13:95:Infinity":4,"s:96:26:96:33":36,"b:104:15:104:70:104:63:104:70":18,"b:107:18:107:Infinity:107:18:107:Infinity":19}}}
,"D:\\cruise_sale_system\\frontend\\web\\app\\pages\\booking\\success.vue": {"path":"D:\\cruise_sale_system\\frontend\\web\\app\\pages\\booking\\success.vue","statementMap":{"0":{"start":{"line":4,"column":14},"end":{"line":4,"column":null}},"1":{"start":{"line":5,"column":58},"end":{"line":5,"column":null}},"2":{"start":{"line":7,"column":6},"end":{"line":10,"column":null}},"3":{"start":{"line":8,"column":14},"end":{"line":8,"column":null}},"4":{"start":{"line":9,"column":2},"end":{"line":9,"column":null}},"5":{"start":{"line":13,"column":2},"end":{"line":13,"column":null}},"6":{"start":{"line":13,"column":22},"end":{"line":13,"column":null}},"7":{"start":{"line":14,"column":2},"end":{"line":14,"column":null}},"8":{"start":{"line":17,"column":0},"end":{"line":22,"column":null}},"9":{"start":{"line":18,"column":2},"end":{"line":18,"column":null}},"10":{"start":{"line":18,"column":22},"end":{"line":18,"column":null}},"11":{"start":{"line":19,"column":2},"end":{"line":21,"column":null}},"12":{"start":{"line":20,"column":4},"end":{"line":20,"column":null}},"13":{"start":{"line":24,"column":0},"end":{"line":28,"column":null}},"14":{"start":{"line":25,"column":2},"end":{"line":27,"column":null}},"15":{"start":{"line":26,"column":4},"end":{"line":26,"column":null}},"16":{"start":{"line":32,"column":7},"end":{"line":32,"column":null}},"17":{"start":{"line":32,"column":2},"end":{"line":37,"column":81}}},"fnMap":{"0":{"name":"(anonymous_0)","decl":{"start":{"line":7,"column":25},"end":{"line":7,"column":31}},"loc":{"start":{"line":7,"column":31},"end":{"line":10,"column":1}},"line":7},"1":{"name":"goToOrder","decl":{"start":{"line":12,"column":9},"end":{"line":12,"column":21}},"loc":{"start":{"line":12,"column":21},"end":{"line":15,"column":null}},"line":12},"2":{"name":"(anonymous_2)","decl":{"start":{"line":17,"column":10},"end":{"line":17,"column":16}},"loc":{"start":{"line":17,"column":16},"end":{"line":22,"column":1}},"line":17},"3":{"name":"(anonymous_3)","decl":{"start":{"line":19,"column":29},"end":{"line":19,"column":35}},"loc":{"start":{"line":19,"column":35},"end":{"line":21,"column":5}},"line":19},"4":{"name":"(anonymous_4)","decl":{"start":{"line":24,"column":16},"end":{"line":24,"column":22}},"loc":{"start":{"line":24,"column":22},"end":{"line":28,"column":1}},"line":24}},"branchMap":{"0":{"loc":{"start":{"line":9,"column":9},"end":{"line":9,"column":null}},"type":"cond-expr","locations":[{"start":{"line":9,"column":43},"end":{"line":9,"column":69}},{"start":{"line":9,"column":69},"end":{"line":9,"column":null}}],"line":9},"1":{"loc":{"start":{"line":9,"column":9},"end":{"line":9,"column":43}},"type":"binary-expr","locations":[{"start":{"line":9,"column":9},"end":{"line":9,"column":33}},{"start":{"line":9,"column":33},"end":{"line":9,"column":43}}],"line":9},"2":{"loc":{"start":{"line":13,"column":2},"end":{"line":13,"column":null}},"type":"if","locations":[{"start":{"line":13,"column":2},"end":{"line":13,"column":null}},{"start":{},"end":{}}],"line":13},"3":{"loc":{"start":{"line":18,"column":2},"end":{"line":18,"column":null}},"type":"if","locations":[{"start":{"line":18,"column":2},"end":{"line":18,"column":null}},{"start":{},"end":{}}],"line":18},"4":{"loc":{"start":{"line":25,"column":2},"end":{"line":27,"column":null}},"type":"if","locations":[{"start":{"line":25,"column":2},"end":{"line":27,"column":null}},{"start":{},"end":{}}],"line":25},"5":{"loc":{"start":{"line":38,"column":8},"end":{"line":33,"column":17}},"type":"binary-expr","locations":[{"start":{"line":38,"column":8},"end":{"line":38,"column":null}},{"start":{"line":38,"column":8},"end":{"line":33,"column":17}}],"line":38},"6":{"loc":{"start":{"line":33,"column":12},"end":{"line":34,"column":35}},"type":"binary-expr","locations":[{"start":{"line":33,"column":12},"end":{"line":33,"column":17}},{"start":{"line":33,"column":12},"end":{"line":34,"column":35}}],"line":33},"7":{"loc":{"start":{"line":35,"column":13},"end":{"line":36,"column":50}},"type":"cond-expr","locations":[{"start":{"line":35,"column":13},"end":{"line":35,"column":44}},{"start":{"line":35,"column":37},"end":{"line":36,"column":50}}],"line":35}},"s":{"0":4,"1":4,"2":4,"3":4,"4":4,"5":4,"6":0,"7":4,"8":4,"9":4,"10":1,"11":3,"12":3,"13":4,"14":0,"15":0,"16":1,"17":4},"f":{"0":4,"1":4,"2":4,"3":3,"4":0},"b":{"0":[3,1],"1":[4,3],"2":[0,4],"3":[1,3],"4":[0,0],"5":[4,4],"6":[4,4],"7":[3,1]},"meta":{"lastBranch":8,"lastFunction":5,"lastStatement":18,"seen":{"s:4:14:4:Infinity":0,"s:5:58:5:Infinity":1,"s:7:6:10:Infinity":2,"f:7:25:7:31":0,"s:8:14:8:Infinity":3,"s:9:2:9:Infinity":4,"b:9:43:9:69:9:69:9:Infinity":0,"b:9:9:9:33:9:33:9:43":1,"f:12:9:12:21":1,"b:13:2:13:Infinity:undefined:undefined:undefined:undefined":2,"s:13:2:13:Infinity":5,"s:13:22:13:Infinity":6,"s:14:2:14:Infinity":7,"s:17:0:22:Infinity":8,"f:17:10:17:16":2,"b:18:2:18:Infinity:undefined:undefined:undefined:undefined":3,"s:18:2:18:Infinity":9,"s:18:22:18:Infinity":10,"s:19:2:21:Infinity":11,"f:19:29:19:35":3,"s:20:4:20:Infinity":12,"s:24:0:28:Infinity":13,"f:24:16:24:22":4,"b:25:2:27:Infinity:undefined:undefined:undefined:undefined":4,"s:25:2:27:Infinity":14,"s:26:4:26:Infinity":15,"s:32:7:32:Infinity":16,"s:32:2:37:81":17,"b:38:8:38:Infinity:38:8:33:17":5,"b:33:12:33:17:33:12:34:35":6,"b:35:13:35:44:35:37:36:50":7}}}
,"D:\\cruise_sale_system\\frontend\\web\\app\\pages\\cabins\\[id].vue": {"path":"D:\\cruise_sale_system\\frontend\\web\\app\\pages\\cabins\\[id].vue","statementMap":{"0":{"start":{"line":75,"column":14},"end":{"line":75,"column":null}},"1":{"start":{"line":76,"column":20},"end":{"line":76,"column":null}},"2":{"start":{"line":77,"column":11},"end":{"line":77,"column":null}},"3":{"start":{"line":79,"column":6},"end":{"line":79,"column":null}},"4":{"start":{"line":80,"column":6},"end":{"line":80,"column":null}},"5":{"start":{"line":81,"column":6},"end":{"line":81,"column":null}},"6":{"start":{"line":82,"column":6},"end":{"line":82,"column":null}},"7":{"start":{"line":83,"column":6},"end":{"line":83,"column":null}},"8":{"start":{"line":84,"column":6},"end":{"line":84,"column":null}},"9":{"start":{"line":86,"column":19},"end":{"line":92,"column":null}},"10":{"start":{"line":94,"column":6},"end":{"line":102,"column":null}},"11":{"start":{"line":95,"column":17},"end":{"line":95,"column":null}},"12":{"start":{"line":96,"column":2},"end":{"line":96,"column":null}},"13":{"start":{"line":96,"column":25},"end":{"line":96,"column":null}},"14":{"start":{"line":96,"column":58},"end":{"line":96,"column":74}},"15":{"start":{"line":97,"column":2},"end":{"line":101,"column":null}},"16":{"start":{"line":104,"column":6},"end":{"line":108,"column":null}},"17":{"start":{"line":105,"column":2},"end":{"line":105,"column":null}},"18":{"start":{"line":105,"column":24},"end":{"line":105,"column":null}},"19":{"start":{"line":106,"column":2},"end":{"line":106,"column":null}},"20":{"start":{"line":106,"column":47},"end":{"line":106,"column":null}},"21":{"start":{"line":107,"column":2},"end":{"line":107,"column":null}},"22":{"start":{"line":110,"column":6},"end":{"line":114,"column":null}},"23":{"start":{"line":111,"column":16},"end":{"line":111,"column":null}},"24":{"start":{"line":112,"column":2},"end":{"line":112,"column":null}},"25":{"start":{"line":112,"column":18},"end":{"line":112,"column":null}},"26":{"start":{"line":113,"column":2},"end":{"line":113,"column":null}},"27":{"start":{"line":116,"column":6},"end":{"line":120,"column":null}},"28":{"start":{"line":117,"column":2},"end":{"line":117,"column":null}},"29":{"start":{"line":117,"column":35},"end":{"line":117,"column":null}},"30":{"start":{"line":118,"column":2},"end":{"line":118,"column":null}},"31":{"start":{"line":118,"column":36},"end":{"line":118,"column":null}},"32":{"start":{"line":119,"column":2},"end":{"line":119,"column":null}},"33":{"start":{"line":122,"column":6},"end":{"line":126,"column":null}},"34":{"start":{"line":123,"column":2},"end":{"line":123,"column":null}},"35":{"start":{"line":123,"column":35},"end":{"line":123,"column":null}},"36":{"start":{"line":124,"column":2},"end":{"line":124,"column":null}},"37":{"start":{"line":124,"column":36},"end":{"line":124,"column":null}},"38":{"start":{"line":125,"column":2},"end":{"line":125,"column":null}},"39":{"start":{"line":128,"column":6},"end":{"line":132,"column":null}},"40":{"start":{"line":129,"column":2},"end":{"line":129,"column":null}},"41":{"start":{"line":129,"column":35},"end":{"line":129,"column":null}},"42":{"start":{"line":130,"column":2},"end":{"line":130,"column":null}},"43":{"start":{"line":130,"column":35},"end":{"line":130,"column":null}},"44":{"start":{"line":131,"column":2},"end":{"line":131,"column":null}},"45":{"start":{"line":134,"column":6},"end":{"line":147,"column":null}},"46":{"start":{"line":135,"column":15},"end":{"line":135,"column":null}},"47":{"start":{"line":136,"column":12},"end":{"line":136,"column":null}},"48":{"start":{"line":137,"column":12},"end":{"line":137,"column":null}},"49":{"start":{"line":138,"column":14},"end":{"line":138,"column":null}},"50":{"start":{"line":139,"column":25},"end":{"line":139,"column":null}},"51":{"start":{"line":140,"column":2},"end":{"line":144,"column":null}},"52":{"start":{"line":140,"column":15},"end":{"line":140,"column":18}},"53":{"start":{"line":141,"column":15},"end":{"line":141,"column":null}},"54":{"start":{"line":142,"column":15},"end":{"line":142,"column":null}},"55":{"start":{"line":143,"column":4},"end":{"line":143,"column":null}},"56":{"start":{"line":145,"column":2},"end":{"line":145,"column":null}},"57":{"start":{"line":145,"column":46},"end":{"line":145,"column":null}},"58":{"start":{"line":146,"column":2},"end":{"line":146,"column":null}},"59":{"start":{"line":150,"column":2},"end":{"line":150,"column":null}},"60":{"start":{"line":150,"column":31},"end":{"line":150,"column":null}},"61":{"start":{"line":151,"column":2},"end":{"line":151,"column":null}},"62":{"start":{"line":155,"column":14},"end":{"line":155,"column":null}},"63":{"start":{"line":155,"column":42},"end":{"line":155,"column":132}},"64":{"start":{"line":156,"column":2},"end":{"line":156,"column":null}},"65":{"start":{"line":160,"column":16},"end":{"line":160,"column":null}},"66":{"start":{"line":161,"column":2},"end":{"line":161,"column":null}},"67":{"start":{"line":165,"column":16},"end":{"line":165,"column":null}},"68":{"start":{"line":166,"column":2},"end":{"line":166,"column":null}},"69":{"start":{"line":166,"column":35},"end":{"line":166,"column":null}},"70":{"start":{"line":167,"column":2},"end":{"line":167,"column":null}},"71":{"start":{"line":167,"column":18},"end":{"line":167,"column":null}},"72":{"start":{"line":168,"column":2},"end":{"line":168,"column":null}},"73":{"start":{"line":171,"column":6},"end":{"line":174,"column":null}},"74":{"start":{"line":172,"column":16},"end":{"line":172,"column":null}},"75":{"start":{"line":173,"column":2},"end":{"line":173,"column":null}},"76":{"start":{"line":177,"column":2},"end":{"line":177,"column":null}},"77":{"start":{"line":181,"column":2},"end":{"line":181,"column":null}},"78":{"start":{"line":185,"column":46},"end":{"line":189,"column":null}},"79":{"start":{"line":191,"column":2},"end":{"line":191,"column":null}},"80":{"start":{"line":192,"column":23},"end":{"line":192,"column":null}},"81":{"start":{"line":193,"column":2},"end":{"line":193,"column":null}},"82":{"start":{"line":194,"column":2},"end":{"line":194,"column":null}},"83":{"start":{"line":197,"column":0},"end":{"line":197,"column":null}},"84":{"start":{"line":2,"column":7},"end":{"line":2,"column":null}},"85":{"start":{"line":3,"column":10},"end":{"line":3,"column":null}},"86":{"start":{"line":4,"column":11},"end":{"line":4,"column":null}},"87":{"start":{"line":5,"column":17},"end":{"line":5,"column":null}},"88":{"start":{"line":6,"column":15},"end":{"line":6,"column":null}},"89":{"start":{"line":10,"column":17},"end":{"line":10,"column":null}},"90":{"start":{"line":13,"column":18},"end":{"line":13,"column":110}},"91":{"start":{"line":17,"column":17},"end":{"line":17,"column":null}},"92":{"start":{"line":18,"column":14},"end":{"line":18,"column":91}},"93":{"start":{"line":19,"column":13},"end":{"line":19,"column":47}},"94":{"start":{"line":22,"column":18},"end":{"line":22,"column":82}},"95":{"start":{"line":23,"column":18},"end":{"line":23,"column":82}},"96":{"start":{"line":24,"column":18},"end":{"line":24,"column":82}},"97":{"start":{"line":25,"column":18},"end":{"line":25,"column":82}},"98":{"start":{"line":26,"column":18},"end":{"line":26,"column":82}},"99":{"start":{"line":31,"column":17},"end":{"line":31,"column":null}},"100":{"start":{"line":39,"column":15},"end":{"line":39,"column":null}},"101":{"start":{"line":41,"column":13},"end":{"line":41,"column":null}},"102":{"start":{"line":60,"column":9},"end":{"line":60,"column":null}},"103":{"start":{"line":61,"column":11},"end":{"line":61,"column":null}},"104":{"start":{"line":64,"column":13},"end":{"line":64,"column":83}},"105":{"start":{"line":2,"column":2},"end":{"line":66,"column":116}},"106":{"start":{"line":11,"column":14},"end":{"line":11,"column":149}},"107":{"start":{"line":42,"column":10},"end":{"line":42,"column":273}},"108":{"start":{"line":42,"column":220},"end":{"line":42,"column":251}},"109":{"start":{"line":45,"column":10},"end":{"line":54,"column":40}},"110":{"start":{"line":51,"column":20},"end":{"line":51,"column":null}}},"fnMap":{"0":{"name":"(anonymous_0)","decl":{"start":{"line":94,"column":25},"end":{"line":94,"column":31}},"loc":{"start":{"line":94,"column":31},"end":{"line":102,"column":1}},"line":94},"1":{"name":"(anonymous_1)","decl":{"start":{"line":96,"column":43},"end":{"line":96,"column":44}},"loc":{"start":{"line":96,"column":58},"end":{"line":96,"column":74}},"line":96},"2":{"name":"(anonymous_2)","decl":{"start":{"line":104,"column":27},"end":{"line":104,"column":33}},"loc":{"start":{"line":104,"column":33},"end":{"line":108,"column":1}},"line":104},"3":{"name":"(anonymous_3)","decl":{"start":{"line":110,"column":34},"end":{"line":110,"column":40}},"loc":{"start":{"line":110,"column":40},"end":{"line":114,"column":1}},"line":110},"4":{"name":"(anonymous_4)","decl":{"start":{"line":116,"column":35},"end":{"line":116,"column":41}},"loc":{"start":{"line":116,"column":41},"end":{"line":120,"column":1}},"line":116},"5":{"name":"(anonymous_5)","decl":{"start":{"line":122,"column":37},"end":{"line":122,"column":43}},"loc":{"start":{"line":122,"column":43},"end":{"line":126,"column":1}},"line":122},"6":{"name":"(anonymous_6)","decl":{"start":{"line":128,"column":32},"end":{"line":128,"column":38}},"loc":{"start":{"line":128,"column":38},"end":{"line":132,"column":1}},"line":128},"7":{"name":"(anonymous_7)","decl":{"start":{"line":134,"column":30},"end":{"line":134,"column":36}},"loc":{"start":{"line":134,"column":36},"end":{"line":147,"column":1}},"line":134},"8":{"name":"normalizeDate","decl":{"start":{"line":149,"column":9},"end":{"line":149,"column":23}},"loc":{"start":{"line":149,"column":37},"end":{"line":152,"column":null}},"line":149},"9":{"name":"priceForDate","decl":{"start":{"line":154,"column":9},"end":{"line":154,"column":22}},"loc":{"start":{"line":154,"column":36},"end":{"line":157,"column":null}},"line":154},"10":{"name":"(anonymous_10)","decl":{"start":{"line":155,"column":32},"end":{"line":155,"column":33}},"loc":{"start":{"line":155,"column":42},"end":{"line":155,"column":132}},"line":155},"11":{"name":"priceText","decl":{"start":{"line":159,"column":9},"end":{"line":159,"column":19}},"loc":{"start":{"line":159,"column":33},"end":{"line":162,"column":null}},"line":159},"12":{"name":"calendarCellClass","decl":{"start":{"line":164,"column":9},"end":{"line":164,"column":27}},"loc":{"start":{"line":164,"column":41},"end":{"line":169,"column":null}},"line":164},"13":{"name":"(anonymous_13)","decl":{"start":{"line":171,"column":38},"end":{"line":171,"column":44}},"loc":{"start":{"line":171,"column":44},"end":{"line":174,"column":1}},"line":171},"14":{"name":"prevSlide","decl":{"start":{"line":176,"column":9},"end":{"line":176,"column":21}},"loc":{"start":{"line":176,"column":21},"end":{"line":178,"column":null}},"line":176},"15":{"name":"nextSlide","decl":{"start":{"line":180,"column":9},"end":{"line":180,"column":21}},"loc":{"start":{"line":180,"column":21},"end":{"line":182,"column":null}},"line":180},"16":{"name":"loadData","decl":{"start":{"line":184,"column":15},"end":{"line":184,"column":26}},"loc":{"start":{"line":184,"column":26},"end":{"line":195,"column":null}},"line":184},"17":{"name":"(anonymous_17)","decl":{"start":{"line":11,"column":46},"end":{"line":11,"column":49}},"loc":{"start":{"line":11,"column":34},"end":{"line":11,"column":149}},"line":11},"18":{"name":"(anonymous_18)","decl":{"start":{"line":42,"column":43},"end":{"line":42,"column":46}},"loc":{"start":{"line":42,"column":29},"end":{"line":42,"column":273}},"line":42},"19":{"name":"(anonymous_19)","decl":{"start":{"line":42,"column":218},"end":{"line":42,"column":220}},"loc":{"start":{"line":42,"column":220},"end":{"line":42,"column":251}},"line":42},"20":{"name":"(anonymous_20)","decl":{"start":{"line":46,"column":39},"end":{"line":46,"column":null}},"loc":{"start":{"line":46,"column":23},"end":{"line":54,"column":40}},"line":46},"21":{"name":"(anonymous_21)","decl":{"start":{"line":51,"column":18},"end":{"line":51,"column":20}},"loc":{"start":{"line":51,"column":20},"end":{"line":51,"column":null}},"line":51}},"branchMap":{"0":{"loc":{"start":{"line":95,"column":17},"end":{"line":95,"column":null}},"type":"cond-expr","locations":[{"start":{"line":95,"column":70},"end":{"line":95,"column":92}},{"start":{"line":95,"column":92},"end":{"line":95,"column":null}}],"line":95},"1":{"loc":{"start":{"line":95,"column":17},"end":{"line":95,"column":70}},"type":"binary-expr","locations":[{"start":{"line":95,"column":17},"end":{"line":95,"column":33}},{"start":{"line":95,"column":33},"end":{"line":95,"column":70}}],"line":95},"2":{"loc":{"start":{"line":96,"column":2},"end":{"line":96,"column":null}},"type":"if","locations":[{"start":{"line":96,"column":2},"end":{"line":96,"column":null}},{"start":{},"end":{}}],"line":96},"3":{"loc":{"start":{"line":96,"column":58},"end":{"line":96,"column":74}},"type":"binary-expr","locations":[{"start":{"line":96,"column":58},"end":{"line":96,"column":70}},{"start":{"line":96,"column":70},"end":{"line":96,"column":74}}],"line":96},"4":{"loc":{"start":{"line":105,"column":2},"end":{"line":105,"column":null}},"type":"if","locations":[{"start":{"line":105,"column":2},"end":{"line":105,"column":null}},{"start":{},"end":{}}],"line":105},"5":{"loc":{"start":{"line":106,"column":2},"end":{"line":106,"column":null}},"type":"if","locations":[{"start":{"line":106,"column":2},"end":{"line":106,"column":null}},{"start":{},"end":{}}],"line":106},"6":{"loc":{"start":{"line":107,"column":16},"end":{"line":107,"column":42}},"type":"binary-expr","locations":[{"start":{"line":107,"column":16},"end":{"line":107,"column":41}},{"start":{"line":107,"column":41},"end":{"line":107,"column":42}}],"line":107},"7":{"loc":{"start":{"line":107,"column":53},"end":{"line":107,"column":80}},"type":"binary-expr","locations":[{"start":{"line":107,"column":53},"end":{"line":107,"column":79}},{"start":{"line":107,"column":79},"end":{"line":107,"column":80}}],"line":107},"8":{"loc":{"start":{"line":107,"column":91},"end":{"line":107,"column":116}},"type":"binary-expr","locations":[{"start":{"line":107,"column":91},"end":{"line":107,"column":115}},{"start":{"line":107,"column":115},"end":{"line":107,"column":116}}],"line":107},"9":{"loc":{"start":{"line":111,"column":23},"end":{"line":111,"column":50}},"type":"binary-expr","locations":[{"start":{"line":111,"column":23},"end":{"line":111,"column":49}},{"start":{"line":111,"column":49},"end":{"line":111,"column":50}}],"line":111},"10":{"loc":{"start":{"line":112,"column":2},"end":{"line":112,"column":null}},"type":"if","locations":[{"start":{"line":112,"column":2},"end":{"line":112,"column":null}},{"start":{},"end":{}}],"line":112},"11":{"loc":{"start":{"line":117,"column":2},"end":{"line":117,"column":null}},"type":"if","locations":[{"start":{"line":117,"column":2},"end":{"line":117,"column":null}},{"start":{},"end":{}}],"line":117},"12":{"loc":{"start":{"line":118,"column":2},"end":{"line":118,"column":null}},"type":"if","locations":[{"start":{"line":118,"column":2},"end":{"line":118,"column":null}},{"start":{},"end":{}}],"line":118},"13":{"loc":{"start":{"line":123,"column":2},"end":{"line":123,"column":null}},"type":"if","locations":[{"start":{"line":123,"column":2},"end":{"line":123,"column":null}},{"start":{},"end":{}}],"line":123},"14":{"loc":{"start":{"line":124,"column":2},"end":{"line":124,"column":null}},"type":"if","locations":[{"start":{"line":124,"column":2},"end":{"line":124,"column":null}},{"start":{},"end":{}}],"line":124},"15":{"loc":{"start":{"line":129,"column":2},"end":{"line":129,"column":null}},"type":"if","locations":[{"start":{"line":129,"column":2},"end":{"line":129,"column":null}},{"start":{},"end":{}}],"line":129},"16":{"loc":{"start":{"line":130,"column":2},"end":{"line":130,"column":null}},"type":"if","locations":[{"start":{"line":130,"column":2},"end":{"line":130,"column":null}},{"start":{},"end":{}}],"line":130},"17":{"loc":{"start":{"line":145,"column":2},"end":{"line":145,"column":null}},"type":"if","locations":[{"start":{"line":145,"column":2},"end":{"line":145,"column":null}},{"start":{},"end":{}}],"line":145},"18":{"loc":{"start":{"line":145,"column":6},"end":{"line":145,"column":46}},"type":"binary-expr","locations":[{"start":{"line":145,"column":6},"end":{"line":145,"column":29}},{"start":{"line":145,"column":29},"end":{"line":145,"column":46}}],"line":145},"19":{"loc":{"start":{"line":150,"column":2},"end":{"line":150,"column":null}},"type":"if","locations":[{"start":{"line":150,"column":2},"end":{"line":150,"column":null}},{"start":{},"end":{}}],"line":150},"20":{"loc":{"start":{"line":155,"column":42},"end":{"line":155,"column":132}},"type":"binary-expr","locations":[{"start":{"line":155,"column":42},"end":{"line":155,"column":80}},{"start":{"line":155,"column":71},"end":{"line":155,"column":132}}],"line":155},"21":{"loc":{"start":{"line":155,"column":80},"end":{"line":155,"column":111}},"type":"binary-expr","locations":[{"start":{"line":155,"column":80},"end":{"line":155,"column":99}},{"start":{"line":155,"column":99},"end":{"line":155,"column":111}}],"line":155},"22":{"loc":{"start":{"line":156,"column":9},"end":{"line":156,"column":null}},"type":"cond-expr","locations":[{"start":{"line":156,"column":15},"end":{"line":156,"column":46}},{"start":{"line":156,"column":46},"end":{"line":156,"column":null}}],"line":156},"23":{"loc":{"start":{"line":156,"column":22},"end":{"line":156,"column":42}},"type":"binary-expr","locations":[{"start":{"line":156,"column":22},"end":{"line":156,"column":41}},{"start":{"line":156,"column":41},"end":{"line":156,"column":42}}],"line":156},"24":{"loc":{"start":{"line":161,"column":9},"end":{"line":161,"column":null}},"type":"cond-expr","locations":[{"start":{"line":161,"column":21},"end":{"line":161,"column":52}},{"start":{"line":161,"column":52},"end":{"line":161,"column":null}}],"line":161},"25":{"loc":{"start":{"line":166,"column":2},"end":{"line":166,"column":null}},"type":"if","locations":[{"start":{"line":166,"column":2},"end":{"line":166,"column":null}},{"start":{},"end":{}}],"line":166},"26":{"loc":{"start":{"line":167,"column":2},"end":{"line":167,"column":null}},"type":"if","locations":[{"start":{"line":167,"column":2},"end":{"line":167,"column":null}},{"start":{},"end":{}}],"line":167},"27":{"loc":{"start":{"line":173,"column":9},"end":{"line":173,"column":null}},"type":"cond-expr","locations":[{"start":{"line":173,"column":21},"end":{"line":173,"column":47}},{"start":{"line":173,"column":47},"end":{"line":173,"column":null}}],"line":173},"28":{"loc":{"start":{"line":191,"column":17},"end":{"line":191,"column":null}},"type":"binary-expr","locations":[{"start":{"line":191,"column":17},"end":{"line":191,"column":36}},{"start":{"line":191,"column":36},"end":{"line":191,"column":49}},{"start":{"line":191,"column":49},"end":{"line":191,"column":null}}],"line":191},"29":{"loc":{"start":{"line":192,"column":23},"end":{"line":192,"column":null}},"type":"binary-expr","locations":[{"start":{"line":192,"column":23},"end":{"line":192,"column":41}},{"start":{"line":192,"column":41},"end":{"line":192,"column":53}},{"start":{"line":192,"column":53},"end":{"line":192,"column":null}}],"line":192},"30":{"loc":{"start":{"line":193,"column":17},"end":{"line":193,"column":null}},"type":"cond-expr","locations":[{"start":{"line":193,"column":47},"end":{"line":193,"column":62}},{"start":{"line":193,"column":62},"end":{"line":193,"column":null}}],"line":193},"31":{"loc":{"start":{"line":193,"column":62},"end":{"line":193,"column":null}},"type":"binary-expr","locations":[{"start":{"line":193,"column":62},"end":{"line":193,"column":84}},{"start":{"line":193,"column":84},"end":{"line":193,"column":null}}],"line":193},"32":{"loc":{"start":{"line":194,"column":20},"end":{"line":194,"column":null}},"type":"binary-expr","locations":[{"start":{"line":194,"column":20},"end":{"line":194,"column":42}},{"start":{"line":194,"column":42},"end":{"line":194,"column":58}},{"start":{"line":194,"column":58},"end":{"line":194,"column":null}}],"line":194},"33":{"loc":{"start":{"line":11,"column":96},"end":{"line":11,"column":149}},"type":"cond-expr","locations":[{"start":{"line":11,"column":116},"end":{"line":11,"column":149}},{"start":{"line":11,"column":116},"end":{"line":11,"column":149}}],"line":11},"34":{"loc":{"start":{"line":18,"column":91},"end":{"line":18,"column":121}},"type":"binary-expr","locations":[{"start":{"line":18,"column":91},"end":{"line":18,"column":103}},{"start":{"line":18,"column":103},"end":{"line":18,"column":121}}],"line":18},"35":{"loc":{"start":{"line":19,"column":47},"end":{"line":19,"column":69}},"type":"binary-expr","locations":[{"start":{"line":19,"column":47},"end":{"line":19,"column":59}},{"start":{"line":19,"column":59},"end":{"line":19,"column":69}}],"line":19},"36":{"loc":{"start":{"line":19,"column":77},"end":{"line":19,"column":99}},"type":"binary-expr","locations":[{"start":{"line":19,"column":77},"end":{"line":19,"column":89}},{"start":{"line":19,"column":89},"end":{"line":19,"column":99}}],"line":19},"37":{"loc":{"start":{"line":19,"column":109},"end":{"line":19,"column":137}},"type":"binary-expr","locations":[{"start":{"line":19,"column":109},"end":{"line":19,"column":127}},{"start":{"line":19,"column":127},"end":{"line":19,"column":137}}],"line":19},"38":{"loc":{"start":{"line":22,"column":89},"end":{"line":22,"column":122}},"type":"binary-expr","locations":[{"start":{"line":22,"column":89},"end":{"line":22,"column":105}},{"start":{"line":22,"column":105},"end":{"line":22,"column":122}}],"line":22},"39":{"loc":{"start":{"line":23,"column":89},"end":{"line":23,"column":122}},"type":"binary-expr","locations":[{"start":{"line":23,"column":89},"end":{"line":23,"column":105}},{"start":{"line":23,"column":105},"end":{"line":23,"column":122}}],"line":23},"40":{"loc":{"start":{"line":24,"column":89},"end":{"line":24,"column":125}},"type":"binary-expr","locations":[{"start":{"line":24,"column":89},"end":{"line":24,"column":108}},{"start":{"line":24,"column":108},"end":{"line":24,"column":125}}],"line":24},"41":{"loc":{"start":{"line":25,"column":89},"end":{"line":25,"column":129}},"type":"cond-expr","locations":[{"start":{"line":25,"column":107},"end":{"line":25,"column":129}},{"start":{"line":25,"column":107},"end":{"line":25,"column":129}}],"line":25},"42":{"loc":{"start":{"line":26,"column":89},"end":{"line":26,"column":130}},"type":"cond-expr","locations":[{"start":{"line":26,"column":108},"end":{"line":26,"column":130}},{"start":{"line":26,"column":108},"end":{"line":26,"column":130}}],"line":26},"43":{"loc":{"start":{"line":35,"column":16},"end":{"line":30,"column":59}},"type":"binary-expr","locations":[{"start":{"line":35,"column":16},"end":{"line":35,"column":null}},{"start":{"line":35,"column":16},"end":{"line":30,"column":59}}],"line":35},"44":{"loc":{"start":{"line":57,"column":16},"end":{"line":40,"column":71}},"type":"binary-expr","locations":[{"start":{"line":57,"column":16},"end":{"line":57,"column":null}},{"start":{"line":57,"column":16},"end":{"line":40,"column":71}}],"line":57},"45":{"loc":{"start":{"line":42,"column":122},"end":{"line":42,"column":213}},"type":"cond-expr","locations":[{"start":{"line":42,"column":150},"end":{"line":42,"column":213}},{"start":{"line":42,"column":150},"end":{"line":42,"column":213}}],"line":42},"46":{"loc":{"start":{"line":65,"column":14},"end":{"line":63,"column":54}},"type":"binary-expr","locations":[{"start":{"line":65,"column":14},"end":{"line":65,"column":null}},{"start":{"line":65,"column":14},"end":{"line":63,"column":54}}],"line":65},"47":{"loc":{"start":{"line":66,"column":8},"end":{"line":66,"column":116}},"type":"binary-expr","locations":[{"start":{"line":66,"column":8},"end":{"line":66,"column":16}},{"start":{"line":66,"column":8},"end":{"line":66,"column":116}}],"line":66}},"s":{"0":1,"1":1,"2":1,"3":1,"4":1,"5":1,"6":1,"7":1,"8":1,"9":1,"10":1,"11":2,"12":2,"13":0,"14":0,"15":2,"16":1,"17":2,"18":1,"19":1,"20":1,"21":0,"22":1,"23":2,"24":2,"25":1,"26":1,"27":1,"28":2,"29":1,"30":1,"31":0,"32":1,"33":1,"34":2,"35":1,"36":1,"37":0,"38":1,"39":1,"40":2,"41":1,"42":1,"43":0,"44":1,"45":1,"46":2,"47":2,"48":2,"49":2,"50":2,"51":2,"52":2,"53":56,"54":56,"55":56,"56":2,"57":1,"58":2,"59":57,"60":0,"61":57,"62":114,"63":57,"64":114,"65":56,"66":56,"67":56,"68":56,"69":2,"70":54,"71":54,"72":0,"73":1,"74":2,"75":2,"76":0,"77":0,"78":1,"79":1,"80":1,"81":1,"82":1,"83":1,"84":1,"85":1,"86":1,"87":1,"88":1,"89":1,"90":1,"91":1,"92":1,"93":1,"94":1,"95":1,"96":1,"97":1,"98":1,"99":1,"100":1,"101":1,"102":1,"103":1,"104":1,"105":2,"106":6,"107":10,"108":0,"109":56,"110":0},"f":{"0":2,"1":0,"2":2,"3":2,"4":2,"5":2,"6":2,"7":2,"8":57,"9":114,"10":57,"11":56,"12":56,"13":2,"14":0,"15":0,"16":1,"17":6,"18":10,"19":0,"20":56,"21":0},"b":{"0":[0,2],"1":[2,1],"2":[0,2],"3":[0,0],"4":[1,1],"5":[1,0],"6":[0,0],"7":[2,0],"8":[2,0],"9":[2,1],"10":[1,1],"11":[1,1],"12":[0,1],"13":[1,1],"14":[0,1],"15":[1,1],"16":[0,1],"17":[1,1],"18":[2,1],"19":[0,57],"20":[57,3],"21":[3,0],"22":[3,111],"23":[3,0],"24":[1,55],"25":[2,54],"26":[54,0],"27":[1,1],"28":[1,0,0],"29":[1,0,0],"30":[1,0],"31":[0,0],"32":[1,0,0],"33":[2,4],"34":[2,1],"35":[2,2],"36":[2,1],"37":[2,1],"38":[2,1],"39":[2,1],"40":[2,1],"41":[1,1],"42":[1,1],"43":[2,1],"44":[2,1],"45":[2,8],"46":[2,1],"47":[2,1]},"meta":{"lastBranch":48,"lastFunction":22,"lastStatement":111,"seen":{"s:75:14:75:Infinity":0,"s:76:20:76:Infinity":1,"s:77:11:77:Infinity":2,"s:79:6:79:Infinity":3,"s:80:6:80:Infinity":4,"s:81:6:81:Infinity":5,"s:82:6:82:Infinity":6,"s:83:6:83:Infinity":7,"s:84:6:84:Infinity":8,"s:86:19:92:Infinity":9,"s:94:6:102:Infinity":10,"f:94:25:94:31":0,"s:95:17:95:Infinity":11,"b:95:70:95:92:95:92:95:Infinity":0,"b:95:17:95:33:95:33:95:70":1,"b:96:2:96:Infinity:undefined:undefined:undefined:undefined":2,"s:96:2:96:Infinity":12,"s:96:25:96:Infinity":13,"f:96:43:96:44":1,"s:96:58:96:74":14,"b:96:58:96:70:96:70:96:74":3,"s:97:2:101:Infinity":15,"s:104:6:108:Infinity":16,"f:104:27:104:33":2,"b:105:2:105:Infinity:undefined:undefined:undefined:undefined":4,"s:105:2:105:Infinity":17,"s:105:24:105:Infinity":18,"b:106:2:106:Infinity:undefined:undefined:undefined:undefined":5,"s:106:2:106:Infinity":19,"s:106:47:106:Infinity":20,"s:107:2:107:Infinity":21,"b:107:16:107:41:107:41:107:42":6,"b:107:53:107:79:107:79:107:80":7,"b:107:91:107:115:107:115:107:116":8,"s:110:6:114:Infinity":22,"f:110:34:110:40":3,"s:111:16:111:Infinity":23,"b:111:23:111:49:111:49:111:50":9,"b:112:2:112:Infinity:undefined:undefined:undefined:undefined":10,"s:112:2:112:Infinity":24,"s:112:18:112:Infinity":25,"s:113:2:113:Infinity":26,"s:116:6:120:Infinity":27,"f:116:35:116:41":4,"b:117:2:117:Infinity:undefined:undefined:undefined:undefined":11,"s:117:2:117:Infinity":28,"s:117:35:117:Infinity":29,"b:118:2:118:Infinity:undefined:undefined:undefined:undefined":12,"s:118:2:118:Infinity":30,"s:118:36:118:Infinity":31,"s:119:2:119:Infinity":32,"s:122:6:126:Infinity":33,"f:122:37:122:43":5,"b:123:2:123:Infinity:undefined:undefined:undefined:undefined":13,"s:123:2:123:Infinity":34,"s:123:35:123:Infinity":35,"b:124:2:124:Infinity:undefined:undefined:undefined:undefined":14,"s:124:2:124:Infinity":36,"s:124:36:124:Infinity":37,"s:125:2:125:Infinity":38,"s:128:6:132:Infinity":39,"f:128:32:128:38":6,"b:129:2:129:Infinity:undefined:undefined:undefined:undefined":15,"s:129:2:129:Infinity":40,"s:129:35:129:Infinity":41,"b:130:2:130:Infinity:undefined:undefined:undefined:undefined":16,"s:130:2:130:Infinity":42,"s:130:35:130:Infinity":43,"s:131:2:131:Infinity":44,"s:134:6:147:Infinity":45,"f:134:30:134:36":7,"s:135:15:135:Infinity":46,"s:136:12:136:Infinity":47,"s:137:12:137:Infinity":48,"s:138:14:138:Infinity":49,"s:139:25:139:Infinity":50,"s:140:2:144:Infinity":51,"s:140:15:140:18":52,"s:141:15:141:Infinity":53,"s:142:15:142:Infinity":54,"s:143:4:143:Infinity":55,"b:145:2:145:Infinity:undefined:undefined:undefined:undefined":17,"s:145:2:145:Infinity":56,"b:145:6:145:29:145:29:145:46":18,"s:145:46:145:Infinity":57,"s:146:2:146:Infinity":58,"f:149:9:149:23":8,"b:150:2:150:Infinity:undefined:undefined:undefined:undefined":19,"s:150:2:150:Infinity":59,"s:150:31:150:Infinity":60,"s:151:2:151:Infinity":61,"f:154:9:154:22":9,"s:155:14:155:Infinity":62,"f:155:32:155:33":10,"s:155:42:155:132":63,"b:155:42:155:80:155:71:155:132":20,"b:155:80:155:99:155:99:155:111":21,"s:156:2:156:Infinity":64,"b:156:15:156:46:156:46:156:Infinity":22,"b:156:22:156:41:156:41:156:42":23,"f:159:9:159:19":11,"s:160:16:160:Infinity":65,"s:161:2:161:Infinity":66,"b:161:21:161:52:161:52:161:Infinity":24,"f:164:9:164:27":12,"s:165:16:165:Infinity":67,"b:166:2:166:Infinity:undefined:undefined:undefined:undefined":25,"s:166:2:166:Infinity":68,"s:166:35:166:Infinity":69,"b:167:2:167:Infinity:undefined:undefined:undefined:undefined":26,"s:167:2:167:Infinity":70,"s:167:18:167:Infinity":71,"s:168:2:168:Infinity":72,"s:171:6:174:Infinity":73,"f:171:38:171:44":13,"s:172:16:172:Infinity":74,"s:173:2:173:Infinity":75,"b:173:21:173:47:173:47:173:Infinity":27,"f:176:9:176:21":14,"s:177:2:177:Infinity":76,"f:180:9:180:21":15,"s:181:2:181:Infinity":77,"f:184:15:184:26":16,"s:185:46:189:Infinity":78,"s:191:2:191:Infinity":79,"b:191:17:191:36:191:36:191:49:191:49:191:Infinity":28,"s:192:23:192:Infinity":80,"b:192:23:192:41:192:41:192:53:192:53:192:Infinity":29,"s:193:2:193:Infinity":81,"b:193:47:193:62:193:62:193:Infinity":30,"b:193:62:193:84:193:84:193:Infinity":31,"s:194:2:194:Infinity":82,"b:194:20:194:42:194:42:194:58:194:58:194:Infinity":32,"s:197:0:197:Infinity":83,"s:2:7:2:Infinity":84,"s:3:10:3:Infinity":85,"s:4:11:4:Infinity":86,"s:5:17:5:Infinity":87,"s:6:15:6:Infinity":88,"s:10:17:10:Infinity":89,"s:13:18:13:110":90,"s:17:17:17:Infinity":91,"s:18:14:18:91":92,"s:19:13:19:47":93,"s:22:18:22:82":94,"s:23:18:23:82":95,"s:24:18:24:82":96,"s:25:18:25:82":97,"s:26:18:26:82":98,"s:31:17:31:Infinity":99,"s:39:15:39:Infinity":100,"s:41:13:41:Infinity":101,"s:60:9:60:Infinity":102,"s:61:11:61:Infinity":103,"s:64:13:64:83":104,"s:2:2:66:116":105,"f:11:46:11:49":17,"s:11:14:11:149":106,"b:11:116:11:149:11:116:11:149":33,"b:18:91:18:103:18:103:18:121":34,"b:19:47:19:59:19:59:19:69":35,"b:19:77:19:89:19:89:19:99":36,"b:19:109:19:127:19:127:19:137":37,"b:22:89:22:105:22:105:22:122":38,"b:23:89:23:105:23:105:23:122":39,"b:24:89:24:108:24:108:24:125":40,"b:25:107:25:129:25:107:25:129":41,"b:26:108:26:130:26:108:26:130":42,"b:35:16:35:Infinity:35:16:30:59":43,"b:57:16:57:Infinity:57:16:40:71":44,"f:42:43:42:46":18,"s:42:10:42:273":107,"b:42:150:42:213:42:150:42:213":45,"f:42:218:42:220":19,"s:42:220:42:251":108,"f:46:39:46:Infinity":20,"s:45:10:54:40":109,"f:51:18:51:20":21,"s:51:20:51:Infinity":110,"b:65:14:65:Infinity:65:14:63:54":46,"b:66:8:66:16:66:8:66:116":47}}}
,"D:\\cruise_sale_system\\frontend\\web\\app\\pages\\cruises\\[id].vue": {"path":"D:\\cruise_sale_system\\frontend\\web\\app\\pages\\cruises\\[id].vue","statementMap":{"0":{"start":{"line":82,"column":14},"end":{"line":82,"column":null}},"1":{"start":{"line":83,"column":20},"end":{"line":83,"column":null}},"2":{"start":{"line":84,"column":11},"end":{"line":84,"column":null}},"3":{"start":{"line":86,"column":6},"end":{"line":86,"column":null}},"4":{"start":{"line":87,"column":6},"end":{"line":87,"column":null}},"5":{"start":{"line":88,"column":6},"end":{"line":88,"column":null}},"6":{"start":{"line":89,"column":6},"end":{"line":89,"column":null}},"7":{"start":{"line":90,"column":6},"end":{"line":90,"column":null}},"8":{"start":{"line":91,"column":6},"end":{"line":91,"column":null}},"9":{"start":{"line":92,"column":6},"end":{"line":92,"column":null}},"10":{"start":{"line":93,"column":6},"end":{"line":93,"column":null}},"11":{"start":{"line":95,"column":6},"end":{"line":104,"column":null}},"12":{"start":{"line":96,"column":2},"end":{"line":96,"column":null}},"13":{"start":{"line":96,"column":21},"end":{"line":96,"column":null}},"14":{"start":{"line":97,"column":17},"end":{"line":97,"column":null}},"15":{"start":{"line":98,"column":2},"end":{"line":98,"column":null}},"16":{"start":{"line":98,"column":25},"end":{"line":98,"column":null}},"17":{"start":{"line":98,"column":57},"end":{"line":98,"column":71}},"18":{"start":{"line":99,"column":2},"end":{"line":103,"column":null}},"19":{"start":{"line":106,"column":6},"end":{"line":109,"column":null}},"20":{"start":{"line":107,"column":2},"end":{"line":107,"column":null}},"21":{"start":{"line":107,"column":34},"end":{"line":107,"column":null}},"22":{"start":{"line":108,"column":2},"end":{"line":108,"column":null}},"23":{"start":{"line":108,"column":43},"end":{"line":108,"column":92}},"24":{"start":{"line":112,"column":2},"end":{"line":112,"column":null}},"25":{"start":{"line":112,"column":31},"end":{"line":112,"column":null}},"26":{"start":{"line":113,"column":2},"end":{"line":113,"column":null}},"27":{"start":{"line":113,"column":38},"end":{"line":113,"column":49}},"28":{"start":{"line":117,"column":15},"end":{"line":117,"column":null}},"29":{"start":{"line":118,"column":2},"end":{"line":119,"column":null}},"30":{"start":{"line":118,"column":24},"end":{"line":118,"column":null}},"31":{"start":{"line":119,"column":7},"end":{"line":119,"column":null}},"32":{"start":{"line":120,"column":2},"end":{"line":120,"column":null}},"33":{"start":{"line":124,"column":2},"end":{"line":124,"column":null}},"34":{"start":{"line":128,"column":2},"end":{"line":128,"column":null}},"35":{"start":{"line":128,"column":34},"end":{"line":128,"column":null}},"36":{"start":{"line":129,"column":2},"end":{"line":129,"column":null}},"37":{"start":{"line":133,"column":2},"end":{"line":133,"column":null}},"38":{"start":{"line":133,"column":34},"end":{"line":133,"column":null}},"39":{"start":{"line":134,"column":2},"end":{"line":134,"column":null}},"40":{"start":{"line":138,"column":67},"end":{"line":144,"column":null}},"41":{"start":{"line":146,"column":2},"end":{"line":146,"column":null}},"42":{"start":{"line":147,"column":22},"end":{"line":147,"column":null}},"43":{"start":{"line":148,"column":2},"end":{"line":148,"column":null}},"44":{"start":{"line":149,"column":26},"end":{"line":149,"column":null}},"45":{"start":{"line":150,"column":2},"end":{"line":150,"column":null}},"46":{"start":{"line":151,"column":26},"end":{"line":151,"column":null}},"47":{"start":{"line":152,"column":2},"end":{"line":152,"column":null}},"48":{"start":{"line":153,"column":23},"end":{"line":153,"column":null}},"49":{"start":{"line":154,"column":17},"end":{"line":154,"column":null}},"50":{"start":{"line":155,"column":2},"end":{"line":159,"column":null}},"51":{"start":{"line":155,"column":79},"end":{"line":159,"column":4}},"52":{"start":{"line":162,"column":0},"end":{"line":162,"column":null}},"53":{"start":{"line":2,"column":7},"end":{"line":2,"column":null}},"54":{"start":{"line":3,"column":13},"end":{"line":3,"column":null}},"55":{"start":{"line":8,"column":11},"end":{"line":8,"column":null}},"56":{"start":{"line":13,"column":10},"end":{"line":13,"column":null}},"57":{"start":{"line":14,"column":15},"end":{"line":14,"column":null}},"58":{"start":{"line":15,"column":12},"end":{"line":15,"column":89}},"59":{"start":{"line":16,"column":13},"end":{"line":16,"column":null}},"60":{"start":{"line":27,"column":15},"end":{"line":27,"column":null}},"61":{"start":{"line":29,"column":13},"end":{"line":29,"column":null}},"62":{"start":{"line":33,"column":19},"end":{"line":33,"column":57}},"63":{"start":{"line":34,"column":19},"end":{"line":34,"column":53}},"64":{"start":{"line":36,"column":17},"end":{"line":36,"column":90}},"65":{"start":{"line":39,"column":17},"end":{"line":39,"column":33}},"66":{"start":{"line":40,"column":19},"end":{"line":40,"column":null}},"67":{"start":{"line":48,"column":15},"end":{"line":48,"column":null}},"68":{"start":{"line":50,"column":13},"end":{"line":50,"column":null}},"69":{"start":{"line":54,"column":13},"end":{"line":54,"column":null}},"70":{"start":{"line":56,"column":15},"end":{"line":56,"column":53}},"71":{"start":{"line":57,"column":15},"end":{"line":57,"column":54}},"72":{"start":{"line":63,"column":15},"end":{"line":63,"column":null}},"73":{"start":{"line":65,"column":13},"end":{"line":65,"column":null}},"74":{"start":{"line":68,"column":17},"end":{"line":68,"column":51}},"75":{"start":{"line":69,"column":17},"end":{"line":69,"column":55}},"76":{"start":{"line":71,"column":15},"end":{"line":71,"column":88}},"77":{"start":{"line":2,"column":2},"end":{"line":71,"column":117}},"78":{"start":{"line":9,"column":8},"end":{"line":9,"column":143}},"79":{"start":{"line":30,"column":10},"end":{"line":41,"column":149}},"80":{"start":{"line":31,"column":111},"end":{"line":31,"column":null}},"81":{"start":{"line":41,"column":16},"end":{"line":41,"column":149}},"82":{"start":{"line":51,"column":169},"end":{"line":51,"column":189}},"83":{"start":{"line":52,"column":10},"end":{"line":52,"column":286}},"84":{"start":{"line":52,"column":230},"end":{"line":52,"column":266}},"85":{"start":{"line":55,"column":10},"end":{"line":58,"column":212}},"86":{"start":{"line":66,"column":10},"end":{"line":71,"column":117}}},"fnMap":{"0":{"name":"(anonymous_0)","decl":{"start":{"line":95,"column":25},"end":{"line":95,"column":31}},"loc":{"start":{"line":95,"column":31},"end":{"line":104,"column":1}},"line":95},"1":{"name":"(anonymous_1)","decl":{"start":{"line":98,"column":43},"end":{"line":98,"column":44}},"loc":{"start":{"line":98,"column":57},"end":{"line":98,"column":71}},"line":98},"2":{"name":"(anonymous_2)","decl":{"start":{"line":106,"column":36},"end":{"line":106,"column":42}},"loc":{"start":{"line":106,"column":42},"end":{"line":109,"column":1}},"line":106},"3":{"name":"(anonymous_3)","decl":{"start":{"line":108,"column":33},"end":{"line":108,"column":34}},"loc":{"start":{"line":108,"column":43},"end":{"line":108,"column":92}},"line":108},"4":{"name":"splitCsv","decl":{"start":{"line":111,"column":9},"end":{"line":111,"column":18}},"loc":{"start":{"line":111,"column":32},"end":{"line":114,"column":null}},"line":111},"5":{"name":"(anonymous_5)","decl":{"start":{"line":113,"column":28},"end":{"line":113,"column":29}},"loc":{"start":{"line":113,"column":38},"end":{"line":113,"column":49}},"line":113},"6":{"name":"toggleType","decl":{"start":{"line":116,"column":9},"end":{"line":116,"column":20}},"loc":{"start":{"line":116,"column":36},"end":{"line":121,"column":null}},"line":116},"7":{"name":"priceFrom","decl":{"start":{"line":123,"column":9},"end":{"line":123,"column":19}},"loc":{"start":{"line":123,"column":46},"end":{"line":125,"column":null}},"line":123},"8":{"name":"prevSlide","decl":{"start":{"line":127,"column":9},"end":{"line":127,"column":21}},"loc":{"start":{"line":127,"column":21},"end":{"line":130,"column":null}},"line":127},"9":{"name":"nextSlide","decl":{"start":{"line":132,"column":9},"end":{"line":132,"column":21}},"loc":{"start":{"line":132,"column":21},"end":{"line":135,"column":null}},"line":132},"10":{"name":"loadAll","decl":{"start":{"line":137,"column":15},"end":{"line":137,"column":25}},"loc":{"start":{"line":137,"column":25},"end":{"line":160,"column":null}},"line":137},"11":{"name":"(anonymous_11)","decl":{"start":{"line":155,"column":47},"end":{"line":155,"column":48}},"loc":{"start":{"line":155,"column":79},"end":{"line":159,"column":4}},"line":155},"12":{"name":"(anonymous_12)","decl":{"start":{"line":9,"column":40},"end":{"line":9,"column":43}},"loc":{"start":{"line":9,"column":28},"end":{"line":9,"column":143}},"line":9},"13":{"name":"(anonymous_13)","decl":{"start":{"line":30,"column":44},"end":{"line":30,"column":47}},"loc":{"start":{"line":30,"column":30},"end":{"line":41,"column":149}},"line":30},"14":{"name":"(anonymous_14)","decl":{"start":{"line":31,"column":109},"end":{"line":31,"column":111}},"loc":{"start":{"line":31,"column":111},"end":{"line":31,"column":null}},"line":31},"15":{"name":"(anonymous_15)","decl":{"start":{"line":41,"column":59},"end":{"line":41,"column":69}},"loc":{"start":{"line":41,"column":32},"end":{"line":41,"column":149}},"line":41},"16":{"name":"(anonymous_16)","decl":{"start":{"line":51,"column":167},"end":{"line":51,"column":169}},"loc":{"start":{"line":51,"column":169},"end":{"line":51,"column":189}},"line":51},"17":{"name":"(anonymous_17)","decl":{"start":{"line":52,"column":50},"end":{"line":52,"column":53}},"loc":{"start":{"line":52,"column":28},"end":{"line":52,"column":286}},"line":52},"18":{"name":"(anonymous_18)","decl":{"start":{"line":52,"column":228},"end":{"line":52,"column":230}},"loc":{"start":{"line":52,"column":230},"end":{"line":52,"column":266}},"line":52},"19":{"name":"(anonymous_19)","decl":{"start":{"line":55,"column":51},"end":{"line":55,"column":54}},"loc":{"start":{"line":55,"column":29},"end":{"line":58,"column":212}},"line":55},"20":{"name":"(anonymous_20)","decl":{"start":{"line":66,"column":55},"end":{"line":66,"column":58}},"loc":{"start":{"line":66,"column":37},"end":{"line":71,"column":117}},"line":66}},"branchMap":{"0":{"loc":{"start":{"line":96,"column":2},"end":{"line":96,"column":null}},"type":"if","locations":[{"start":{"line":96,"column":2},"end":{"line":96,"column":null}},{"start":{},"end":{}}],"line":96},"1":{"loc":{"start":{"line":97,"column":17},"end":{"line":97,"column":null}},"type":"cond-expr","locations":[{"start":{"line":97,"column":54},"end":{"line":97,"column":76}},{"start":{"line":97,"column":76},"end":{"line":97,"column":null}}],"line":97},"2":{"loc":{"start":{"line":98,"column":2},"end":{"line":98,"column":null}},"type":"if","locations":[{"start":{"line":98,"column":2},"end":{"line":98,"column":null}},{"start":{},"end":{}}],"line":98},"3":{"loc":{"start":{"line":98,"column":57},"end":{"line":98,"column":71}},"type":"binary-expr","locations":[{"start":{"line":98,"column":57},"end":{"line":98,"column":68}},{"start":{"line":98,"column":68},"end":{"line":98,"column":71}}],"line":98},"4":{"loc":{"start":{"line":107,"column":2},"end":{"line":107,"column":null}},"type":"if","locations":[{"start":{"line":107,"column":2},"end":{"line":107,"column":null}},{"start":{},"end":{}}],"line":107},"5":{"loc":{"start":{"line":112,"column":2},"end":{"line":112,"column":null}},"type":"if","locations":[{"start":{"line":112,"column":2},"end":{"line":112,"column":null}},{"start":{},"end":{}}],"line":112},"6":{"loc":{"start":{"line":118,"column":2},"end":{"line":119,"column":null}},"type":"if","locations":[{"start":{"line":118,"column":2},"end":{"line":119,"column":null}},{"start":{"line":119,"column":7},"end":{"line":119,"column":null}}],"line":118},"7":{"loc":{"start":{"line":124,"column":9},"end":{"line":124,"column":null}},"type":"binary-expr","locations":[{"start":{"line":124,"column":9},"end":{"line":124,"column":84}},{"start":{"line":124,"column":84},"end":{"line":124,"column":null}}],"line":124},"8":{"loc":{"start":{"line":124,"column":27},"end":{"line":124,"column":72}},"type":"binary-expr","locations":[{"start":{"line":124,"column":27},"end":{"line":124,"column":51}},{"start":{"line":124,"column":51},"end":{"line":124,"column":71}},{"start":{"line":124,"column":71},"end":{"line":124,"column":72}}],"line":124},"9":{"loc":{"start":{"line":128,"column":2},"end":{"line":128,"column":null}},"type":"if","locations":[{"start":{"line":128,"column":2},"end":{"line":128,"column":null}},{"start":{},"end":{}}],"line":128},"10":{"loc":{"start":{"line":133,"column":2},"end":{"line":133,"column":null}},"type":"if","locations":[{"start":{"line":133,"column":2},"end":{"line":133,"column":null}},{"start":{},"end":{}}],"line":133},"11":{"loc":{"start":{"line":146,"column":17},"end":{"line":146,"column":null}},"type":"binary-expr","locations":[{"start":{"line":146,"column":17},"end":{"line":146,"column":36}},{"start":{"line":146,"column":36},"end":{"line":146,"column":49}},{"start":{"line":146,"column":49},"end":{"line":146,"column":null}}],"line":146},"12":{"loc":{"start":{"line":147,"column":22},"end":{"line":147,"column":null}},"type":"binary-expr","locations":[{"start":{"line":147,"column":22},"end":{"line":147,"column":39}},{"start":{"line":147,"column":39},"end":{"line":147,"column":50}},{"start":{"line":147,"column":50},"end":{"line":147,"column":null}}],"line":147},"13":{"loc":{"start":{"line":148,"column":21},"end":{"line":148,"column":null}},"type":"cond-expr","locations":[{"start":{"line":148,"column":50},"end":{"line":148,"column":64}},{"start":{"line":148,"column":64},"end":{"line":148,"column":null}}],"line":148},"14":{"loc":{"start":{"line":148,"column":64},"end":{"line":148,"column":null}},"type":"binary-expr","locations":[{"start":{"line":148,"column":64},"end":{"line":148,"column":85}},{"start":{"line":148,"column":85},"end":{"line":148,"column":null}}],"line":148},"15":{"loc":{"start":{"line":149,"column":26},"end":{"line":149,"column":null}},"type":"binary-expr","locations":[{"start":{"line":149,"column":26},"end":{"line":149,"column":47}},{"start":{"line":149,"column":47},"end":{"line":149,"column":62}},{"start":{"line":149,"column":62},"end":{"line":149,"column":null}}],"line":149},"16":{"loc":{"start":{"line":150,"column":21},"end":{"line":150,"column":null}},"type":"cond-expr","locations":[{"start":{"line":150,"column":54},"end":{"line":150,"column":72}},{"start":{"line":150,"column":72},"end":{"line":150,"column":null}}],"line":150},"17":{"loc":{"start":{"line":150,"column":72},"end":{"line":150,"column":null}},"type":"binary-expr","locations":[{"start":{"line":150,"column":72},"end":{"line":150,"column":97}},{"start":{"line":150,"column":97},"end":{"line":150,"column":null}}],"line":150},"18":{"loc":{"start":{"line":151,"column":26},"end":{"line":151,"column":null}},"type":"binary-expr","locations":[{"start":{"line":151,"column":26},"end":{"line":151,"column":47}},{"start":{"line":151,"column":47},"end":{"line":151,"column":62}},{"start":{"line":151,"column":62},"end":{"line":151,"column":null}}],"line":151},"19":{"loc":{"start":{"line":152,"column":29},"end":{"line":152,"column":null}},"type":"cond-expr","locations":[{"start":{"line":152,"column":62},"end":{"line":152,"column":80}},{"start":{"line":152,"column":80},"end":{"line":152,"column":null}}],"line":152},"20":{"loc":{"start":{"line":152,"column":80},"end":{"line":152,"column":null}},"type":"binary-expr","locations":[{"start":{"line":152,"column":80},"end":{"line":152,"column":105}},{"start":{"line":152,"column":105},"end":{"line":152,"column":null}}],"line":152},"21":{"loc":{"start":{"line":153,"column":23},"end":{"line":153,"column":null}},"type":"binary-expr","locations":[{"start":{"line":153,"column":23},"end":{"line":153,"column":41}},{"st
[...]
,"D:\\cruise_sale_system\\frontend\\web\\app\\pages\\search\\index.vue": {"path":"D:\\cruise_sale_system\\frontend\\web\\app\\pages\\search\\index.vue","statementMap":{"0":{"start":{"line":6,"column":16},"end":{"line":6,"column":null}},"1":{"start":{"line":10,"column":7},"end":{"line":10,"column":null}},"2":{"start":{"line":10,"column":2},"end":{"line":15,"column":61}},"3":{"start":{"line":15,"column":4},"end":{"line":15,"column":61}}},"fnMap":{"0":{"name":"(anonymous_0)","decl":{"start":{"line":15,"column":34},"end":{"line":15,"column":37}},"loc":{"start":{"line":15,"column":23},"end":{"line":15,"column":61}},"line":15}},"branchMap":{"0":{"loc":{"start":{"line":16,"column":8},"end":{"line":11,"column":19}},"type":"binary-expr","locations":[{"start":{"line":16,"column":8},"end":{"line":16,"column":null}},{"start":{"line":16,"column":8},"end":{"line":11,"column":19}}],"line":16},"1":{"loc":{"start":{"line":12,"column":4},"end":{"line":13,"column":21}},"type":"binary-expr","locations":[{"start":{"line":12,"column":4},"end":{"line":12,"column":null}},{"start":{"line":12,"column":4},"end":{"line":13,"column":21}}],"line":12}},"s":{"0":1,"1":1,"2":1,"3":1},"f":{"0":1},"b":{"0":[1,1],"1":[1,1]},"meta":{"lastBranch":2,"lastFunction":1,"lastStatement":4,"seen":{"s:6:16:6:Infinity":0,"s:10:7:10:Infinity":1,"s:10:2:15:61":2,"b:16:8:16:Infinity:16:8:11:19":0,"b:12:4:12:Infinity:12:4:13:21":1,"f:15:34:15:37":0,"s:15:4:15:61":3}}}
,"D:\\cruise_sale_system\\frontend\\web\\app\\stores\\cruise.ts": {"path":"D:\\cruise_sale_system\\frontend\\web\\app\\stores\\cruise.ts","statementMap":{"0":{"start":{"line":12,"column":13},"end":{"line":27,"column":null}},"1":{"start":{"line":13,"column":10},"end":{"line":13,"column":null}},"2":{"start":{"line":14,"column":10},"end":{"line":14,"column":null}},"3":{"start":{"line":18,"column":8},"end":{"line":18,"column":null}},"4":{"start":{"line":23,"column":8},"end":{"line":23,"column":null}},"5":{"start":{"line":26,"column":4},"end":{"line":26,"column":null}}},"fnMap":{"0":{"name":"(anonymous_0)","decl":{"start":{"line":12,"column":52},"end":{"line":12,"column":58}},"loc":{"start":{"line":12,"column":58},"end":{"line":27,"column":1}},"line":12},"1":{"name":"setList","decl":{"start":{"line":17,"column":13},"end":{"line":17,"column":21}},"loc":{"start":{"line":17,"column":37},"end":{"line":19,"column":null}},"line":17},"2":{"name":"setDetail","decl":{"start":{"line":22,"column":13},"end":{"line":22,"column":23}},"loc":{"start":{"line":22,"column":39},"end":{"line":24,"column":null}},"line":22}},"branchMap":{},"s":{"0":1,"1":1,"2":1,"3":1,"4":1,"5":1},"f":{"0":1,"1":1,"2":1},"b":{},"meta":{"lastBranch":0,"lastFunction":3,"lastStatement":6,"seen":{"s:12:13:27:Infinity":0,"f:12:52:12:58":0,"s:13:10:13:Infinity":1,"s:14:10:14:Infinity":2,"f:17:13:17:21":1,"s:18:8:18:Infinity":3,"f:22:13:22:23":2,"s:23:8:23:Infinity":4,"s:26:4:26:Infinity":5}}}
,"D:\\cruise_sale_system\\frontend\\web\\components\\LoginForm.vue": {"path":"D:\\cruise_sale_system\\frontend\\web\\components\\LoginForm.vue","statementMap":{"0":{"start":{"line":8,"column":6},"end":{"line":8,"column":null}},"1":{"start":{"line":9,"column":6},"end":{"line":9,"column":null}},"2":{"start":{"line":10,"column":6},"end":{"line":10,"column":null}},"3":{"start":{"line":11,"column":6},"end":{"line":11,"column":null}},"4":{"start":{"line":12,"column":6},"end":{"line":12,"column":null}},"5":{"start":{"line":13,"column":6},"end":{"line":13,"column":null}},"6":{"start":{"line":14,"column":6},"end":{"line":14,"column":null}},"7":{"start":{"line":17,"column":6},"end":{"line":17,"column":null}},"8":{"start":{"line":17,"column":36},"end":{"line":17,"column":69}},"9":{"start":{"line":18,"column":6},"end":{"line":18,"column":null}},"10":{"start":{"line":18,"column":35},"end":{"line":18,"column":96}},"11":{"start":{"line":19,"column":6},"end":{"line":19,"column":null}},"12":{"start":{"line":19,"column":33},"end":{"line":19,"column":96}},"13":{"start":{"line":21,"column":51},"end":{"line":21,"column":null}},"14":{"start":{"line":24,"column":2},"end":{"line":24,"column":null}},"15":{"start":{"line":24,"column":26},"end":{"line":24,"column":null}},"16":{"start":{"line":25,"column":2},"end":{"line":25,"column":null}},"17":{"start":{"line":26,"column":2},"end":{"line":26,"column":null}},"18":{"start":{"line":27,"column":2},"end":{"line":44,"column":null}},"19":{"start":{"line":28,"column":4},"end":{"line":31,"column":null}},"20":{"start":{"line":32,"column":4},"end":{"line":32,"column":null}},"21":{"start":{"line":33,"column":4},"end":{"line":39,"column":null}},"22":{"start":{"line":34,"column":6},"end":{"line":34,"column":null}},"23":{"start":{"line":35,"column":6},"end":{"line":38,"column":null}},"24":{"start":{"line":36,"column":8},"end":{"line":36,"column":null}},"25":{"start":{"line":37,"column":8},"end":{"line":37,"column":null}},"26":{"start":{"line":41,"column":4},"end":{"line":41,"column":null}},"27":{"start":{"line":43,"column":4},"end":{"line":43,"column":null}},"28":{"start":{"line":48,"column":2},"end":{"line":48,"column":null}},"29":{"start":{"line":48,"column":24},"end":{"line":48,"column":null}},"30":{"start":{"line":49,"column":2},"end":{"line":49,"column":null}},"31":{"start":{"line":50,"column":2},"end":{"line":50,"column":null}},"32":{"start":{"line":51,"column":2},"end":{"line":64,"column":null}},"33":{"start":{"line":52,"column":16},"end":{"line":55,"column":null}},"34":{"start":{"line":56,"column":4},"end":{"line":56,"column":null}},"35":{"start":{"line":58,"column":4},"end":{"line":58,"column":null}},"36":{"start":{"line":59,"column":4},"end":{"line":59,"column":null}},"37":{"start":{"line":61,"column":4},"end":{"line":61,"column":null}},"38":{"start":{"line":63,"column":4},"end":{"line":63,"column":null}},"39":{"start":{"line":67,"column":13},"end":{"line":67,"column":null}},"40":{"start":{"line":72,"column":9},"end":{"line":72,"column":null}},"41":{"start":{"line":86,"column":9},"end":{"line":86,"column":null}},"42":{"start":{"line":71,"column":2},"end":{"line":112,"column":null}},"43":{"start":{"line":76,"column":17},"end":{"line":76,"column":null}},"44":{"start":{"line":90,"column":17},"end":{"line":90,"column":null}}},"fnMap":{"0":{"name":"(anonymous_0)","decl":{"start":{"line":17,"column":30},"end":{"line":17,"column":36}},"loc":{"start":{"line":17,"column":36},"end":{"line":17,"column":69}},"line":17},"1":{"name":"(anonymous_1)","decl":{"start":{"line":18,"column":29},"end":{"line":18,"column":35}},"loc":{"start":{"line":18,"column":35},"end":{"line":18,"column":96}},"line":18},"2":{"name":"(anonymous_2)","decl":{"start":{"line":19,"column":27},"end":{"line":19,"column":33}},"loc":{"start":{"line":19,"column":33},"end":{"line":19,"column":96}},"line":19},"3":{"name":"sendCode","decl":{"start":{"line":23,"column":15},"end":{"line":23,"column":26}},"loc":{"start":{"line":23,"column":26},"end":{"line":45,"column":null}},"line":23},"4":{"name":"(anonymous_4)","decl":{"start":{"line":33,"column":24},"end":{"line":33,"column":30}},"loc":{"start":{"line":33,"column":30},"end":{"line":39,"column":7}},"line":33},"5":{"name":"handleSubmit","decl":{"start":{"line":47,"column":15},"end":{"line":47,"column":30}},"loc":{"start":{"line":47,"column":30},"end":{"line":65,"column":null}},"line":47},"6":{"name":"(anonymous_6)","decl":{"start":{"line":75,"column":11},"end":{"line":75,"column":null}},"loc":{"start":{"line":76,"column":17},"end":{"line":76,"column":null}},"line":76},"7":{"name":"(anonymous_7)","decl":{"start":{"line":89,"column":11},"end":{"line":89,"column":null}},"loc":{"start":{"line":90,"column":17},"end":{"line":90,"column":null}},"line":90}},"branchMap":{"0":{"loc":{"start":{"line":18,"column":35},"end":{"line":18,"column":96}},"type":"binary-expr","locations":[{"start":{"line":18,"column":35},"end":{"line":18,"column":57}},{"start":{"line":18,"column":57},"end":{"line":18,"column":82}},{"start":{"line":18,"column":82},"end":{"line":18,"column":96}}],"line":18},"1":{"loc":{"start":{"line":19,"column":33},"end":{"line":19,"column":96}},"type":"binary-expr","locations":[{"start":{"line":19,"column":33},"end":{"line":19,"column":55}},{"start":{"line":19,"column":55},"end":{"line":19,"column":82}},{"start":{"line":19,"column":82},"end":{"line":19,"column":96}}],"line":19},"2":{"loc":{"start":{"line":24,"column":2},"end":{"line":24,"column":null}},"type":"if","locations":[{"start":{"line":24,"column":2},"end":{"line":24,"column":null}},{"start":{},"end":{}}],"line":24},"3":{"loc":{"start":{"line":35,"column":6},"end":{"line":38,"column":null}},"type":"if","locations":[{"start":{"line":35,"column":6},"end":{"line":38,"column":null}},{"start":{},"end":{}}],"line":35},"4":{"loc":{"start":{"line":41,"column":21},"end":{"line":41,"column":null}},"type":"binary-expr","locations":[{"start":{"line":41,"column":21},"end":{"line":41,"column":41}},{"start":{"line":41,"column":41},"end":{"line":41,"column":55}},{"start":{"line":41,"column":55},"end":{"line":41,"column":null}}],"line":41},"5":{"loc":{"start":{"line":48,"column":2},"end":{"line":48,"column":null}},"type":"if","locations":[{"start":{"line":48,"column":2},"end":{"line":48,"column":null}},{"start":{},"end":{}}],"line":48},"6":{"loc":{"start":{"line":58,"column":41},"end":{"line":58,"column":63}},"type":"binary-expr","locations":[{"start":{"line":58,"column":41},"end":{"line":58,"column":61}},{"start":{"line":58,"column":61},"end":{"line":58,"column":63}}],"line":58},"7":{"loc":{"start":{"line":59,"column":22},"end":{"line":59,"column":44}},"type":"binary-expr","locations":[{"start":{"line":59,"column":22},"end":{"line":59,"column":42}},{"start":{"line":59,"column":42},"end":{"line":59,"column":44}}],"line":59},"8":{"loc":{"start":{"line":61,"column":21},"end":{"line":61,"column":null}},"type":"binary-expr","locations":[{"start":{"line":61,"column":21},"end":{"line":61,"column":41}},{"start":{"line":61,"column":41},"end":{"line":61,"column":55}},{"start":{"line":61,"column":55},"end":{"line":61,"column":null}}],"line":61},"9":{"loc":{"start":{"line":84,"column":10},"end":{"line":73,"column":36}},"type":"binary-expr","locations":[{"start":{"line":84,"column":10},"end":{"line":84,"column":null}},{"start":{"line":84,"column":10},"end":{"line":73,"column":36}}],"line":84},"10":{"loc":{"start":{"line":75,"column":11},"end":{"line":76,"column":null}},"type":"binary-expr","locations":[{"start":{"line":75,"column":11},"end":{"line":75,"column":null}},{"start":{"line":75,"column":11},"end":{"line":76,"column":null}}],"line":75},"11":{"loc":{"start":{"line":83,"column":18},"end":{"line":83,"column":71}},"type":"cond-expr","locations":[{"start":{"line":83,"column":28},"end":{"line":83,"column":71}},{"start":{"line":83,"column":64},"end":{"line":83,"column":71}}],"line":83},"12":{"loc":{"start":{"line":83,"column":18},"end":{"line":83,"column":42}},"type":"binary-expr","locations":[{"start":{"line":83,"column":18},"end":{"line":83,"column":23}},{"start":{"line":83,"column":23},"end":{"line":83,"column":42}}],"line":83},"13":{"loc":{"start":{"line":106,"column":10},"end":{"line":87,"column":35}},"type":"binary-expr","locations":[{"start":{"line":106,"column":10},"end":{"line":106,"column":null}},{"start":{"line":106,"column":10},"end":{"line":87,"column":35}}],"line":106},"14":{"loc":{"start":{"line":89,"column":11},"end":{"line":90,"column":null}},"type":"binary-expr","locations":[{"start":{"line":89,"column":11},"end":{"line":89,"column":null}},{"start":{"line":89,"column":11},"end":{"line":90,"column":null}}],"line":89},"15":{"loc":{"start":{"line":104,"column":11},"end":{"line":104,"column":null}},"type":"cond-expr","locations":[{"start":{"line":104,"column":18},"end":{"line":104,"column":30}},{"start":{"line":104,"column":30},"end":{"line":104,"column":null}}],"line":104},"16":{"loc":{"start":{"line":104,"column":30},"end":{"line":104,"column":null}},"type":"cond-expr","locations":[{"start":{"line":104,"column":39},"end":{"line":104,"column":null}},{"start":{"line":104,"column":58},"end":{"line":104,"column":null}}],"line":104},"17":{"loc":{"start":{"line":108,"column":13},"end":{"line":108,"column":68}},"type":"cond-expr","locations":[{"start":{"line":108,"column":13},"end":{"line":108,"column":68}},{"start":{"line":108,"column":61},"end":{"line":108,"column":68}}],"line":108},"18":{"loc":{"start":{"line":109,"column":13},"end":{"line":109,"column":61}},"type":"cond-expr","locations":[{"start":{"line":109,"column":13},"end":{"line":109,"column":61}},{"start":{"line":109,"column":54},"end":{"line":109,"column":61}}],"line":109},"19":{"loc":{"start":{"line":112,"column":9},"end":{"line":112,"column":null}},"type":"cond-expr","locations":[{"start":{"line":112,"column":16},"end":{"line":112,"column":null}},{"start":{"line":112,"column":16},"end":{"line":112,"column":null}}],"line":112}},"s":{"0":5,"1":5,"2":5,"3":5,"4":5,"5":5,"6":5,"7":5,"8":10,"9":5,"10":16,"11":5,"12":16,"13":5,"14":2,"15":0,"16":2,"17":2,"18":2,"19":2,"20":1,"21":1,"22":2,"23":2,"24":0,"25":0,"26":1,"27":2,"28":2,"29":0,"30":2,"31":2,"32":2,"33":2,"34":1,"35":1,"36":2,"37":1,"38":2,"39":5,"40":2,"41":2,"42":22,"43":5,"44":2},"f":{"0":10,"1":16,"2":16,"3":2,"4":2,"5":2,"6":5,"7":2},"b":{"0":[16,11,8],"1":[16,11,6],"2":[0,2],"3":[0,2],"4":[1,1,0],"5":[0,2],"6":[1,0],"7":[2,0],"8":[1,0,0],"9":[22,5],"10":[22,5],"11":[0,22],"12":[22,17],"13":[22,5],"14":[22,5],"15":[2,20],"16":[3,17],"17":[2,20],"18":[1,21],"19":[2,20]},"meta":{"lastBranch":20,"lastFunction":8,"lastStatement":45,"seen":{"s:8:6:8:Infinity":0,"s:9:6:9:Infinity":1,"s:10:6:10:Infinity":2,"s:11:6:11:Infinity":3,"s:12:6:12:Infinity":4,"s:13:6:13:Infinity":5,"s:14:6:14:Infinity":6,"s:17:6:17:Infinity":7,"f:17:30:17:36":0,"s:17:36:17:69":8,"s:18:6:18:Infinity":9,"f:18:29:18:35":1,"s:18:35:18:96":10,"b:18:35:18:57:18:57:18:82:18:82:18:96":0,"s:19:6:19:Infinity":11,"f:19:27:19:33":2,"s:19:33:19:96":12,"b:19:33:19:55:19:55:19:82:19:82:19:96":1,"s:21:51:21:Infinity":13,"f:23:15:23:26":3,"b:24:2:24:Infinity:undefined:undefined:undefined:undefined":2,"s:24:2:24:Infinity":14,"s:24:26:24:Infinity":15,"s:25:2:25:Infinity":16,"s:26:2:26:Infinity":17,"s:27:2:44:Infinity":18,"s:28:4:31:Infinity":19,"s:32:4:32:Infinity":20,"s:33:4:39:Infinity":21,"f:33:24:33:30":4,"s:34:6:34:Infinity":22,"b:35:6:38:Infinity:undefined:undefined:undefined:undefined":3,"s:35:6:38:Infinity":23,"s:36:8:36:Infinity":24,"s:37:8:37:Infinity":25,"s:41:4:41:Infinity":26,"b:41:21:41:41:41:41:41:55:41:55:41:Infinity":4,"s:43:4:43:Infinity":27,"f:47:15:47:30":5,"b:48:2:48:Infinity:undefined:undefined:undefined:undefined":5,"s:48:2:48:Infinity":28,"s:48:24:48:Infinity":29,"s:49:2:49:Infinity":30,"s:50:2:50:Infinity":31,"s:51:2:64:Infinity":32,"s:52:16:55:Infinity":33,"s:56:4:56:Infinity":34,"s:58:4:58:Infinity":35,"b:58:41:58:61:58:61:58:63":6,"s:59:4:59:Infinity":36,"b:59:22:59:42:59:42:59:44":7,"s:61:4:61:Infinity":37,"b:61:21:61:41:61:41:61:55:61:55:61:Infinity":8,"s:63:4:63:Infinity":38,"s:67:13:67:Infinity":39,"s:72:9:72:Infinity":40,"s:86:9:86:Infinity":41,"s:71:2:112:Infinity":42,"b:84:10:84:Infinity:84:10:73:36":9,"b:75:11:75:Infinity:75:11:76:Infinity":10,"f:75:11:75:Infinity":6,"s:76:17:76:Infinity":43,"b:83:28:83:71:83:64:83:71":11,"b:83:18:83:23:83:23:83:42":12,"b:106:10:106:Infinity:106:10:87:35":13,"b:89:11:89:Infinity:89:11:90:Infinity":14,"f:89:11:89:Infinity":7,"s:90:17:90:Infinity":44,"b:104:18:104:30:104:30:104:Infinity":15,"b:104:39:104:Infinity:104:58:104:Infinity":16,"b:108:13:108:68:108:61:108:68":17,"b:109:13:109:61:109:54:109:61":18,"b:112:16:112:Infinity:112:16:112:Infinity":19}}}
,"D:\\cruise_sale_system\\frontend\\web\\components\\PayButton.vue": {"path":"D:\\cruise_sale_system\\frontend\\web\\components\\PayButton.vue","statementMap":{"0":{"start":{"line":9,"column":14},"end":{"line":9,"column":null}},"1":{"start":{"line":14,"column":13},"end":{"line":14,"column":null}},"2":{"start":{"line":19,"column":20},"end":{"line":19,"column":null}},"3":{"start":{"line":20,"column":6},"end":{"line":20,"column":null}},"4":{"start":{"line":23,"column":2},"end":{"line":23,"column":null}},"5":{"start":{"line":23,"column":21},"end":{"line":23,"column":null}},"6":{"start":{"line":24,"column":2},"end":{"line":24,"column":null}},"7":{"start":{"line":25,"column":2},"end":{"line":39,"column":null}},"8":{"start":{"line":26,"column":16},"end":{"line":33,"column":null}},"9":{"start":{"line":34,"column":4},"end":{"line":34,"column":null}},"10":{"start":{"line":36,"column":4},"end":{"line":36,"column":null}},"11":{"start":{"line":38,"column":4},"end":{"line":38,"column":null}},"12":{"start":{"line":44,"column":2},"end":{"line":45,"column":null}}},"fnMap":{"0":{"name":"handlePay","decl":{"start":{"line":22,"column":15},"end":{"line":22,"column":27}},"loc":{"start":{"line":22,"column":27},"end":{"line":40,"column":null}},"line":22}},"branchMap":{"0":{"loc":{"start":{"line":23,"column":2},"end":{"line":23,"column":null}},"type":"if","locations":[{"start":{"line":23,"column":2},"end":{"line":23,"column":null}},{"start":{},"end":{}}],"line":23},"1":{"loc":{"start":{"line":34,"column":17},"end":{"line":34,"column":57}},"type":"binary-expr","locations":[{"start":{"line":34,"column":17},"end":{"line":34,"column":33}},{"start":{"line":34,"column":33},"end":{"line":34,"column":55}},{"start":{"line":34,"column":55},"end":{"line":34,"column":57}}],"line":34},"2":{"loc":{"start":{"line":36,"column":18},"end":{"line":36,"column":48}},"type":"binary-expr","locations":[{"start":{"line":36,"column":18},"end":{"line":36,"column":32}},{"start":{"line":36,"column":32},"end":{"line":36,"column":48}}],"line":36},"3":{"loc":{"start":{"line":45,"column":7},"end":{"line":45,"column":null}},"type":"cond-expr","locations":[{"start":{"line":45,"column":14},"end":{"line":45,"column":null}},{"start":{"line":45,"column":14},"end":{"line":45,"column":null}}],"line":45}},"s":{"0":6,"1":6,"2":6,"3":6,"4":4,"5":0,"6":4,"7":4,"8":4,"9":2,"10":2,"11":4,"12":13},"f":{"0":4},"b":{"0":[0,4],"1":[2,0,0],"2":[2,0],"3":[4,9]},"meta":{"lastBranch":4,"lastFunction":1,"lastStatement":13,"seen":{"s:9:14:9:Infinity":0,"s:14:13:14:Infinity":1,"s:19:20:19:Infinity":2,"s:20:6:20:Infinity":3,"f:22:15:22:27":0,"b:23:2:23:Infinity:undefined:undefined:undefined:undefined":0,"s:23:2:23:Infinity":4,"s:23:21:23:Infinity":5,"s:24:2:24:Infinity":6,"s:25:2:39:Infinity":7,"s:26:16:33:Infinity":8,"s:34:4:34:Infinity":9,"b:34:17:34:33:34:33:34:55:34:55:34:57":1,"s:36:4:36:Infinity":10,"b:36:18:36:32:36:32:36:48":2,"s:38:4:38:Infinity":11,"s:44:2:45:Infinity":12,"b:45:14:45:Infinity:45:14:45:Infinity":3}}}
}
