{"D:\\cruise_sale_system\\frontend\\miniapp\\components\\CabinCard.vue": {"path":"D:\\cruise_sale_system\\frontend\\miniapp\\components\\CabinCard.vue","all":false,"statementMap":{"3":{"start":{"line":4,"column":0},"end":{"line":4,"column":21}},"4":{"start":{"line":5,"column":0},"end":{"line":5,"column":27}},"5":{"start":{"line":6,"column":0},"end":{"line":6,"column":27}},"6":{"start":{"line":7,"column":0},"end":{"line":7,"column":9}}},"s":{"3":1,"4":1,"5":1,"6":1},"branchMap":{},"b":{},"fnMap":{},"f":{}}
,"D:\\cruise_sale_system\\frontend\\miniapp\\components\\PrimaryButton.vue": {"path":"D:\\cruise_sale_system\\frontend\\miniapp\\components\\PrimaryButton.vue","all":false,"statementMap":{"1":{"start":{"line":2,"column":0},"end":{"line":2,"column":49}}},"s":{"1":1},"branchMap":{},"b":{},"fnMap":{},"f":{}}
,"D:\\cruise_sale_system\\frontend\\miniapp\\pages\\booking\\create.vue": {"path":"D:\\cruise_sale_system\\frontend\\miniapp\\pages\\booking\\create.vue","all":false,"statementMap":{"1":{"start":{"line":2,"column":0},"end":{"line":2,"column":35}},"2":{"start":{"line":3,"column":0},"end":{"line":3,"column":49}},"5":{"start":{"line":6,"column":0},"end":{"line":6,"column":24}},"6":{"start":{"line":7,"column":0},"end":{"line":7,"column":26}},"7":{"start":{"line":8,"column":0},"end":{"line":8,"column":21}},"8":{"start":{"line":9,"column":0},"end":{"line":9,"column":29}},"9":{"start":{"line":10,"column":0},"end":{"line":10,"column":24}},"10":{"start":{"line":11,"column":0},"end":{"line":11,"column":26}},"13":{"start":{"line":14,"column":0},"end":{"line":14,"column":34}},"14":{"start":{"line":15,"column":0},"end":{"line":15,"column":108}},"15":{"start":{"line":16,"column":0},"end":{"line":16,"column":2}},"18":{"start":{"line":19,"column":0},"end":{"line":19,"column":31}},"19":{"start":{"line":20,"column":0},"end":{"line":20,"column":30}},"21":{"start":{"line":22,"column":0},"end":{"line":22,"column":25}},"22":{"start":{"line":23,"column":0},"end":{"line":23,"column":21}},"23":{"start":{"line":24,"column":0},"end":{"line":24,"column":23}},"25":{"start":{"line":26,"column":0},"end":{"line":26,"column":7}},"26":{"start":{"line":27,"column":0},"end":{"line":27,"column":32}},"27":{"start":{"line":28,"column":0},"end":{"line":28,"column":21}},"28":{"start":{"line":29,"column":0},"end":{"line":29,"column":13}},"29":{"start":{"line":30,"column":0},"end":{"line":30,"column":42}},"30":{"start":{"line":31,"column":0},"end":{"line":31,"column":47}},"31":{"start":{"line":32,"column":0},"end":{"line":32,"column":29}},"32":{"start":{"line":33,"column":0},"end":{"line":33,"column":8}},"33":{"start":{"line":34,"column":0},"end":{"line":34,"column":6}},"34":{"start":{"line":35,"column":0},"end":{"line":35,"column":40}},"35":{"start":{"line":36,"column":0},"end":{"line":36,"column":22}},"36":{"start":{"line":37,"column":0},"end":{"line":37,"column":53}},"37":{"start":{"line":38,"column":0},"end":{"line":38,"column":13}},"38":{"start":{"line":39,"column":0},"end":{"line":39,"column":28}},"39":{"start":{"line":40,"column":0},"end":{"line":40,"column":3}},"40":{"start":{"line":41,"column":0},"end":{"line":41,"column":1}},"44":{"start":{"line":45,"column":0},"end":{"line":45,"column":21}},"45":{"start":{"line":46,"column":0},"end":{"line":46,"column":31}},"47":{"start":{"line":48,"column":0},"end":{"line":48,"column":23}},"48":{"start":{"line":49,"column":0},"end":{"line":49,"column":95}},"49":{"start":{"line":50,"column":0},"end":{"line":50,"column":100}},"50":{"start":{"line":51,"column":0},"end":{"line":51,"column":105}},"52":{"start":{"line":53,"column":0},"end":{"line":53,"column":59}},"53":{"start":{"line":54,"column":0},"end":{"line":54,"column":61}},"54":{"start":{"line":55,"column":0},"end":{"line":55,"column":15}},"56":{"start":{"line":57,"column":0},"end":{"line":57,"column":49}},"57":{"start":{"line":58,"column":0},"end":{"line":58,"column":53}},"58":{"start":{"line":59,"column":0},"end":{"line":59,"column":11}},"59":{"start":{"line":60,"column":0},"end":{"line":60,"column":9}}},"s":{"1":1,"2":1,"5":1,"6":1,"7":1,"8":1,"9":1,"10":1,"13":1,"14":14,"15":1,"18":2,"19":2,"21":2,"22":2,"23":2,"25":2,"26":2,"27":2,"28":2,"29":2,"30":2,"31":2,"32":2,"33":2,"34":1,"35":1,"36":1,"37":2,"38":2,"39":2,"40":2,"44":1,"45":1,"47":1,"48":1,"49":1,"50":1,"52":1,"53":1,"54":1,"56":1,"57":1,"58":1,"59":1},"branchMap":{"0":{"type":"branch","line":14,"loc":{"start":{"line":14,"column":27},"end":{"line":16,"column":1}},"locations":[{"start":{"line":14,"column":27},"end":{"line":16,"column":1}}]},"1":{"type":"branch","line":15,"loc":{"start":{"line":15,"column":21},"end":{"line":15,"column":60}},"locations":[{"start":{"line":15,"column":21},"end":{"line":15,"column":60}}]},"2":{"type":"branch","line":15,"loc":{"start":{"line":15,"column":55},"end":{"line":15,"column":92}},"locations":[{"start":{"line":15,"column":55},"end":{"line":15,"column":92}}]},"3":{"type":"branch","line":15,"loc":{"start":{"line":15,"column":87},"end":{"line":15,"column":108}},"locations":[{"start":{"line":15,"column":87},"end":{"line":15,"column":108}}]},"4":{"type":"branch","line":19,"loc":{"start":{"line":19,"column":0},"end":{"line":41,"column":1}},"locations":[{"start":{"line":19,"column":0},"end":{"line":41,"column":1}}]},"5":{"type":"branch","line":20,"loc":{"start":{"line":20,"column":24},"end":{"line":20,"column":30}},"locations":[{"start":{"line":20,"column":24},"end":{"line":20,"column":30}}]},"6":{"type":"branch","line":34,"loc":{"start":{"line":34,"column":5},"end":{"line":38,"column":4}},"locations":[{"start":{"line":34,"column":5},"end":{"line":38,"column":4}}]},"7":{"type":"branch","line":37,"loc":{"start":{"line":37,"column":26},"end":{"line":37,"column":53}},"locations":[{"start":{"line":37,"column":26},"end":{"line":37,"column":53}}]},"8":{"type":"branch","line":54,"loc":{"start":{"line":54,"column":11},"end":{"line":54,"column":61}},"locations":[{"start":{"line":54,"column":11},"end":{"line":54,"column":61}}]},"9":{"type":"branch","line":54,"loc":{"start":{"line":54,"column":21},"end":{"line":54,"column":61}},"locations":[{"start":{"line":54,"column":21},"end":{"line":54,"column":61}}]},"10":{"type":"branch","line":57,"loc":{"start":{"line":57,"column":18},"end":{"line":57,"column":49}},"locations":[{"start":{"line":57,"column":18},"end":{"line":57,"column":49}}]},"11":{"type":"branch","line":57,"loc":{"start":{"line":57,"column":39},"end":{"line":57,"column":49}},"locations":[{"start":{"line":57,"column":39},"end":{"line":57,"column":49}}]},"12":{"type":"branch","line":58,"loc":{"start":{"line":58,"column":18},"end":{"line":58,"column":53}},"locations":[{"start":{"line":58,"column":18},"end":{"line":58,"column":53}}]},"13":{"type":"branch","line":58,"loc":{"start":{"line":58,"column":43},"end":{"line":58,"column":53}},"locations":[{"start":{"line":58,"column":43},"end":{"line":58,"column":53}}]}},"b":{"0":[14],"1":[12],"2":[8],"3":[6],"4":[2],"5":[0],"6":[1],"7":[0],"8":[2],"9":[12],"10":[1],"11":[13],"12":[1],"13":[13]},"fnMap":{"0":{"name":"handleSubmit","decl":{"start":{"line":19,"column":0},"end":{"line":41,"column":1}},"loc":{"start":{"line":19,"column":0},"end":{"line":41,"column":1}},"line":19}},"f":{"0":2}}
,"D:\\cruise_sale_system\\frontend\\miniapp\\pages\\cabin\\detail.vue": {"path":"D:\\cruise_sale_system\\frontend\\miniapp\\pages\\cabin\\detail.vue","all":false,"statementMap":{"3":{"start":{"line":4,"column":0},"end":{"line":4,"column":21}},"4":{"start":{"line":5,"column":0},"end":{"line":5,"column":29}},"5":{"start":{"line":6,"column":0},"end":{"line":6,"column":34}},"6":{"start":{"line":7,"column":0},"end":{"line":7,"column":9}}},"s":{"3":1,"4":1,"5":1,"6":1},"branchMap":{},"b":{},"fnMap":{},"f":{}}
,"D:\\cruise_sale_system\\frontend\\miniapp\\pages\\cabin\\list.vue": {"path":"D:\\cruise_sale_system\\frontend\\miniapp\\pages\\cabin\\list.vue","all":false,"statementMap":{"3":{"start":{"line":4,"column":0},"end":{"line":4,"column":21}},"4":{"start":{"line":5,"column":0},"end":{"line":5,"column":23}},"5":{"start":{"line":6,"column":0},"end":{"line":6,"column":19}},"6":{"start":{"line":7,"column":0},"end":{"line":7,"column":17}},"7":{"start":{"line":8,"column":0},"end":{"line":8,"column":9}},"12":{"start":{"line":13,"column":0},"end":{"line":13,"column":54}}},"s":{"3":1,"4":1,"5":1,"6":1,"7":1,"12":1},"branchMap":{},"b":{},"fnMap":{},"f":{}}
,"D:\\cruise_sale_system\\frontend\\miniapp\\pages\\login\\login.vue": {"path":"D:\\cruise_sale_system\\frontend\\miniapp\\pages\\login\\login.vue","all":false,"statementMap":{"2":{"start":{"line":3,"column":0},"end":{"line":3,"column":62}},"6":{"start":{"line":7,"column":0},"end":{"line":7,"column":21}},"7":{"start":{"line":8,"column":0},"end":{"line":8,"column":22}},"8":{"start":{"line":9,"column":0},"end":{"line":9,"column":41}},"9":{"start":{"line":10,"column":0},"end":{"line":10,"column":9}}},"s":{"2":1,"6":1,"7":1,"8":1,"9":1},"branchMap":{"0":{"type":"branch","line":9,"loc":{"start":{"line":9,"column":19},"end":{"line":9,"column":41}},"locations":[{"start":{"line":9,"column":19},"end":{"line":9,"column":41}}]}},"b":{"0":[1]},"fnMap":{},"f":{}}
,"D:\\cruise_sale_system\\frontend\\miniapp\\src\\stores\\auth.ts": {"path":"D:\\cruise_sale_system\\frontend\\miniapp\\src\\stores\\auth.ts","all":false,"statementMap":{"3":{"start":{"line":4,"column":0},"end":{"line":4,"column":35}},"4":{"start":{"line":5,"column":0},"end":{"line":5,"column":35}},"11":{"start":{"line":12,"column":0},"end":{"line":12,"column":55}},"13":{"start":{"line":14,"column":0},"end":{"line":14,"column":25}},"15":{"start":{"line":16,"column":0},"end":{"line":16,"column":87}},"18":{"start":{"line":19,"column":0},"end":{"line":19,"column":34}},"19":{"start":{"line":20,"column":0},"end":{"line":20,"column":23}},"20":{"start":{"line":21,"column":0},"end":{"line":21,"column":5}},"23":{"start":{"line":24,"column":0},"end":{"line":24,"column":79}},"24":{"start":{"line":25,"column":0},"end":{"line":25,"column":25}},"25":{"start":{"line":26,"column":0},"end":{"line":26,"column":5}},"28":{"start":{"line":29,"column":0},"end":{"line":29,"column":23}},"29":{"start":{"line":30,"column":0},"end":{"line":30,"column":24}},"30":{"start":{"line":31,"column":0},"end":{"line":31,"column":28}},"31":{"start":{"line":32,"column":0},"end":{"line":32,"column":5}},"34":{"start":{"line":35,"column":0},"end":{"line":35,"column":57}},"36":{"start":{"line":37,"column":0},"end":{"line":37,"column":60}},"38":{"start":{"line":39,"column":0},"end":{"line":39,"column":83}},"39":{"start":{"line":40,"column":0},"end":{"line":40,"column":2}}},"s":{"3":1,"4":1,"11":1,"13":1,"15":1,"18":1,"19":1,"20":1,"23":1,"24":1,"25":1,"28":1,"29":1,"30":1,"31":1,"34":1,"36":1,"38":1,"39":1},"branchMap":{"0":{"type":"branch","line":12,"loc":{"start":{"line":12,"column":48},"end":{"line":40,"column":2}},"locations":[{"start":{"line":12,"column":48},"end":{"line":40,"column":2}}]},"1":{"type":"branch","line":19,"loc":{"start":{"line":19,"column":4},"end":{"line":21,"column":5}},"locations":[{"start":{"line":19,"column":4},"end":{"line":21,"column":5}}]},"2":{"type":"branch","line":24,"loc":{"start":{"line":24,"column":4},"end":{"line":26,"column":5}},"locations":[{"start":{"line":24,"column":4},"end":{"line":26,"column":5}}]},"3":{"type":"branch","line":29,"loc":{"start":{"line":29,"column":4},"end":{"line":32,"column":5}},"locations":[{"start":{"line":29,"column":4},"end":{"line":32,"column":5}}]},"4":{"type":"branch","line":35,"loc":{"start":{"line":35,"column":37},"end":{"line":35,"column":56}},"locations":[{"start":{"line":35,"column":37},"end":{"line":35,"column":56}}]},"5":{"type":"branch","line":37,"loc":{"start":{"line":37,"column":27},"end":{"line":37,"column":59}},"locations":[{"start":{"line":37,"column":27},"end":{"line":37,"column":59}}]},"6":{"type":"branch","line":37,"loc":{"start":{"line":37,"column":41},"end":{"line":37,"column":57}},"locations":[{"start":{"line":37,"column":41},"end":{"line":37,"column":57}}]},"7":{"type":"branch","line":37,"loc":{"start":{"line":37,"column":48},"end":{"line":37,"column":59}},"locations":[{"start":{"line":37,"column":48},"end":{"line":37,"column":59}}]}},"b":{"0":[1],"1":[1],"2":[1],"3":[1],"4":[3],"5":[2],"6":[1],"7":[1]},"fnMap":{"0":{"name":"setToken","decl":{"start":{"line":19,"column":4},"end":{"line":21,"column":5}},"loc":{"start":{"line":19,"column":4},"end":{"line":21,"column":5}},"line":19},"1":{"name":"setProfile","decl":{"start":{"line":24,"column":4},"end":{"line":26,"column":5}},"loc":{"start":{"line":24,"column":4},"end":{"line":26,"column":5}},"line":24},"2":{"name":"logout","decl":{"start":{"line":29,"column":4},"end":{"line":32,"column":5}},"loc":{"start":{"line":29,"column":4},"end":{"line":32,"column":5}},"line":29}},"f":{"0":1,"1":1,"2":1}}
,"D:\\cruise_sale_system\\frontend\\miniapp\\src\\stores\\cruise.ts": {"path":"D:\\cruise_sale_system\\frontend\\miniapp\\src\\stores\\cruise.ts","all":false,"statementMap":{"3":{"start":{"line":4,"column":0},"end":{"line":4,"column":35}},"10":{"start":{"line":11,"column":0},"end":{"line":11,"column":53}},"11":{"start":{"line":12,"column":0},"end":{"line":12,"column":19}},"12":{"start":{"line":13,"column":0},"end":{"line":13,"column":39}},"13":{"start":{"line":14,"column":0},"end":{"line":14,"column":39}},"14":{"start":{"line":15,"column":0},"end":{"line":15,"column":7}},"15":{"start":{"line":16,"column":0},"end":{"line":16,"column":14}},"17":{"start":{"line":18,"column":0},"end":{"line":18,"column":50}},"19":{"start":{"line":20,"column":0},"end":{"line":20,"column":56}},"20":{"start":{"line":21,"column":0},"end":{"line":21,"column":6}},"21":{"start":{"line":22,"column":0},"end":{"line":22,"column":2}}},"s":{"3":1,"10":1,"11":1,"12":1,"13":1,"14":1,"15":1,"17":1,"19":1,"20":1,"21":1},"branchMap":{"0":{"type":"branch","line":12,"loc":{"start":{"line":12,"column":11},"end":{"line":15,"column":7}},"locations":[{"start":{"line":12,"column":11},"end":{"line":15,"column":7}}]},"1":{"type":"branch","line":18,"loc":{"start":{"line":18,"column":8},"end":{"line":18,"column":50}},"locations":[{"start":{"line":18,"column":8},"end":{"line":18,"column":50}}]},"2":{"type":"branch","line":20,"loc":{"start":{"line":20,"column":8},"end":{"line":20,"column":56}},"locations":[{"start":{"line":20,"column":8},"end":{"line":20,"column":56}}]}},"b":{"0":[1],"1":[1],"2":[1]},"fnMap":{"0":{"name":"state","decl":{"start":{"line":12,"column":11},"end":{"line":15,"column":7}},"loc":{"start":{"line":12,"column":11},"end":{"line":15,"column":7}},"line":12},"1":{"name":"setList","decl":{"start":{"line":18,"column":8},"end":{"line":18,"column":50}},"loc":{"start":{"line":18,"column":8},"end":{"line":18,"column":50}},"line":18},"2":{"name":"setDetail","decl":{"start":{"line":20,"column":8},"end":{"line":20,"column":56}},"loc":{"start":{"line":20,"column":8},"end":{"line":20,"column":56}},"line":20}},"f":{"0":1,"1":1,"2":1}}
,"D:\\cruise_sale_system\\frontend\\miniapp\\src\\utils\\request.ts": {"path":"D:\\cruise_sale_system\\frontend\\miniapp\\src\\utils\\request.ts","all":false,"statementMap":{"8":{"start":{"line":9,"column":0},"end":{"line":9,"column":43}},"10":{"start":{"line":11,"column":0},"end":{"line":11,"column":57}},"11":{"start":{"line":12,"column":0},"end":{"line":12,"column":30}},"12":{"start":{"line":13,"column":0},"end":{"line":13,"column":1}},"24":{"start":{"line":25,"column":0},"end":{"line":25,"column":64}},"25":{"start":{"line":26,"column":0},"end":{"line":26,"column":48}},"26":{"start":{"line":27,"column":0},"end":{"line":27,"column":21}},"27":{"start":{"line":28,"column":0},"end":{"line":28,"column":32}},"28":{"start":{"line":29,"column":0},"end":{"line":29,"column":23}},"29":{"start":{"line":30,"column":0},"end":{"line":30,"column":71}},"30":{"start":{"line":31,"column":0},"end":{"line":31,"column":42}},"31":{"start":{"line":32,"column":0},"end":{"line":32,"column":10}},"32":{"start":{"line":33,"column":0},"end":{"line":33,"column":6}},"33":{"start":{"line":34,"column":0},"end":{"line":34,"column":1}}},"s":{"8":1,"10":3,"11":3,"12":3,"24":1,"25":2,"26":2,"27":2,"28":2,"29":2,"30":2,"31":2,"32":2,"33":2},"branchMap":{"0":{"type":"branch","line":9,"loc":{"start":{"line":9,"column":24},"end":{"line":13,"column":1}},"locations":[{"start":{"line":9,"column":24},"end":{"line":13,"column":1}}]},"1":{"type":"branch","line":25,"loc":{"start":{"line":25,"column":23},"end":{"line":34,"column":1}},"locations":[{"start":{"line":25,"column":23},"end":{"line":34,"column":1}}]},"2":{"type":"branch","line":26,"loc":{"start":{"line":26,"column":26},"end":{"line":33,"column":5}},"locations":[{"start":{"line":26,"column":26},"end":{"line":33,"column":5}}]},"3":{"type":"branch","line":30,"loc":{"start":{"line":30,"column":21},"end":{"line":30,"column":71}},"locations":[{"start":{"line":30,"column":21},"end":{"line":30,"column":71}}]}},"b":{"0":[3],"1":[2],"2":[2],"3":[1]},"fnMap":{"0":{"name":"buildUrl","decl":{"start":{"line":9,"column":24},"end":{"line":13,"column":1}},"loc":{"start":{"line":9,"column":24},"end":{"line":13,"column":1}},"line":9},"1":{"name":"request","decl":{"start":{"line":25,"column":23},"end":{"line":34,"column":1}},"loc":{"start":{"line":25,"column":23},"end":{"line":34,"column":1}},"line":25},"2":{"name":"success","decl":{"start":{"line":30,"column":21},"end":{"line":30,"column":71}},"loc":{"start":{"line":30,"column":21},"end":{"line":30,"column":71}},"line":30}},"f":{"0":3,"1":2,"2":1}}
}
