{"D:\\cruise_sale_system\\frontend\\miniapp\\components\\CabinCard.vue": {"path":"D:\\cruise_sale_system\\frontend\\miniapp\\components\\CabinCard.vue","all":false,"statementMap":{"1":{"start":{"line":2,"column":0},"end":{"line":2,"column":21}},"2":{"start":{"line":3,"column":0},"end":{"line":3,"column":27}},"3":{"start":{"line":4,"column":0},"end":{"line":4,"column":9}}},"s":{"1":1,"2":1,"3":1},"branchMap":{},"b":{},"fnMap":{},"f":{}}
,"D:\\cruise_sale_system\\frontend\\miniapp\\pages\\cabin\\detail.vue": {"path":"D:\\cruise_sale_system\\frontend\\miniapp\\pages\\cabin\\detail.vue","all":true,"statementMap":{"1":{"start":{"line":2,"column":0},"end":{"line":2,"column":21}},"2":{"start":{"line":3,"column":0},"end":{"line":3,"column":29}},"3":{"start":{"line":4,"column":0},"end":{"line":4,"column":9}}},"s":{"1":0,"2":0,"3":0},"branchMap":{"0":{"type":"branch","line":1,"loc":{"start":{"line":1,"column":88},"end":{"line":5,"column":11}},"locations":[{"start":{"line":1,"column":88},"end":{"line":5,"column":11}}]}},"b":{"0":[1]},"fnMap":{"0":{"name":"(empty-report)","decl":{"start":{"line":1,"column":88},"end":{"line":5,"column":11}},"loc":{"start":{"line":1,"column":88},"end":{"line":5,"column":11}},"line":1}},"f":{"0":1}}
,"D:\\cruise_sale_system\\frontend\\miniapp\\pages\\cabin\\list.vue": {"path":"D:\\cruise_sale_system\\frontend\\miniapp\\pages\\cabin\\list.vue","all":false,"statementMap":{"1":{"start":{"line":2,"column":0},"end":{"line":2,"column":21}},"2":{"start":{"line":3,"column":0},"end":{"line":3,"column":23}},"3":{"start":{"line":4,"column":0},"end":{"line":4,"column":17}},"4":{"start":{"line":5,"column":0},"end":{"line":5,"column":9}},"8":{"start":{"line":9,"column":0},"end":{"line":9,"column":54}}},"s":{"1":1,"2":1,"3":1,"4":1,"8":1},"branchMap":{},"b":{},"fnMap":{},"f":{}}
,"D:\\cruise_sale_system\\frontend\\miniapp\\src\\stores\\auth.ts": {"path":"D:\\cruise_sale_system\\frontend\\miniapp\\src\\stores\\auth.ts","all":true,"statementMap":{"0":{"start":{"line":1,"column":0},"end":{"line":1,"column":35}},"2":{"start":{"line":3,"column":0},"end":{"line":3,"column":55}},"3":{"start":{"line":4,"column":0},"end":{"line":4,"column":25}},"4":{"start":{"line":5,"column":0},"end":{"line":5,"column":87}},"6":{"start":{"line":7,"column":0},"end":{"line":7,"column":34}},"7":{"start":{"line":8,"column":0},"end":{"line":8,"column":23}},"8":{"start":{"line":9,"column":0},"end":{"line":9,"column":5}},"10":{"start":{"line":11,"column":0},"end":{"line":11,"column":79}},"11":{"start":{"line":12,"column":0},"end":{"line":12,"column":25}},"12":{"start":{"line":13,"column":0},"end":{"line":13,"column":5}},"14":{"start":{"line":15,"column":0},"end":{"line":15,"column":23}},"15":{"start":{"line":16,"column":0},"end":{"line":16,"column":24}},"16":{"start":{"line":17,"column":0},"end":{"line":17,"column":28}},"17":{"start":{"line":18,"column":0},"end":{"line":18,"column":5}},"19":{"start":{"line":20,"column":0},"end":{"line":20,"column":57}},"20":{"start":{"line":21,"column":0},"end":{"line":21,"column":60}},"22":{"start":{"line":23,"column":0},"end":{"line":23,"column":83}},"23":{"start":{"line":24,"column":0},"end":{"line":24,"column":2}}},"s":{"0":0,"2":0,"3":0,"4":0,"6":0,"7":0,"8":0,"10":0,"11":0,"12":0,"14":0,"15":0,"16":0,"17":0,"19":0,"20":0,"22":0,"23":0},"branchMap":{"0":{"type":"branch","line":1,"loc":{"start":{"line":1,"column":701},"end":{"line":24,"column":2}},"locations":[{"start":{"line":1,"column":701},"end":{"line":24,"column":2}}]}},"b":{"0":[0]},"fnMap":{"0":{"name":"(empty-report)","decl":{"start":{"line":1,"column":701},"end":{"line":24,"column":2}},"loc":{"start":{"line":1,"column":701},"end":{"line":24,"column":2}},"line":1}},"f":{"0":0}}
,"D:\\cruise_sale_system\\frontend\\miniapp\\src\\stores\\cruise.ts": {"path":"D:\\cruise_sale_system\\frontend\\miniapp\\src\\stores\\cruise.ts","all":true,"statementMap":{"0":{"start":{"line":1,"column":0},"end":{"line":1,"column":35}},"2":{"start":{"line":3,"column":0},"end":{"line":3,"column":53}},"3":{"start":{"line":4,"column":0},"end":{"line":4,"column":62}},"4":{"start":{"line":5,"column":0},"end":{"line":5,"column":14}},"5":{"start":{"line":6,"column":0},"end":{"line":6,"column":50}},"6":{"start":{"line":7,"column":0},"end":{"line":7,"column":56}},"7":{"start":{"line":8,"column":0},"end":{"line":8,"column":6}},"8":{"start":{"line":9,"column":0},"end":{"line":9,"column":2}}},"s":{"0":0,"2":0,"3":0,"4":0,"5":0,"6":0,"7":0,"8":0},"branchMap":{"0":{"type":"branch","line":1,"loc":{"start":{"line":1,"column":294},"end":{"line":9,"column":2}},"locations":[{"start":{"line":1,"column":294},"end":{"line":9,"column":2}}]}},"b":{"0":[0]},"fnMap":{"0":{"name":"(empty-report)","decl":{"start":{"line":1,"column":294},"end":{"line":9,"column":2}},"loc":{"start":{"line":1,"column":294},"end":{"line":9,"column":2}},"line":1}},"f":{"0":0}}
,"D:\\cruise_sale_system\\frontend\\miniapp\\src\\utils\\request.ts": {"path":"D:\\cruise_sale_system\\frontend\\miniapp\\src\\utils\\request.ts","all":false,"statementMap":{"0":{"start":{"line":1,"column":0},"end":{"line":1,"column":43}},"1":{"start":{"line":2,"column":0},"end":{"line":2,"column":57}},"2":{"start":{"line":3,"column":0},"end":{"line":3,"column":30}},"3":{"start":{"line":4,"column":0},"end":{"line":4,"column":1}},"7":{"start":{"line":8,"column":0},"end":{"line":8,"column":64}},"8":{"start":{"line":9,"column":0},"end":{"line":9,"column":48}},"9":{"start":{"line":10,"column":0},"end":{"line":10,"column":21}},"10":{"start":{"line":11,"column":0},"end":{"line":11,"column":32}},"11":{"start":{"line":12,"column":0},"end":{"line":12,"column":23}},"12":{"start":{"line":13,"column":0},"end":{"line":13,"column":58}},"13":{"start":{"line":14,"column":0},"end":{"line":14,"column":25}},"14":{"start":{"line":15,"column":0},"end":{"line":15,"column":10}},"15":{"start":{"line":16,"column":0},"end":{"line":16,"column":6}},"16":{"start":{"line":17,"column":0},"end":{"line":17,"column":1}}},"s":{"0":1,"1":1,"2":1,"3":1,"7":1,"8":0,"9":0,"10":0,"11":0,"12":0,"13":0,"14":0,"15":0,"16":0},"branchMap":{"0":{"type":"branch","line":1,"loc":{"start":{"line":1,"column":24},"end":{"line":4,"column":1}},"locations":[{"start":{"line":1,"column":24},"end":{"line":4,"column":1}}]}},"b":{"0":[1]},"fnMap":{"0":{"name":"buildUrl","decl":{"start":{"line":1,"column":24},"end":{"line":4,"column":1}},"loc":{"start":{"line":1,"column":24},"end":{"line":4,"column":1}},"line":1},"1":{"name":"request","decl":{"start":{"line":8,"column":23},"end":{"line":17,"column":1}},"loc":{"start":{"line":8,"column":23},"end":{"line":17,"column":1}},"line":8}},"f":{"0":1,"1":0}}
}
