{"D:\\cruise_sale_system\\frontend\\admin\\app\\app.vue": {"path":"D:\\cruise_sale_system\\frontend\\admin\\app\\app.vue","statementMap":{"0":{"start":{"line":4,"column":2},"end":{"line":8,"column":null}},"1":{"start":{"line":7,"column":37},"end":{"line":8,"column":null}}},"fnMap":{"0":{"name":"(anonymous_0)","decl":{"start":{"line":7,"column":6},"end":{"line":7,"column":37}},"loc":{"start":{"line":7,"column":37},"end":{"line":8,"column":null}},"line":7}},"branchMap":{},"s":{"0":1,"1":1},"f":{"0":1},"b":{},"meta":{"lastBranch":0,"lastFunction":1,"lastStatement":2,"seen":{"s:4:2:8:Infinity":0,"f:7:6:7:37":0,"s:7:37:8:Infinity":1}}}
,"D:\\cruise_sale_system\\frontend\\admin\\app\\components\\BookingRow.vue": {"path":"D:\\cruise_sale_system\\frontend\\admin\\app\\components\\BookingRow.vue","statementMap":{"0":{"start":{"line":15,"column":7},"end":{"line":15,"column":null}},"1":{"start":{"line":15,"column":2},"end":{"line":18,"column":39}}},"fnMap":{},"branchMap":{},"s":{"0":1,"1":1},"f":{},"b":{},"meta":{"lastBranch":0,"lastFunction":0,"lastStatement":0,"seen":{}}}
,"D:\\cruise_sale_system\\frontend\\admin\\app\\components\\PricingRow.vue": {"path":"D:\\cruise_sale_system\\frontend\\admin\\app\\components\\PricingRow.vue","statementMap":{"0":{"start":{"line":9,"column":2},"end":{"line":11,"column":null}}},"fnMap":{},"branchMap":{},"s":{"0":1},"f":{},"b":{},"meta":{"lastBranch":0,"lastFunction":0,"lastStatement":1,"seen":{"s:9:2:11:Infinity":0}}}
,"D:\\cruise_sale_system\\frontend\\admin\\app\\components\\RouteTable.vue": {"path":"D:\\cruise_sale_system\\frontend\\admin\\app\\components\\RouteTable.vue","statementMap":{"0":{"start":{"line":9,"column":9},"end":{"line":9,"column":null}},"1":{"start":{"line":9,"column":2},"end":{"line":21,"column":29}},"2":{"start":{"line":18,"column":6},"end":{"line":21,"column":29}}},"fnMap":{"0":{"name":"(anonymous_0)","decl":{"start":{"line":18,"column":27},"end":{"line":18,"column":30}},"loc":{"start":{"line":18,"column":18},"end":{"line":21,"column":29}},"line":18}},"branchMap":{"0":{"loc":{"start":{"line":24,"column":10},"end":{"line":14,"column":19}},"type":"binary-expr","locations":[{"start":{"line":24,"column":10},"end":{"line":24,"column":null}},{"start":{"line":24,"column":10},"end":{"line":14,"column":19}}],"line":24}},"s":{"0":1,"1":2,"2":2},"f":{"0":2},"b":{"0":[2,2]},"meta":{"lastBranch":1,"lastFunction":1,"lastStatement":3,"seen":{"s:9:9:9:Infinity":0,"s:9:2:21:29":1,"b:24:10:24:Infinity:24:10:14:19":0,"f:18:27:18:30":0,"s:18:6:21:29":2}}}
,"D:\\cruise_sale_system\\frontend\\admin\\app\\composables\\useApi.ts": {"path":"D:\\cruise_sale_system\\frontend\\admin\\app\\composables\\useApi.ts","statementMap":{"0":{"start":{"line":12,"column":22},"end":{"line":75,"column":null}},"1":{"start":{"line":13,"column":34},"end":{"line":13,"column":null}},"2":{"start":{"line":14,"column":19},"end":{"line":16,"column":null}},"3":{"start":{"line":17,"column":25},"end":{"line":17,"column":null}},"4":{"start":{"line":18,"column":4},"end":{"line":23,"column":null}},"5":{"start":{"line":19,"column":14},"end":{"line":19,"column":null}},"6":{"start":{"line":20,"column":8},"end":{"line":20,"column":null}},"7":{"start":{"line":22,"column":8},"end":{"line":22,"column":null}},"8":{"start":{"line":24,"column":21},"end":{"line":24,"column":null}},"9":{"start":{"line":27,"column":20},"end":{"line":27,"column":null}},"10":{"start":{"line":35,"column":20},"end":{"line":72,"column":null}},"11":{"start":{"line":38,"column":12},"end":{"line":43,"column":null}},"12":{"start":{"line":46,"column":48},"end":{"line":48,"column":null}},"13":{"start":{"line":50,"column":34},"end":{"line":52,"column":null}},"14":{"start":{"line":53,"column":22},"end":{"line":53,"column":null}},"15":{"start":{"line":54,"column":8},"end":{"line":54,"column":null}},"16":{"start":{"line":54,"column":19},"end":{"line":54,"column":null}},"17":{"start":{"line":56,"column":8},"end":{"line":71,"column":null}},"18":{"start":{"line":57,"column":12},"end":{"line":59,"column":null}},"19":{"start":{"line":58,"column":16},"end":{"line":58,"column":null}},"20":{"start":{"line":60,"column":12},"end":{"line":63,"column":null}},"21":{"start":{"line":66,"column":16},"end":{"line":69,"column":null}},"22":{"start":{"line":70,"column":12},"end":{"line":70,"column":null}},"23":{"start":{"line":74,"column":4},"end":{"line":74,"column":null}}},"fnMap":{"0":{"name":"(anonymous_0)","decl":{"start":{"line":12,"column":22},"end":{"line":12,"column":28}},"loc":{"start":{"line":12,"column":28},"end":{"line":75,"column":null}},"line":12},"1":{"name":"(anonymous_1)","decl":{"start":{"line":35,"column":20},"end":{"line":35,"column":30}},"loc":{"start":{"line":35,"column":66},"end":{"line":72,"column":null}},"line":35}},"branchMap":{"0":{"loc":{"start":{"line":14,"column":19},"end":{"line":16,"column":null}},"type":"cond-expr","locations":[{"start":{"line":15,"column":10},"end":{"line":15,"column":null}},{"start":{"line":16,"column":10},"end":{"line":16,"column":null}}],"line":14},"1":{"loc":{"start":{"line":20,"column":25},"end":{"line":20,"column":null}},"type":"binary-expr","locations":[{"start":{"line":20,"column":25},"end":{"line":20,"column":39}},{"start":{"line":20,"column":39},"end":{"line":20,"column":null}}],"line":20},"2":{"loc":{"start":{"line":35,"column":44},"end":{"line":35,"column":66}},"type":"default-arg","locations":[{"start":{"line":35,"column":59},"end":{"line":35,"column":66}}],"line":35},"3":{"loc":{"start":{"line":38,"column":12},"end":{"line":43,"column":null}},"type":"cond-expr","locations":[{"start":{"line":42,"column":18},"end":{"line":42,"column":null}},{"start":{"line":43,"column":18},"end":{"line":43,"column":null}}],"line":38},"4":{"loc":{"start":{"line":38,"column":12},"end":{"line":41,"column":null}},"type":"binary-expr","locations":[{"start":{"line":38,"column":12},"end":{"line":38,"column":null}},{"start":{"line":39,"column":12},"end":{"line":39,"column":null}},{"start":{"line":40,"column":12},"end":{"line":40,"column":null}},{"start":{"line":41,"column":12},"end":{"line":41,"column":null}}],"line":38},"5":{"loc":{"start":{"line":50,"column":34},"end":{"line":52,"column":null}},"type":"cond-expr","locations":[{"start":{"line":51,"column":15},"end":{"line":51,"column":null}},{"start":{"line":52,"column":14},"end":{"line":52,"column":null}}],"line":50},"6":{"loc":{"start":{"line":50,"column":34},"end":{"line":50,"column":null}},"type":"binary-expr","locations":[{"start":{"line":50,"column":34},"end":{"line":50,"column":67}},{"start":{"line":50,"column":67},"end":{"line":50,"column":null}}],"line":50},"7":{"loc":{"start":{"line":51,"column":15},"end":{"line":51,"column":null}},"type":"binary-expr","locations":[{"start":{"line":51,"column":15},"end":{"line":51,"column":69}},{"start":{"line":51,"column":69},"end":{"line":51,"column":null}}],"line":51},"8":{"loc":{"start":{"line":53,"column":22},"end":{"line":53,"column":null}},"type":"binary-expr","locations":[{"start":{"line":53,"column":22},"end":{"line":53,"column":40}},{"start":{"line":53,"column":40},"end":{"line":53,"column":null}}],"line":53},"9":{"loc":{"start":{"line":54,"column":8},"end":{"line":54,"column":null}},"type":"if","locations":[{"start":{"line":54,"column":8},"end":{"line":54,"column":null}},{"start":{},"end":{}}],"line":54},"10":{"loc":{"start":{"line":57,"column":12},"end":{"line":59,"column":null}},"type":"if","locations":[{"start":{"line":57,"column":12},"end":{"line":59,"column":null}},{"start":{},"end":{}}],"line":57},"11":{"loc":{"start":{"line":62,"column":43},"end":{"line":62,"column":66}},"type":"binary-expr","locations":[{"start":{"line":62,"column":43},"end":{"line":62,"column":62}},{"start":{"line":62,"column":62},"end":{"line":62,"column":66}}],"line":62},"12":{"loc":{"start":{"line":66,"column":16},"end":{"line":69,"column":null}},"type":"binary-expr","locations":[{"start":{"line":66,"column":16},"end":{"line":66,"column":null}},{"start":{"line":67,"column":16},"end":{"line":67,"column":null}},{"start":{"line":68,"column":16},"end":{"line":68,"column":null}},{"start":{"line":69,"column":16},"end":{"line":69,"column":null}}],"line":66}},"s":{"0":7,"1":16,"2":16,"3":16,"4":16,"5":16,"6":16,"7":8,"8":16,"9":16,"10":16,"11":12,"12":12,"13":12,"14":12,"15":12,"16":1,"17":12,"18":12,"19":0,"20":12,"21":4,"22":4,"23":16},"f":{"0":16,"1":12},"b":{"0":[16,0],"1":[16,7],"2":[12],"3":[2,10],"4":[12,10,10,10],"5":[2,10],"6":[12,12],"7":[2,2],"8":[12,11],"9":[1,11],"10":[0,12],"11":[12,12],"12":[4,4,4,0]},"meta":{"lastBranch":13,"lastFunction":2,"lastStatement":24,"seen":{"s:12:22:75:Infinity":0,"f:12:22:12:28":0,"s:13:34:13:Infinity":1,"s:14:19:16:Infinity":2,"b:15:10:15:Infinity:16:10:16:Infinity":0,"s:17:25:17:Infinity":3,"s:18:4:23:Infinity":4,"s:19:14:19:Infinity":5,"s:20:8:20:Infinity":6,"b:20:25:20:39:20:39:20:Infinity":1,"s:22:8:22:Infinity":7,"s:24:21:24:Infinity":8,"s:27:20:27:Infinity":9,"s:35:20:72:Infinity":10,"f:35:20:35:30":1,"b:35:59:35:66":2,"s:38:12:43:Infinity":11,"b:42:18:42:Infinity:43:18:43:Infinity":3,"b:38:12:38:Infinity:39:12:39:Infinity:40:12:40:Infinity:41:12:41:Infinity":4,"s:46:48:48:Infinity":12,"s:50:34:52:Infinity":13,"b:51:15:51:Infinity:52:14:52:Infinity":5,"b:50:34:50:67:50:67:50:Infinity":6,"b:51:15:51:69:51:69:51:Infinity":7,"s:53:22:53:Infinity":14,"b:53:22:53:40:53:40:53:Infinity":8,"b:54:8:54:Infinity:undefined:undefined:undefined:undefined":9,"s:54:8:54:Infinity":15,"s:54:19:54:Infinity":16,"s:56:8:71:Infinity":17,"b:57:12:59:Infinity:undefined:undefined:undefined:undefined":10,"s:57:12:59:Infinity":18,"s:58:16:58:Infinity":19,"s:60:12:63:Infinity":20,"b:62:43:62:62:62:62:62:66":11,"s:66:16:69:Infinity":21,"b:66:16:66:Infinity:67:16:67:Infinity:68:16:68:Infinity:69:16:69:Infinity":12,"s:70:12:70:Infinity":22,"s:74:4:74:Infinity":23}}}
,"D:\\cruise_sale_system\\frontend\\admin\\app\\layouts\\default.vue": {"path":"D:\\cruise_sale_system\\frontend\\admin\\app\\layouts\\default.vue","statementMap":{"0":{"start":{"line":4,"column":7},"end":{"line":4,"column":null}},"1":{"start":{"line":9,"column":9},"end":{"line":9,"column":null}},"2":{"start":{"line":11,"column":13},"end":{"line":11,"column":null}},"3":{"start":{"line":12,"column":13},"end":{"line":12,"column":null}},"4":{"start":{"line":21,"column":12},"end":{"line":21,"column":null}},"5":{"start":{"line":4,"column":2},"end":{"line":22,"column":null}},"6":{"start":{"line":13,"column":57},"end":{"line":13,"column":68}},"7":{"start":{"line":14,"column":56},"end":{"line":14,"column":67}},"8":{"start":{"line":15,"column":57},"end":{"line":15,"column":68}},"9":{"start":{"line":16,"column":56},"end":{"line":16,"column":67}},"10":{"start":{"line":17,"column":58},"end":{"line":17,"column":69}}},"fnMap":{"0":{"name":"(anonymous_0)","decl":{"start":{"line":13,"column":53},"end":{"line":13,"column":57}},"loc":{"start":{"line":13,"column":57},"end":{"line":13,"column":68}},"line":13},"1":{"name":"(anonymous_1)","decl":{"start":{"line":14,"column":52},"end":{"line":14,"column":56}},"loc":{"start":{"line":14,"column":56},"end":{"line":14,"column":67}},"line":14},"2":{"name":"(anonymous_2)","decl":{"start":{"line":15,"column":53},"end":{"line":15,"column":57}},"loc":{"start":{"line":15,"column":57},"end":{"line":15,"column":68}},"line":15},"3":{"name":"(anonymous_3)","decl":{"start":{"line":16,"column":52},"end":{"line":16,"column":56}},"loc":{"start":{"line":16,"column":56},"end":{"line":16,"column":67}},"line":16},"4":{"name":"(anonymous_4)","decl":{"start":{"line":17,"column":54},"end":{"line":17,"column":58}},"loc":{"start":{"line":17,"column":58},"end":{"line":17,"column":69}},"line":17}},"branchMap":{"0":{"loc":{"start":{"line":5,"column":4},"end":{"line":7,"column":56}},"type":"binary-expr","locations":[{"start":{"line":5,"column":4},"end":{"line":5,"column":null}},{"start":{"line":5,"column":4},"end":{"line":7,"column":56}}],"line":5},"1":{"loc":{"start":{"line":13,"column":57},"end":{"line":13,"column":68}},"type":"binary-expr","locations":[{"start":{"line":13,"column":57},"end":{"line":13,"column":68}},{"start":{"line":13,"column":57},"end":{"line":13,"column":68}}],"line":13},"2":{"loc":{"start":{"line":14,"column":56},"end":{"line":14,"column":67}},"type":"binary-expr","locations":[{"start":{"line":14,"column":56},"end":{"line":14,"column":67}},{"start":{"line":14,"column":56},"end":{"line":14,"column":67}}],"line":14},"3":{"loc":{"start":{"line":15,"column":57},"end":{"line":15,"column":68}},"type":"binary-expr","locations":[{"start":{"line":15,"column":57},"end":{"line":15,"column":68}},{"start":{"line":15,"column":57},"end":{"line":15,"column":68}}],"line":15},"4":{"loc":{"start":{"line":16,"column":56},"end":{"line":16,"column":67}},"type":"binary-expr","locations":[{"start":{"line":16,"column":56},"end":{"line":16,"column":67}},{"start":{"line":16,"column":56},"end":{"line":16,"column":67}}],"line":16},"5":{"loc":{"start":{"line":17,"column":58},"end":{"line":17,"column":69}},"type":"binary-expr","locations":[{"start":{"line":17,"column":58},"end":{"line":17,"column":69}},{"start":{"line":17,"column":58},"end":{"line":17,"column":69}}],"line":17}},"s":{"0":1,"1":1,"2":1,"3":1,"4":1,"5":1,"6":1,"7":1,"8":1,"9":1,"10":1},"f":{"0":1,"1":1,"2":1,"3":1,"4":1},"b":{"0":[1,1],"1":[1,1],"2":[1,1],"3":[1,1],"4":[1,1],"5":[1,1]},"meta":{"lastBranch":6,"lastFunction":5,"lastStatement":11,"seen":{"s:4:7:4:Infinity":0,"s:9:9:9:Infinity":1,"s:11:13:11:Infinity":2,"s:12:13:12:Infinity":3,"s:21:12:21:Infinity":4,"s:4:2:22:Infinity":5,"b:5:4:5:Infinity:5:4:7:56":0,"f:13:53:13:57":0,"s:13:57:13:68":6,"b:13:57:13:68:13:57:13:68":1,"f:14:52:14:56":1,"s:14:56:14:67":7,"b:14:56:14:67:14:56:14:67":2,"f:15:53:15:57":2,"s:15:57:15:68":8,"b:15:57:15:68:15:57:15:68":3,"f:16:52:16:56":3,"s:16:56:16:67":9,"b:16:56:16:67:16:56:16:67":4,"f:17:54:17:58":4,"s:17:58:17:69":10,"b:17:58:17:69:17:58:17:69":5}}}
,"D:\\cruise_sale_system\\frontend\\admin\\app\\pages\\login.vue": {"path":"D:\\cruise_sale_system\\frontend\\admin\\app\\pages\\login.vue","statementMap":{"0":{"start":{"line":25,"column":6},"end":{"line":25,"column":null}},"1":{"start":{"line":26,"column":6},"end":{"line":26,"column":null}},"2":{"start":{"line":27,"column":6},"end":{"line":27,"column":null}},"3":{"start":{"line":28,"column":6},"end":{"line":28,"column":null}},"4":{"start":{"line":29,"column":6},"end":{"line":29,"column":null}},"5":{"start":{"line":30,"column":16},"end":{"line":30,"column":null}},"6":{"start":{"line":38,"column":2},"end":{"line":41,"column":null}},"7":{"start":{"line":39,"column":4},"end":{"line":39,"column":null}},"8":{"start":{"line":40,"column":4},"end":{"line":40,"column":null}},"9":{"start":{"line":42,"column":2},"end":{"line":42,"column":null}},"10":{"start":{"line":43,"column":2},"end":{"line":43,"column":null}},"11":{"start":{"line":44,"column":2},"end":{"line":63,"column":null}},"12":{"start":{"line":46,"column":16},"end":{"line":52,"column":null}},"13":{"start":{"line":53,"column":18},"end":{"line":53,"column":null}},"14":{"start":{"line":54,"column":4},"end":{"line":56,"column":null}},"15":{"start":{"line":55,"column":6},"end":{"line":55,"column":null}},"16":{"start":{"line":57,"column":4},"end":{"line":57,"column":null}},"17":{"start":{"line":58,"column":4},"end":{"line":58,"column":null}},"18":{"start":{"line":60,"column":4},"end":{"line":60,"column":null}},"19":{"start":{"line":62,"column":4},"end":{"line":62,"column":null}},"20":{"start":{"line":4,"column":7},"end":{"line":4,"column":null}},"21":{"start":{"line":5,"column":9},"end":{"line":5,"column":null}},"22":{"start":{"line":4,"column":2},"end":{"line":14,"column":126}},"23":{"start":{"line":9,"column":24},"end":{"line":9,"column":34}},"24":{"start":{"line":11,"column":24},"end":{"line":11,"column":34}}},"fnMap":{"0":{"name":"handleLogin","decl":{"start":{"line":36,"column":15},"end":{"line":36,"column":29}},"loc":{"start":{"line":36,"column":29},"end":{"line":64,"column":null}},"line":36},"1":{"name":"(anonymous_1)","decl":{"start":{"line":9,"column":54},"end":{"line":9,"column":null}},"loc":{"start":{"line":9,"column":24},"end":{"line":9,"column":34}},"line":9},"2":{"name":"(anonymous_2)","decl":{"start":{"line":11,"column":69},"end":{"line":11,"column":null}},"loc":{"start":{"line":11,"column":24},"end":{"line":11,"column":34}},"line":11}},"branchMap":{"0":{"loc":{"start":{"line":38,"column":2},"end":{"line":41,"column":null}},"type":"if","locations":[{"start":{"line":38,"column":2},"end":{"line":41,"column":null}},{"start":{},"end":{}}],"line":38},"1":{"loc":{"start":{"line":38,"column":6},"end":{"line":38,"column":42}},"type":"binary-expr","locations":[{"start":{"line":38,"column":6},"end":{"line":38,"column":25}},{"start":{"line":38,"column":25},"end":{"line":38,"column":42}}],"line":38},"2":{"loc":{"start":{"line":53,"column":18},"end":{"line":53,"column":null}},"type":"binary-expr","locations":[{"start":{"line":53,"column":18},"end":{"line":53,"column":32}},{"start":{"line":53,"column":32},"end":{"line":53,"column":null}}],"line":53},"3":{"loc":{"start":{"line":54,"column":4},"end":{"line":56,"column":null}},"type":"if","locations":[{"start":{"line":54,"column":4},"end":{"line":56,"column":null}},{"start":{},"end":{}}],"line":54},"4":{"loc":{"start":{"line":60,"column":18},"end":{"line":60,"column":null}},"type":"binary-expr","locations":[{"start":{"line":60,"column":18},"end":{"line":60,"column":32}},{"start":{"line":60,"column":32},"end":{"line":60,"column":null}}],"line":60},"5":{"loc":{"start":{"line":16,"column":10},"end":{"line":6,"column":55}},"type":"binary-expr","locations":[{"start":{"line":16,"column":10},"end":{"line":16,"column":null}},{"start":{"line":16,"column":10},"end":{"line":6,"column":55}}],"line":16},"6":{"loc":{"start":{"line":9,"column":54},"end":{"line":9,"column":34}},"type":"binary-expr","locations":[{"start":{"line":9,"column":54},"end":{"line":9,"column":null}},{"start":{"line":9,"column":54},"end":{"line":9,"column":34}}],"line":9},"7":{"loc":{"start":{"line":11,"column":69},"end":{"line":11,"column":34}},"type":"binary-expr","locations":[{"start":{"line":11,"column":69},"end":{"line":11,"column":null}},{"start":{"line":11,"column":69},"end":{"line":11,"column":34}}],"line":11},"8":{"loc":{"start":{"line":13,"column":17},"end":{"line":13,"column":68}},"type":"cond-expr","locations":[{"start":{"line":13,"column":17},"end":{"line":13,"column":68}},{"start":{"line":13,"column":61},"end":{"line":13,"column":68}}],"line":13},"9":{"loc":{"start":{"line":14,"column":89},"end":{"line":14,"column":126}},"type":"cond-expr","locations":[{"start":{"line":14,"column":96},"end":{"line":14,"column":126}},{"start":{"line":14,"column":96},"end":{"line":14,"column":126}}],"line":14}},"s":{"0":5,"1":5,"2":5,"3":5,"4":5,"5":5,"6":3,"7":1,"8":1,"9":2,"10":2,"11":2,"12":2,"13":1,"14":3,"15":0,"16":1,"17":1,"18":1,"19":2,"20":1,"21":1,"22":14,"23":2,"24":2},"f":{"0":3,"1":2,"2":2},"b":{"0":[1,2],"1":[3,2],"2":[1,0],"3":[0,3],"4":[1,0],"5":[14,5],"6":[14,5],"7":[14,5],"8":[2,12],"9":[2,12]},"meta":{"lastBranch":10,"lastFunction":3,"lastStatement":25,"seen":{"s:25:6:25:Infinity":0,"s:26:6:26:Infinity":1,"s:27:6:27:Infinity":2,"s:28:6:28:Infinity":3,"s:29:6:29:Infinity":4,"s:30:16:30:Infinity":5,"f:36:15:36:29":0,"b:38:2:41:Infinity:undefined:undefined:undefined:undefined":0,"s:38:2:41:Infinity":6,"b:38:6:38:25:38:25:38:42":1,"s:39:4:39:Infinity":7,"s:40:4:40:Infinity":8,"s:42:2:42:Infinity":9,"s:43:2:43:Infinity":10,"s:44:2:63:Infinity":11,"s:46:16:52:Infinity":12,"s:53:18:53:Infinity":13,"b:53:18:53:32:53:32:53:Infinity":2,"b:54:4:56:Infinity:undefined:undefined:undefined:undefined":3,"s:54:4:56:Infinity":14,"s:55:6:55:Infinity":15,"s:57:4:57:Infinity":16,"s:58:4:58:Infinity":17,"s:60:4:60:Infinity":18,"b:60:18:60:32:60:32:60:Infinity":4,"s:62:4:62:Infinity":19,"s:4:7:4:Infinity":20,"s:5:9:5:Infinity":21,"s:4:2:14:126":22,"b:16:10:16:Infinity:16:10:6:55":5,"b:9:54:9:Infinity:9:54:9:34":6,"f:9:54:9:Infinity":1,"s:9:24:9:34":23,"b:11:69:11:Infinity:11:69:11:34":7,"f:11:69:11:Infinity":2,"s:11:24:11:34":24,"b:13:17:13:68:13:61:13:68":8,"b:14:96:14:126:14:96:14:126":9}}}
,"D:\\cruise_sale_system\\frontend\\admin\\app\\pages\\bookings\\[id].vue": {"path":"D:\\cruise_sale_system\\frontend\\admin\\app\\pages\\bookings\\[id].vue","statementMap":{"0":{"start":{"line":10,"column":14},"end":{"line":10,"column":null}},"1":{"start":{"line":11,"column":20},"end":{"line":11,"column":null}},"2":{"start":{"line":13,"column":6},"end":{"line":13,"column":null}},"3":{"start":{"line":14,"column":6},"end":{"line":14,"column":null}},"4":{"start":{"line":15,"column":6},"end":{"line":15,"column":null}},"5":{"start":{"line":16,"column":6},"end":{"line":16,"column":null}},"6":{"start":{"line":17,"column":6},"end":{"line":17,"column":null}},"7":{"start":{"line":18,"column":6},"end":{"line":18,"column":null}},"8":{"start":{"line":20,"column":0},"end":{"line":33,"column":null}},"9":{"start":{"line":21,"column":2},"end":{"line":21,"column":null}},"10":{"start":{"line":22,"column":2},"end":{"line":22,"column":null}},"11":{"start":{"line":23,"column":2},"end":{"line":32,"column":null}},"12":{"start":{"line":24,"column":15},"end":{"line":24,"column":null}},"13":{"start":{"line":25,"column":16},"end":{"line":25,"column":null}},"14":{"start":{"line":26,"column":4},"end":{"line":26,"column":null}},"15":{"start":{"line":27,"column":4},"end":{"line":27,"column":null}},"16":{"start":{"line":29,"column":4},"end":{"line":29,"column":null}},"17":{"start":{"line":31,"column":4},"end":{"line":31,"column":null}},"18":{"start":{"line":36,"column":2},"end":{"line":36,"column":null}},"19":{"start":{"line":36,"column":38},"end":{"line":36,"column":null}},"20":{"start":{"line":37,"column":2},"end":{"line":37,"column":null}},"21":{"start":{"line":38,"column":2},"end":{"line":38,"column":null}},"22":{"start":{"line":39,"column":2},"end":{"line":51,"column":null}},"23":{"start":{"line":40,"column":4},"end":{"line":45,"column":null}},"24":{"start":{"line":46,"column":4},"end":{"line":46,"column":null}},"25":{"start":{"line":48,"column":4},"end":{"line":48,"column":null}},"26":{"start":{"line":50,"column":4},"end":{"line":50,"column":null}},"27":{"start":{"line":55,"column":2},"end":{"line":55,"column":null}},"28":{"start":{"line":55,"column":40},"end":{"line":55,"column":null}},"29":{"start":{"line":56,"column":2},"end":{"line":56,"column":null}},"30":{"start":{"line":56,"column":50},"end":{"line":56,"column":null}},"31":{"start":{"line":57,"column":2},"end":{"line":57,"column":null}},"32":{"start":{"line":58,"column":2},"end":{"line":58,"column":null}},"33":{"start":{"line":59,"column":2},"end":{"line":66,"column":null}},"34":{"start":{"line":60,"column":4},"end":{"line":60,"column":null}},"35":{"start":{"line":61,"column":4},"end":{"line":61,"column":null}},"36":{"start":{"line":63,"column":4},"end":{"line":63,"column":null}},"37":{"start":{"line":65,"column":4},"end":{"line":65,"column":null}},"38":{"start":{"line":71,"column":7},"end":{"line":71,"column":null}},"39":{"start":{"line":71,"column":2},"end":{"line":82,"column":150}},"40":{"start":{"line":79,"column":22},"end":{"line":79,"column":30}}},"fnMap":{"0":{"name":"(anonymous_0)","decl":{"start":{"line":20,"column":10},"end":{"line":20,"column":22}},"loc":{"start":{"line":20,"column":22},"end":{"line":33,"column":1}},"line":20},"1":{"name":"handleSave","decl":{"start":{"line":35,"column":15},"end":{"line":35,"column":28}},"loc":{"start":{"line":35,"column":28},"end":{"line":52,"column":null}},"line":35},"2":{"name":"handleDelete","decl":{"start":{"line":54,"column":15},"end":{"line":54,"column":30}},"loc":{"start":{"line":54,"column":30},"end":{"line":67,"column":null}},"line":54},"3":{"name":"(anonymous_3)","decl":{"start":{"line":79,"column":81},"end":{"line":79,"column":null}},"loc":{"start":{"line":79,"column":22},"end":{"line":79,"column":30}},"line":79}},"branchMap":{"0":{"loc":{"start":{"line":24,"column":22},"end":{"line":24,"column":43}},"type":"binary-expr","locations":[{"start":{"line":24,"column":22},"end":{"line":24,"column":41}},{"start":{"line":24,"column":41},"end":{"line":24,"column":43}}],"line":24},"1":{"loc":{"start":{"line":26,"column":20},"end":{"line":26,"column":null}},"type":"binary-expr","locations":[{"start":{"line":26,"column":20},"end":{"line":26,"column":33}},{"start":{"line":26,"column":33},"end":{"line":26,"column":40}},{"start":{"line":26,"column":40},"end":{"line":26,"column":null}}],"line":26},"2":{"loc":{"start":{"line":27,"column":19},"end":{"line":27,"column":null}},"type":"binary-expr","locations":[{"start":{"line":27,"column":19},"end":{"line":27,"column":44}},{"start":{"line":27,"column":44},"end":{"line":27,"column":null}}],"line":27},"3":{"loc":{"start":{"line":29,"column":18},"end":{"line":29,"column":null}},"type":"binary-expr","locations":[{"start":{"line":29,"column":18},"end":{"line":29,"column":32}},{"start":{"line":29,"column":32},"end":{"line":29,"column":null}}],"line":29},"4":{"loc":{"start":{"line":36,"column":2},"end":{"line":36,"column":null}},"type":"if","locations":[{"start":{"line":36,"column":2},"end":{"line":36,"column":null}},{"start":{},"end":{}}],"line":36},"5":{"loc":{"start":{"line":36,"column":6},"end":{"line":36,"column":38}},"type":"binary-expr","locations":[{"start":{"line":36,"column":6},"end":{"line":36,"column":24}},{"start":{"line":36,"column":24},"end":{"line":36,"column":38}}],"line":36},"6":{"loc":{"start":{"line":48,"column":18},"end":{"line":48,"column":null}},"type":"binary-expr","locations":[{"start":{"line":48,"column":18},"end":{"line":48,"column":32}},{"start":{"line":48,"column":32},"end":{"line":48,"column":null}}],"line":48},"7":{"loc":{"start":{"line":55,"column":2},"end":{"line":55,"column":null}},"type":"if","locations":[{"start":{"line":55,"column":2},"end":{"line":55,"column":null}},{"start":{},"end":{}}],"line":55},"8":{"loc":{"start":{"line":55,"column":6},"end":{"line":55,"column":40}},"type":"binary-expr","locations":[{"start":{"line":55,"column":6},"end":{"line":55,"column":24}},{"start":{"line":55,"column":24},"end":{"line":55,"column":40}}],"line":55},"9":{"loc":{"start":{"line":56,"column":2},"end":{"line":56,"column":null}},"type":"if","locations":[{"start":{"line":56,"column":2},"end":{"line":56,"column":null}},{"start":{},"end":{}}],"line":56},"10":{"loc":{"start":{"line":63,"column":18},"end":{"line":63,"column":null}},"type":"binary-expr","locations":[{"start":{"line":63,"column":18},"end":{"line":63,"column":32}},{"start":{"line":63,"column":32},"end":{"line":63,"column":null}}],"line":63},"11":{"loc":{"start":{"line":73,"column":13},"end":{"line":82,"column":150}},"type":"cond-expr","locations":[{"start":{"line":73,"column":13},"end":{"line":73,"column":36}},{"start":{"line":74,"column":18},"end":{"line":82,"column":150}}],"line":73},"12":{"loc":{"start":{"line":74,"column":18},"end":{"line":82,"column":150}},"type":"cond-expr","locations":[{"start":{"line":74,"column":18},"end":{"line":74,"column":54}},{"start":{"line":75,"column":20},"end":{"line":82,"column":150}}],"line":74},"13":{"loc":{"start":{"line":75,"column":20},"end":{"line":82,"column":150}},"type":"cond-expr","locations":[{"start":{"line":75,"column":20},"end":{"line":82,"column":150}}],"line":75},"14":{"loc":{"start":{"line":79,"column":81},"end":{"line":79,"column":30}},"type":"binary-expr","locations":[{"start":{"line":79,"column":81},"end":{"line":79,"column":null}},{"start":{"line":79,"column":81},"end":{"line":79,"column":30}}],"line":79},"15":{"loc":{"start":{"line":79,"column":59},"end":{"line":79,"column":81}},"type":"binary-expr","locations":[{"start":{"line":79,"column":59},"end":{"line":79,"column":69}},{"start":{"line":79,"column":69},"end":{"line":79,"column":81}}],"line":79},"16":{"loc":{"start":{"line":81,"column":41},"end":{"line":81,"column":62}},"type":"binary-expr","locations":[{"start":{"line":81,"column":41},"end":{"line":81,"column":51}},{"start":{"line":81,"column":51},"end":{"line":81,"column":62}}],"line":81},"17":{"loc":{"start":{"line":81,"column":84},"end":{"line":81,"column":122}},"type":"cond-expr","locations":[{"start":{"line":81,"column":90},"end":{"line":81,"column":122}},{"start":{"line":81,"column":90},"end":{"line":81,"column":122}}],"line":81},"18":{"loc":{"start":{"line":82,"column":65},"end":{"line":82,"column":86}},"type":"binary-expr","locations":[{"start":{"line":82,"column":65},"end":{"line":82,"column":75}},{"start":{"line":82,"column":75},"end":{"line":82,"column":86}}],"line":82},"19":{"loc":{"start":{"line":82,"column":110},"end":{"line":82,"column":150}},"type":"cond-expr","locations":[{"start":{"line":82,"column":118},"end":{"line":82,"column":150}},{"start":{"line":82,"column":118},"end":{"line":82,"column":150}}],"line":82}},"s":{"0":4,"1":4,"2":4,"3":4,"4":4,"5":4,"6":4,"7":4,"8":4,"9":4,"10":4,"11":4,"12":4,"13":4,"14":3,"15":4,"16":1,"17":4,"18":1,"19":0,"20":1,"21":1,"22":1,"23":1,"24":1,"25":0,"26":1,"27":1,"28":0,"29":1,"30":1,"31":0,"32":0,"33":0,"34":0,"35":0,"36":0,"37":0,"38":1,"39":15,"40":1},"f":{"0":4,"1":1,"2":1,"3":1},"b":{"0":[4,0],"1":[3,0,0],"2":[4,0],"3":[1,0],"4":[0,1],"5":[1,1],"6":[0,0],"7":[0,1],"8":[1,1],"9":[1,0],"10":[0,0],"11":[4,11],"12":[1,10],"13":[6,null],"14":[6,3],"15":[6,5],"16":[6,5],"17":[1,5],"18":[6,5],"19":[0,6]},"meta":{"lastBranch":20,"lastFunction":4,"lastStatement":41,"seen":{"s:10:14:10:Infinity":0,"s:11:20:11:Infinity":1,"s:13:6:13:Infinity":2,"s:14:6:14:Infinity":3,"s:15:6:15:Infinity":4,"s:16:6:16:Infinity":5,"s:17:6:17:Infinity":6,"s:18:6:18:Infinity":7,"s:20:0:33:Infinity":8,"f:20:10:20:22":0,"s:21:2:21:Infinity":9,"s:22:2:22:Infinity":10,"s:23:2:32:Infinity":11,"s:24:15:24:Infinity":12,"b:24:22:24:41:24:41:24:43":0,"s:25:16:25:Infinity":13,"s:26:4:26:Infinity":14,"b:26:20:26:33:26:33:26:40:26:40:26:Infinity":1,"s:27:4:27:Infinity":15,"b:27:19:27:44:27:44:27:Infinity":2,"s:29:4:29:Infinity":16,"b:29:18:29:32:29:32:29:Infinity":3,"s:31:4:31:Infinity":17,"f:35:15:35:28":1,"b:36:2:36:Infinity:undefined:undefined:undefined:undefined":4,"s:36:2:36:Infinity":18,"b:36:6:36:24:36:24:36:38":5,"s:36:38:36:Infinity":19,"s:37:2:37:Infinity":20,"s:38:2:38:Infinity":21,"s:39:2:51:Infinity":22,"s:40:4:45:Infinity":23,"s:46:4:46:Infinity":24,"s:48:4:48:Infinity":25,"b:48:18:48:32:48:32:48:Infinity":6,"s:50:4:50:Infinity":26,"f:54:15:54:30":2,"b:55:2:55:Infinity:undefined:undefined:undefined:undefined":7,"s:55:2:55:Infinity":27,"b:55:6:55:24:55:24:55:40":8,"s:55:40:55:Infinity":28,"b:56:2:56:Infinity:undefined:undefined:undefined:undefined":9,"s:56:2:56:Infinity":29,"s:56:50:56:Infinity":30,"s:57:2:57:Infinity":31,"s:58:2:58:Infinity":32,"s:59:2:66:Infinity":33,"s:60:4:60:Infinity":34,"s:61:4:61:Infinity":35,"s:63:4:63:Infinity":36,"b:63:18:63:32:63:32:63:Infinity":10,"s:65:4:65:Infinity":37,"s:71:7:71:Infinity":38,"s:71:2:82:150":39,"b:73:13:73:36:74:18:82:150":11,"b:74:18:74:54:75:20:82:150":12,"b:75:20:82:150":13,"b:79:81:79:Infinity:79:81:79:30":14,"f:79:81:79:Infinity":3,"s:79:22:79:30":40,"b:79:59:79:69:79:69:79:81":15,"b:81:41:81:51:81:51:81:62":16,"b:81:90:81:122:81:90:81:122":17,"b:82:65:82:75:82:75:82:86":18,"b:82:118:82:150:82:118:82:150":19}}}
,"D:\\cruise_sale_system\\frontend\\admin\\app\\pages\\bookings\\index.vue": {"path":"D:\\cruise_sale_system\\frontend\\admin\\app\\pages\\bookings\\index.vue","statementMap":{"0":{"start":{"line":6,"column":20},"end":{"line":6,"column":null}},"1":{"start":{"line":7,"column":6},"end":{"line":7,"column":null}},"2":{"start":{"line":8,"column":6},"end":{"line":8,"column":null}},"3":{"start":{"line":9,"column":6},"end":{"line":9,"column":null}},"4":{"start":{"line":10,"column":6},"end":{"line":10,"column":null}},"5":{"start":{"line":13,"column":2},"end":{"line":13,"column":null}},"6":{"start":{"line":14,"column":2},"end":{"line":23,"column":null}},"7":{"start":{"line":15,"column":16},"end":{"line":15,"column":null}},"8":{"start":{"line":16,"column":20},"end":{"line":16,"column":null}},"9":{"start":{"line":17,"column":4},"end":{"line":17,"column":null}},"10":{"start":{"line":18,"column":4},"end":{"line":18,"column":null}},"11":{"start":{"line":20,"column":4},"end":{"line":20,"column":null}},"12":{"start":{"line":22,"column":4},"end":{"line":22,"column":null}},"13":{"start":{"line":27,"column":13},"end":{"line":27,"column":null}},"14":{"start":{"line":28,"column":2},"end":{"line":28,"column":null}},"15":{"start":{"line":32,"column":13},"end":{"line":32,"column":null}},"16":{"start":{"line":33,"column":2},"end":{"line":36,"column":null}},"17":{"start":{"line":34,"column":4},"end":{"line":34,"column":null}},"18":{"start":{"line":35,"column":4},"end":{"line":35,"column":null}},"19":{"start":{"line":37,"column":2},"end":{"line":37,"column":null}},"20":{"start":{"line":37,"column":36},"end":{"line":37,"column":null}},"21":{"start":{"line":38,"column":2},"end":{"line":43,"column":null}},"22":{"start":{"line":39,"column":4},"end":{"line":39,"column":null}},"23":{"start":{"line":40,"column":4},"end":{"line":40,"column":null}},"24":{"start":{"line":42,"column":4},"end":{"line":42,"column":null}},"25":{"start":{"line":46,"column":0},"end":{"line":46,"column":null}},"26":{"start":{"line":50,"column":7},"end":{"line":50,"column":null}},"27":{"start":{"line":51,"column":9},"end":{"line":51,"column":null}},"28":{"start":{"line":50,"column":2},"end":{"line":74,"column":97}},"29":{"start":{"line":53,"column":70},"end":{"line":53,"column":70}},"30":{"start":{"line":68,"column":8},"end":{"line":74,"column":97}},"31":{"start":{"line":73,"column":50},"end":{"line":73,"column":61}},"32":{"start":{"line":74,"column":66},"end":{"line":74,"column":86}}},"fnMap":{"0":{"name":"loadItems","decl":{"start":{"line":12,"column":15},"end":{"line":12,"column":27}},"loc":{"start":{"line":12,"column":27},"end":{"line":24,"column":null}},"line":12},"1":{"name":"resolveId","decl":{"start":{"line":26,"column":9},"end":{"line":26,"column":19}},"loc":{"start":{"line":26,"column":33},"end":{"line":29,"column":null}},"line":26},"2":{"name":"handleDelete","decl":{"start":{"line":31,"column":15},"end":{"line":31,"column":28}},"loc":{"start":{"line":31,"column":44},"end":{"line":44,"column":null}},"line":31},"3":{"name":"(anonymous_3)","decl":{"start":{"line":53,"column":35},"end":{"line":53,"column":43}},"loc":{"start":{"line":53,"column":70},"end":{"line":53,"column":70}},"line":53},"4":{"name":"(anonymous_4)","decl":{"start":{"line":68,"column":29},"end":{"line":68,"column":32}},"loc":{"start":{"line":68,"column":20},"end":{"line":74,"column":97}},"line":68},"5":{"name":"(anonymous_5)","decl":{"start":{"line":73,"column":48},"end":{"line":73,"column":50}},"loc":{"start":{"line":73,"column":50},"end":{"line":73,"column":61}},"line":73},"6":{"name":"(anonymous_6)","decl":{"start":{"line":74,"column":64},"end":{"line":74,"column":66}},"loc":{"start":{"line":74,"column":66},"end":{"line":74,"column":86}},"line":74}},"branchMap":{"0":{"loc":{"start":{"line":16,"column":20},"end":{"line":16,"column":null}},"type":"binary-expr","locations":[{"start":{"line":16,"column":20},"end":{"line":16,"column":33}},{"start":{"line":16,"column":33},"end":{"line":16,"column":40}},{"start":{"line":16,"column":40},"end":{"line":16,"column":null}}],"line":16},"1":{"loc":{"start":{"line":17,"column":18},"end":{"line":17,"column":null}},"type":"binary-expr","locations":[{"start":{"line":17,"column":18},"end":{"line":17,"column":35}},{"start":{"line":17,"column":35},"end":{"line":17,"column":null}}],"line":17},"2":{"loc":{"start":{"line":18,"column":25},"end":{"line":18,"column":44}},"type":"binary-expr","locations":[{"start":{"line":18,"column":25},"end":{"line":18,"column":43}},{"start":{"line":18,"column":43},"end":{"line":18,"column":44}}],"line":18},"3":{"loc":{"start":{"line":20,"column":18},"end":{"line":20,"column":null}},"type":"binary-expr","locations":[{"start":{"line":20,"column":18},"end":{"line":20,"column":32}},{"start":{"line":20,"column":32},"end":{"line":20,"column":null}}],"line":20},"4":{"loc":{"start":{"line":28,"column":9},"end":{"line":28,"column":null}},"type":"cond-expr","locations":[{"start":{"line":28,"column":41},"end":{"line":28,"column":46}},{"start":{"line":28,"column":46},"end":{"line":28,"column":null}}],"line":28},"5":{"loc":{"start":{"line":28,"column":9},"end":{"line":28,"column":41}},"type":"binary-expr","locations":[{"start":{"line":28,"column":9},"end":{"line":28,"column":32}},{"start":{"line":28,"column":32},"end":{"line":28,"column":41}}],"line":28},"6":{"loc":{"start":{"line":33,"column":2},"end":{"line":36,"column":null}},"type":"if","locations":[{"start":{"line":33,"column":2},"end":{"line":36,"column":null}},{"start":{},"end":{}}],"line":33},"7":{"loc":{"start":{"line":37,"column":2},"end":{"line":37,"column":null}},"type":"if","locations":[{"start":{"line":37,"column":2},"end":{"line":37,"column":null}},{"start":{},"end":{}}],"line":37},"8":{"loc":{"start":{"line":42,"column":18},"end":{"line":42,"column":null}},"type":"binary-expr","locations":[{"start":{"line":42,"column":18},"end":{"line":42,"column":32}},{"start":{"line":42,"column":32},"end":{"line":42,"column":null}}],"line":42},"9":{"loc":{"start":{"line":54,"column":10},"end":{"line":52,"column":23}},"type":"binary-expr","locations":[{"start":{"line":54,"column":10},"end":{"line":54,"column":null}},{"start":{"line":54,"column":10},"end":{"line":52,"column":23}}],"line":54},"10":{"loc":{"start":{"line":53,"column":70},"end":{"line":53,"column":70}},"type":"binary-expr","locations":[{"start":{"line":53,"column":70},"end":{"line":53,"column":81}},{"start":{"line":53,"column":70},"end":{"line":53,"column":70}}],"line":53},"11":{"loc":{"start":{"line":56,"column":13},"end":{"line":74,"column":97}},"type":"cond-expr","locations":[{"start":{"line":56,"column":13},"end":{"line":56,"column":36}},{"start":{"line":57,"column":18},"end":{"line":74,"column":97}}],"line":56},"12":{"loc":{"start":{"line":57,"column":18},"end":{"line":74,"column":97}},"type":"cond-expr","locations":[{"start":{"line":57,"column":18},"end":{"line":57,"column":54}},{"start":{"line":57,"column":47},"end":{"line":74,"column":97}}],"line":57},"13":{"loc":{"start":{"line":78,"column":12},"end":{"line":64,"column":21}},"type":"binary-expr","locations":[{"start":{"line":78,"column":12},"end":{"line":78,"column":null}},{"start":{"line":78,"column":12},"end":{"line":64,"column":21}}],"line":78},"14":{"loc":{"start":{"line":73,"column":50},"end":{"line":73,"column":61}},"type":"binary-expr","locations":[{"start":{"line":73,"column":50},"end":{"line":73,"column":61}},{"start":{"line":73,"column":50},"end":{"line":73,"column":61}}],"line":73}},"s":{"0":7,"1":7,"2":7,"3":7,"4":7,"5":8,"6":8,"7":8,"8":7,"9":8,"10":8,"11":1,"12":8,"13":3,"14":3,"15":3,"16":3,"17":1,"18":1,"19":2,"20":2,"21":1,"22":1,"23":1,"24":0,"25":7,"26":1,"27":1,"28":24,"29":24,"30":10,"31":10,"32":0},"f":{"0":8,"1":3,"2":3,"3":24,"4":10,"5":10,"6":0},"b":{"0":[7,0,0],"1":[8,0],"2":[8,0],"3":[1,0],"4":[2,1],"5":[3,2],"6":[1,2],"7":[1,1],"8":[0,0],"9":[24,7],"10":[24,7],"11":[8,16],"12":[2,14],"13":[14,7],"14":[10,5]},"meta":{"lastBranch":15,"lastFunction":7,"lastStatement":33,"seen":{"s:6:20:6:Infinity":0,"s:7:6:7:Infinity":1,"s:8:6:8:Infinity":2,"s:9:6:9:Infinity":3,"s:10:6:10:Infinity":4,"f:12:15:12:27":0,"s:13:2:13:Infinity":5,"s:14:2:23:Infinity":6,"s:15:16:15:Infinity":7,"s:16:20:16:Infinity":8,"b:16:20:16:33:16:33:16:40:16:40:16:Infinity":0,"s:17:4:17:Infinity":9,"b:17:18:17:35:17:35:17:Infinity":1,"s:18:4:18:Infinity":10,"b:18:25:18:43:18:43:18:44":2,"s:20:4:20:Infinity":11,"b:20:18:20:32:20:32:20:Infinity":3,"s:22:4:22:Infinity":12,"f:26:9:26:19":1,"s:27:13:27:Infinity":13,"s:28:2:28:Infinity":14,"b:28:41:28:46:28:46:28:Infinity":4,"b:28:9:28:32:28:32:28:41":5,"f:31:15:31:28":2,"s:32:13:32:Infinity":15,"b:33:2:36:Infinity:undefined:undefined:undefined:undefined":6,"s:33:2:36:Infinity":16,"s:34:4:34:Infinity":17,"s:35:4:35:Infinity":18,"b:37:2:37:Infinity:undefined:undefined:undefined:undefined":7,"s:37:2:37:Infinity":19,"s:37:36:37:Infinity":20,"s:38:2:43:Infinity":21,"s:39:4:39:Infinity":22,"s:40:4:40:Infinity":23,"s:42:4:42:Infinity":24,"b:42:18:42:32:42:32:42:Infinity":8,"s:46:0:46:Infinity":25,"s:50:7:50:Infinity":26,"s:51:9:51:Infinity":27,"s:50:2:74:97":28,"b:54:10:54:Infinity:54:10:52:23":9,"f:53:35:53:43":3,"s:53:70:53:70":29,"b:53:70:53:81:53:70:53:70":10,"b:56:13:56:36:57:18:74:97":11,"b:57:18:57:54:57:47:74:97":12,"b:78:12:78:Infinity:78:12:64:21":13,"f:68:29:68:32":4,"s:68:8:74:97":30,"f:73:48:73:50":5,"s:73:50:73:61":31,"b:73:50:73:61:73:50:73:61":14,"f:74:64:74:66":6,"s:74:66:74:86":32}}}
,"D:\\cruise_sale_system\\frontend\\admin\\app\\pages\\bookings\\new.vue": {"path":"D:\\cruise_sale_system\\frontend\\admin\\app\\pages\\bookings\\new.vue","statementMap":{"0":{"start":{"line":5,"column":16},"end":{"line":5,"column":null}},"1":{"start":{"line":6,"column":6},"end":{"line":6,"column":null}},"2":{"start":{"line":7,"column":6},"end":{"line":7,"column":null}},"3":{"start":{"line":8,"column":6},"end":{"line":8,"column":null}},"4":{"start":{"line":9,"column":6},"end":{"line":14,"column":null}},"5":{"start":{"line":17,"column":2},"end":{"line":17,"column":null}},"6":{"start":{"line":17,"column":21},"end":{"line":17,"column":null}},"7":{"start":{"line":18,"column":2},"end":{"line":18,"column":null}},"8":{"start":{"line":19,"column":2},"end":{"line":19,"column":null}},"9":{"start":{"line":20,"column":2},"end":{"line":20,"column":null}},"10":{"start":{"line":21,"column":2},"end":{"line":36,"column":null}},"11":{"start":{"line":22,"column":4},"end":{"line":30,"column":null}},"12":{"start":{"line":31,"column":4},"end":{"line":31,"column":null}},"13":{"start":{"line":33,"column":4},"end":{"line":33,"column":null}},"14":{"start":{"line":35,"column":4},"end":{"line":35,"column":null}},"15":{"start":{"line":41,"column":7},"end":{"line":41,"column":null}},"16":{"start":{"line":41,"column":2},"end":{"line":50,"column":110}},"17":{"start":{"line":44,"column":29},"end":{"line":44,"column":42}},"18":{"start":{"line":45,"column":29},"end":{"line":45,"column":44}},"19":{"start":{"line":46,"column":29},"end":{"line":46,"column":47}},"20":{"start":{"line":47,"column":29},"end":{"line":47,"column":41}}},"fnMap":{"0":{"name":"handleSubmit","decl":{"start":{"line":16,"column":15},"end":{"line":16,"column":30}},"loc":{"start":{"line":16,"column":30},"end":{"line":37,"column":null}},"line":16},"1":{"name":"(anonymous_1)","decl":{"start":{"line":44,"column":109},"end":{"line":44,"column":null}},"loc":{"start":{"line":44,"column":29},"end":{"line":44,"column":42}},"line":44},"2":{"name":"(anonymous_2)","decl":{"start":{"line":45,"column":113},"end":{"line":45,"column":null}},"loc":{"start":{"line":45,"column":29},"end":{"line":45,"column":44}},"line":45},"3":{"name":"(anonymous_3)","decl":{"start":{"line":46,"column":119},"end":{"line":46,"column":null}},"loc":{"start":{"line":46,"column":29},"end":{"line":46,"column":47}},"line":46},"4":{"name":"(anonymous_4)","decl":{"start":{"line":47,"column":107},"end":{"line":47,"column":null}},"loc":{"start":{"line":47,"column":29},"end":{"line":47,"column":41}},"line":47}},"branchMap":{"0":{"loc":{"start":{"line":17,"column":2},"end":{"line":17,"column":null}},"type":"if","locations":[{"start":{"line":17,"column":2},"end":{"line":17,"column":null}},{"start":{},"end":{}}],"line":17},"1":{"loc":{"start":{"line":33,"column":18},"end":{"line":33,"column":null}},"type":"binary-expr","locations":[{"start":{"line":33,"column":18},"end":{"line":33,"column":32}},{"start":{"line":33,"column":32},"end":{"line":33,"column":null}}],"line":33},"2":{"loc":{"start":{"line":52,"column":8},"end":{"line":42,"column":17}},"type":"binary-expr","locations":[{"start":{"line":52,"column":8},"end":{"line":52,"column":null}},{"start":{"line":52,"column":8},"end":{"line":42,"column":17}}],"line":52},"3":{"loc":{"start":{"line":44,"column":109},"end":{"line":44,"column":42}},"type":"binary-expr","locations":[{"start":{"line":44,"column":109},"end":{"line":44,"column":null}},{"start":{"line":44,"column":109},"end":{"line":44,"column":42}}],"line":44},"4":{"loc":{"start":{"line":45,"column":113},"end":{"line":45,"column":44}},"type":"binary-expr","locations":[{"start":{"line":45,"column":113},"end":{"line":45,"column":null}},{"start":{"line":45,"column":113},"end":{"line":45,"column":44}}],"line":45},"5":{"loc":{"start":{"line":46,"column":119},"end":{"line":46,"column":47}},"type":"binary-expr","locations":[{"start":{"line":46,"column":119},"end":{"line":46,"column":null}},{"start":{"line":46,"column":119},"end":{"line":46,"column":47}}],"line":46},"6":{"loc":{"start":{"line":47,"column":107},"end":{"line":47,"column":41}},"type":"binary-expr","locations":[{"start":{"line":47,"column":107},"end":{"line":47,"column":null}},{"start":{"line":47,"column":107},"end":{"line":47,"column":41}}],"line":47},"7":{"loc":{"start":{"line":48,"column":15},"end":{"line":48,"column":51}},"type":"cond-expr","locations":[{"start":{"line":48,"column":15},"end":{"line":48,"column":51}},{"start":{"line":48,"column":44},"end":{"line":48,"column":51}}],"line":48},"8":{"loc":{"start":{"line":49,"column":15},"end":{"line":49,"column":63}},"type":"cond-expr","locations":[{"start":{"line":49,"column":15},"end":{"line":49,"column":63}},{"start":{"line":49,"column":56},"end":{"line":49,"column":63}}],"line":49},"9":{"loc":{"start":{"line":50,"column":73},"end":{"line":50,"column":110}},"type":"cond-expr","locations":[{"start":{"line":50,"column":80},"end":{"line":50,"column":110}},{"start":{"line":50,"column":80},"end":{"line":50,"column":110}}],"line":50}},"s":{"0":2,"1":2,"2":2,"3":2,"4":2,"5":2,"6":0,"7":2,"8":2,"9":2,"10":2,"11":2,"12":1,"13":1,"14":2,"15":1,"16":10,"17":1,"18":1,"19":1,"20":1},"f":{"0":2,"1":1,"2":1,"3":1,"4":1},"b":{"0":[0,2],"1":[1,0],"2":[10,2],"3":[10,2],"4":[10,2],"5":[10,2],"6":[10,2],"7":[1,9],"8":[1,9],"9":[2,8]},"meta":{"lastBranch":10,"lastFunction":5,"lastStatement":21,"seen":{"s:5:16:5:Infinity":0,"s:6:6:6:Infinity":1,"s:7:6:7:Infinity":2,"s:8:6:8:Infinity":3,"s:9:6:14:Infinity":4,"f:16:15:16:30":0,"b:17:2:17:Infinity:undefined:undefined:undefined:undefined":0,"s:17:2:17:Infinity":5,"s:17:21:17:Infinity":6,"s:18:2:18:Infinity":7,"s:19:2:19:Infinity":8,"s:20:2:20:Infinity":9,"s:21:2:36:Infinity":10,"s:22:4:30:Infinity":11,"s:31:4:31:Infinity":12,"s:33:4:33:Infinity":13,"b:33:18:33:32:33:32:33:Infinity":1,"s:35:4:35:Infinity":14,"s:41:7:41:Infinity":15,"s:41:2:50:110":16,"b:52:8:52:Infinity:52:8:42:17":2,"b:44:109:44:Infinity:44:109:44:42":3,"f:44:109:44:Infinity":1,"s:44:29:44:42":17,"b:45:113:45:Infinity:45:113:45:44":4,"f:45:113:45:Infinity":2,"s:45:29:45:44":18,"b:46:119:46:Infinity:46:119:46:47":5,"f:46:119:46:Infinity":3,"s:46:29:46:47":19,"b:47:107:47:Infinity:47:107:47:41":6,"f:47:107:47:Infinity":4,"s:47:29:47:41":20,"b:48:15:48:51:48:44:48:51":7,"b:49:15:49:63:49:56:49:63":8,"b:50:80:50:110:50:80:50:110":9}}}
,"D:\\cruise_sale_system\\frontend\\admin\\app\\pages\\cabin-types\\[id].vue": {"path":"D:\\cruise_sale_system\\frontend\\admin\\app\\pages\\cabin-types\\[id].vue","statementMap":{"0":{"start":{"line":121,"column":14},"end":{"line":121,"column":null}},"1":{"start":{"line":122,"column":20},"end":{"line":122,"column":null}},"2":{"start":{"line":123,"column":6},"end":{"line":123,"column":null}},"3":{"start":{"line":124,"column":6},"end":{"line":124,"column":null}},"4":{"start":{"line":125,"column":6},"end":{"line":125,"column":null}},"5":{"start":{"line":126,"column":19},"end":{"line":126,"column":null}},"6":{"start":{"line":127,"column":23},"end":{"line":127,"column":null}},"7":{"start":{"line":129,"column":6},"end":{"line":132,"column":null}},"8":{"start":{"line":130,"column":16},"end":{"line":130,"column":null}},"9":{"start":{"line":131,"column":2},"end":{"line":131,"column":null}},"10":{"start":{"line":134,"column":6},"end":{"line":152,"column":null}},"11":{"start":{"line":155,"column":2},"end":{"line":161,"column":null}},"12":{"start":{"line":156,"column":16},"end":{"line":156,"column":null}},"13":{"start":{"line":157,"column":20},"end":{"line":157,"column":null}},"14":{"start":{"line":158,"column":4},"end":{"line":158,"column":null}},"15":{"start":{"line":160,"column":4},"end":{"line":160,"column":null}},"16":{"start":{"line":165,"column":2},"end":{"line":168,"column":null}},"17":{"start":{"line":166,"column":4},"end":{"line":166,"column":null}},"18":{"start":{"line":167,"column":4},"end":{"line":167,"column":null}},"19":{"start":{"line":169,"column":2},"end":{"line":169,"column":null}},"20":{"start":{"line":170,"column":2},"end":{"line":170,"column":null}},"21":{"start":{"line":171,"column":2},"end":{"line":209,"column":null}},"22":{"start":{"line":172,"column":16},"end":{"line":178,"column":null}},"23":{"start":{"line":179,"column":20},"end":{"line":179,"column":null}},"24":{"start":{"line":180,"column":17},"end":{"line":180,"column":null}},"25":{"start":{"line":181,"column":19},"end":{"line":181,"column":null}},"26":{"start":{"line":181,"column":60},"end":{"line":181,"column":88}},"27":{"start":{"line":182,"column":4},"end":{"line":185,"column":null}},"28":{"start":{"line":183,"column":6},"end":{"line":183,"column":null}},"29":{"start":{"line":184,"column":6},"end":{"line":184,"column":null}},"30":{"start":{"line":186,"column":4},"end":{"line":204,"column":null}},"31":{"start":{"line":206,"column":4},"end":{"line":206,"column":null}},"32":{"start":{"line":208,"column":4},"end":{"line":208,"column":null}},"33":{"start":{"line":213,"column":2},"end":{"line":213,"column":null}},"34":{"start":{"line":213,"column":31},"end":{"line":213,"column":null}},"35":{"start":{"line":214,"column":2},"end":{"line":214,"column":null}},"36":{"start":{"line":214,"column":38},"end":{"line":214,"column":49}},"37":{"start":{"line":218,"column":15},"end":{"line":218,"column":null}},"38":{"start":{"line":219,"column":2},"end":{"line":220,"column":null}},"39":{"start":{"line":219,"column":15},"end":{"line":219,"column":null}},"40":{"start":{"line":220,"column":7},"end":{"line":220,"column":null}},"41":{"start":{"line":221,"column":2},"end":{"line":221,"column":null}},"42":{"start":{"line":225,"column":15},"end":{"line":225,"column":null}},"43":{"start":{"line":226,"column":2},"end":{"line":227,"column":null}},"44":{"start":{"line":226,"column":15},"end":{"line":226,"column":null}},"45":{"start":{"line":227,"column":7},"end":{"line":227,"column":null}},"46":{"start":{"line":228,"column":2},"end":{"line":228,"column":null}},"47":{"start":{"line":232,"column":2},"end":{"line":232,"column":null}},"48":{"start":{"line":232,"column":34},"end":{"line":232,"column":null}},"49":{"start":{"line":233,"column":2},"end":{"line":233,"column":null}},"50":{"start":{"line":234,"column":2},"end":{"line":234,"column":null}},"51":{"start":{"line":235,"column":2},"end":{"line":262,"column":null}},"52":{"start":{"line":236,"column":4},"end":{"line":256,"column":null}},"53":{"start":{"line":257,"column":4},"end":{"line":257,"column":null}},"54":{"start":{"line":259,"column":4},"end":{"line":259,"column":null}},"55":{"start":{"line":261,"column":4},"end":{"line":261,"column":null}},"56":{"start":{"line":266,"column":2},"end":{"line":266,"column":null}},"57":{"start":{"line":266,"column":34},"end":{"line":266,"column":null}},"58":{"start":{"line":267,"column":2},"end":{"line":267,"column":null}},"59":{"start":{"line":267,"column":44},"end":{"line":267,"column":null}},"60":{"start":{"line":268,"column":2},"end":{"line":268,"column":null}},"61":{"start":{"line":269,"column":2},"end":{"line":269,"column":null}},"62":{"start":{"line":270,"column":2},"end":{"line":277,"column":null}},"63":{"start":{"line":271,"column":4},"end":{"line":271,"column":null}},"64":{"start":{"line":272,"column":4},"end":{"line":272,"column":null}},"65":{"start":{"line":274,"column":4},"end":{"line":274,"column":null}},"66":{"start":{"line":276,"column":4},"end":{"line":276,"column":null}},"67":{"start":{"line":280,"column":0},"end":{"line":283,"column":null}},"68":{"start":{"line":281,"column":2},"end":{"line":281,"column":null}},"69":{"start":{"line":282,"column":2},"end":{"line":282,"column":null}},"70":{"start":{"line":2,"column":7},"end":{"line":2,"column":null}},"71":{"start":{"line":3,"column":9},"end":{"line":3,"column":null}},"72":{"start":{"line":8,"column":15},"end":{"line":8,"column":null}},"73":{"start":{"line":9,"column":19},"end":{"line":9,"column":null}},"74":{"start":{"line":16,"column":19},"end":{"line":16,"column":null}},"75":{"start":{"line":20,"column":19},"end":{"line":20,"column":null}},"76":{"start":{"line":24,"column":19},"end":{"line":24,"column":null}},"77":{"start":{"line":28,"column":19},"end":{"line":28,"column":null}},"78":{"start":{"line":37,"column":15},"end":{"line":37,"column":null}},"79":{"start":{"line":38,"column":19},"end":{"line":38,"column":null}},"80":{"start":{"line":42,"column":19},"end":{"line":42,"column":null}},"81":{"start":{"line":46,"column":19},"end":{"line":46,"column":null}},"82":{"start":{"line":50,"column":19},"end":{"line":50,"column":null}},"83":{"start":{"line":59,"column":15},"end":{"line":59,"column":null}},"84":{"start":{"line":60,"column":19},"end":{"line":60,"column":null}},"85":{"start":{"line":64,"column":19},"end":{"line":64,"column":null}},"86":{"start":{"line":70,"column":15},"end":{"line":70,"column":null}},"87":{"start":{"line":72,"column":17},"end":{"line":72,"column":null}},"88":{"start":{"line":80,"column":15},"end":{"line":80,"column":null}},"89":{"start":{"line":82,"column":17},"end":{"line":82,"column":null}},"90":{"start":{"line":93,"column":15},"end":{"line":93,"column":null}},"91":{"start":{"line":94,"column":19},"end":{"line":94,"column":null}},"92":{"start":{"line":100,"column":19},"end":{"line":100,"column":null}},"93":{"start":{"line":107,"column":13},"end":{"line":107,"column":null}},"94":{"start":{"line":2,"column":2},"end":{"line":112,"column":69}},"95":{"start":{"line":11,"column":38},"end":{"line":11,"column":53}},"96":{"start":{"line":13,"column":16},"end":{"line":13,"column":142}},"97":{"start":{"line":18,"column":30},"end":{"line":18,"column":41}},"98":{"start":{"line":22,"column":30},"end":{"line":22,"column":49}},"99":{"start":{"line":26,"column":30},"end":{"line":26,"column":41}},"100":{"start":{"line":30,"column":33},"end":{"line":30,"column":51}},"101":{"start":{"line":40,"column":37},"end":{"line":40,"column":51}},"102":{"start":{"line":44,"column":37},"end":{"line":44,"column":51}},"103":{"start":{"line":48,"column":37},"end":{"line":48,"column":51}},"104":{"start":{"line":52,"column":37},"end":{"line":52,"column":55}},"105":{"start":{"line":62,"column":30},"end":{"line":62,"column":45}},"106":{"start":{"line":66,"column":30},"end":{"line":66,"column":41}},"107":{"start":{"line":73,"column":14},"end":{"line":75,"column":38}},"108":{"start":{"line":74,"column":83},"end":{"line":74,"column":147}},"109":{"start":{"line":83,"column":14},"end":{"line":85,"column":42}},"110":{"start":{"line":84,"column":92},"end":{"line":84,"column":165}},"111":{"start":{"line":96,"column":33},"end":{"line":96,"column":52}},"112":{"start":{"line":102,"column":30},"end":{"line":102,"column":51}},"113":{"start":{"line":109,"column":134},"end":{"line":109,"column":145}}},"fnMap":{"0":{"name":"(anonymous_0)","decl":{"start":{"line":129,"column":20},"end":{"line":129,"column":26}},"loc":{"start":{"line":129,"column":26},"end":{"line":132,"column":1}},"line":129},"1":{"name":"loadCruises","decl":{"start":{"line":154,"column":15},"end":{"line":154,"column":29}},"loc":{"start":{"line":154,"column":29},"end":{"line":162,"column":null}},"line":154},"2":{"name":"loadDetail","decl":{"start":{"line":164,"column":15},"end":{"line":164,"column":28}},"loc":{"start":{"line":164,"column":28},"end":{"line":210,"column":null}},"line":164},"3":{"name":"(anonymous_3)","decl":{"start":{"line":181,"column":29},"end":{"line":181,"column":30}},"loc":{"start":{"line":181,"column":60},"end":{"line":181,"column":88}},"line":181},"4":{"name":"splitToArray","decl":{"start":{"line":212,"column":9},"end":{"line":212,"column":22}},"loc":{"start":{"line":212,"column":36},"end":{"line":215,"column":null}},"line":212},"5":{"name":"(anonymous_5)","decl":{"start":{"line":214,"column":28},"end":{"line":214,"column":29}},"loc":{"start":{"line":214,"column":38},"end":{"line":214,"column":49}},"line":214},"6":{"name":"toggleTags","decl":{"start":{"line":217,"column":9},"end":{"line":217,"column":20}},"loc":{"start":{"line":217,"column":51},"end":{"line":222,"column":null}},"line":217},"7":{"name":"toggleAmenities","decl":{"start":{"line":224,"column":9},"end":{"line":224,"column":25}},"loc":{"start":{"line":224,"column":60},"end":{"line":229,"column":null}},"line":224},"8":{"name":"handleSubmit","decl":{"start":{"line":231,"column":15},"end":{"line":231,"column":30}},"loc":{"start":{"line":231,"column":30},"end":{"line":263,"column":null}},"line":231},"9":{"name":"handleDelete","decl":{"start":{"line":265,"column":15},"end":{"line":265,"column":30}},"loc":{"start":{"line":265,"column":30},"end":{"line":278,"column":null}},"line":265},"10":{"name":"(anonymous_10)","decl":{"start":{"line":280,"column":10},"end":{"line":280,"column":22}},"loc":{"start":{"line":280,"column":22},"end":{"line":283,"column":1}},"line":280},"11":{"name":"(anonymous_11)","decl":{"start":{"line":14,"column":23},"end":{"line":14,"column":null}},"loc":{"start":{"line":11,"column":38},"end":{"line":11,"column":53}},"line":11},"12":{"name":"(anonymous_12)","decl":{"start":{"line":13,"column":48},"end":{"line":13,"column":51}},"loc":{"start":{"line":13,"column":37},"end":{"line":13,"column":142}},"line":13},"13":{"name":"(anonymous_13)","decl":{"start":{"line":18,"column":145},"end":{"line":18,"column":null}},"loc":{"start":{"line":18,"column":30},"end":{"line":18,"column":41}},"line":18},"14":{"name":"(anonymous_14)","decl":{"start":{"line":22,"column":153},"end":{"line":22,"column":null}},"loc":{"start":{"line":22,"column":30},"end":{"line":22,"column":49}},"line":22},"15":{"name":"(anonymous_15)","decl":{"start":{"line":26,"column":145},"end":{"line":26,"column":null}},"loc":{"start":{"line":26,"column":30},"end":{"line":26,"column":41}},"line":26},"16":{"name":"(anonymous_16)","decl":{"start":{"line":30,"column":164},"end":{"line":30,"column":null}},"loc":{"start":{"line":30,"column":33},"end":{"line":30,"column":51}},"line":30},"17":{"name":"(anonymous_17)","decl":{"start":{"line":40,"column":189},"end":{"line":40,"column":null}},"loc":{"start":{"line":40,"column":37},"end":{"line":40,"column":51}},"line":40},"18":{"name":"(anonymous_18)","decl":{"start":{"line":44,"column":189},"end":{"line":44,"column":null}},"loc":{"start":{"line":44,"column":37},"end":{"line":44,"column":51}},"line":44},"19":{"name":"(anonymous_19)","decl":{"start":{"line":48,"column":178},"end":{"line":48,"column":null}},"loc":{"start":{"line":48,"column":37},"end":{"line":48,"column":51}},"line":48},"20":{"name":"(anonymous_20)","decl":{"start":{"line":52,"column":182},"end":{"line":52,"column":null}},"loc":{"start":{"line":52,"column":37},"end":{"line":52,"column":55}},"line":52},"21":{"name":"(anonymous_21)","decl":{"start":{"line":62,"column":149},"end":{"line":62,"column":null}},"loc":{"start":{"line":62,"column":30},"end":{"line":62,"column":45}},"line":62},"22":{"name":"(anonymous_22)","decl":{"start":{"line":66,"column":145},"end":{"line":66,"column":null}},"loc":{"start":{"line":66,"column":30},"end":{"line":66,"column":41}},"line":66},"23":{"name":"(anonymous_23)","decl":{"start":{"line":73,"column":45},"end":{"line":73,"column":48}},"loc":{"start":{"line":73,"column":31},"end":{"line":75,"column":38}},"line":73},"24":{"name":"(anonymous_24)","decl":{"start":{"line":74,"column":81},"end":{"line":74,"column":83}},"loc":{"start":{"line":74,"column":83},"end":{"line":74,"column":147}},"line":74},"25":{"name":"(anonymous_25)","decl":{"start":{"line":83,"column":53},"end":{"line":83,"column":56}},"loc":{"start":{"line":83,"column":35},"end":{"line":85,"column":42}},"line":83},"26":{"name":"(anonymous_26)","decl":{"start":{"line":84,"column":90},"end":{"line":84,"column":92}},"loc":{"start":{"line":84,"column":92},"end":{"line":84,"column":165}},"line":84},"27":{"name":"(anonymous_27)","decl":{"start":{"line":96,"column":190},"end":{"line":96,"column":null}},"loc":{"start":{"line":96,"column":33},"end":{"line":96,"column":52}},"line":96},"28":{"name":"(anonymous_28)","decl":{"start":{"line":102,"column":155},"end":{"line":102,"column":null}},"loc":{"start":{"line":102,"column":30},"end":{"line":102,"column":51}},"line":102},"29":{"name":"(anonymous_29)","decl":{"start":{"line":109,"column":132},"end":{"line":109,"column":134}},"loc":{"start":{"line":109,"column":134},"end":{"line":109,"column":145}},"line":109}},"branchMap":{"0":{"loc":{"start":{"line":131,"column":9},"end":{"line":131,"column":null}},"type":"cond-expr","locations":[{"start":{"line":131,"column":47},"end":{"line":131,"column":55}},{"start":{"line":131,"column":55},"end":{"line":131,"column":null}}],"line":131},"1":{"loc":{"start":{"line":131,"column":9},"end":{"line":131,"column":47}},"type":"binary-expr","locations":[{"start":{"line":131,"column":9},"end":{"line":131,"column":35}},{"start":{"line":131,"column":35},"end":{"line":131,"column":47}}],"line":131},"2":{"loc":{"start":{"line":157,"column":20},"end":{"line":157,"column":null}},"type":"binary-expr","locations":[{"start":{"line":157,"column":20},"end":{"line":157,"column":33}},{"start":{"line":157,"column":33},"end":{"line":157,"column":40}},{"start":{"line":157,"column":40},"end":{"line":157,"column":null}}],"line":157},"3":{"loc":{"start":{"line":158,"column":20},"end":{"line":158,"column":null}},"type":"cond-expr","locations":[{"start":{"line":158,"column":45},"end":{"line":158,"column":55}},{"start":{"line":158,"column":55},"end":{"line":158,"column":null}}],"line":158},"4":{"loc":{"start":{"line":158,"column":55},"end":{"line":158,"column":null}},"type":"binary-expr","locations":[{"start":{"line":158,"column":55},"end":{"line":158,"column":72}},{"start":{"line":158,"column":72},"end":{"line":158,"column":null}}],"line":158},"5":{"loc":{"start":{"line":165,"column":2},"end":{"line":168,"column":null}},"type":"if","locations":[{"start":{"line":165,"column":2},"end":{"line":168,"column":null}},{"start":{},"end":{}}],"line":165},"6":{"loc":{"start":{"line":179,"column":20},"end":{"line":179,"column":null}},"type":"binary-expr","locations":[{"start":{"line":179,"column":20},"end":{"line":179,"column":33}},{"start":{"line":179,"column":33},"end":{"line":179,"column":40}},{"start":{"line":179,"column":40},"end":{"line":179,"column":null}}],"line":179},"7":{"loc":{"start":{"line":180,"column":17},"end":{"line":180,"column":null}},"type":"cond-expr","locations":[{"start":{"line":180,"column":42},"end":{"line":180,"column":52}},{"start":{"line":180,"column":52},"end":{"line":180,"column":null}}],"line":180},"8":{"loc":{"start":{"line":180,"column":52},"end":{"line":180,"column":null}},"type":"binary-expr","locations":[{"start":{"line":180,"column":52},"end":{"line":180,"column":69}},{"start":{"line":180,"column":69},"end":{"line":180,"column":null}}],"line":180},"9":{"loc":{"start":{"line":182,"column":4},"end":{"line":185,"column":null}},"type":"if","locations":[{"start":{"line":182,"column":4},"end":{"line":185,"column":null}},{"start":{},"end":{}}],"line":182},"10":{"loc":{"start":{"line":187,"column":24},"end":{"line":187,"column":45}},"type":"binary-expr","locations":[{"start":{"line":187,"column":24},"end":{"line":187,"column":44}},{"start":{"line":187,"column":44},"end":{"line":187,"column":45}}],"line":187},"11":{"loc":{"start":{"line":188,"column":12},"end":{"line":188,"column":null}},"type":"binary-expr","locations":[{"start":{"line":188,"column":12},"end":{"line":188,"column":27}},{"start":{"line":188,"column":27},"end":{"line":188,"column":null}}],"line":188},"12":{"loc":{"start":{"line":189,"column":20},"end":{"line":189,"column":null}},"type":"binary-expr","locations":[{"start":{"line":189,"column":20},"end":{"line":189,"column":43}},{"start":{"line":189,"column":43},"end":{"line":189,"column":null}}],"line":189},"13":{"loc":{"start":{"line":190,"column":12},"end":{"line":190,"column":null}},"type":"binary-expr","locations":[{"start":{"line":190,"column":12},"end":{"line":190,"column":27}},{"start":{"line":190,"column":27},"end":{"line":190,"column":null}}],"line":190},"14":{"loc":{"start":{"line":191,"column":23},"end":{"line":191,"column":43}},"type":"binary-expr","locations":[{"start":{"line":191,"column":23},"end":{"line":191,"column":42}},{"start":{"line":191,"column":42},"end":{"line":191,"column":43}}],"line":191},"15":{"loc":{"start":{"line":192,"column":23},"end":{"line":192,"column":43}},"type":"binary-expr","locations":[{"start":{"line":192,"column":23},"end":{"line":192,"column":42}},{"start":{"line":192,"column":42},"end":{"line":192,"column":43}}],"line":192},"16":{"loc":{"start":{"line":193,"column":23},"end":{"line":193,"column":43}},"type":"binary-expr","locations":[{"start":{"line":193,"column":23},"end":{"line":193,"column":42}},{"start":{"line":193,"column":42},"end":{"line":193,"column":43}}],"line":193},"17":{"loc":{"start":{"line":194,"column":27},"end":{"line":194,"column":51}},"type":"binary-expr","locations":[{"start":{"line":194,"column":27},"end":{"line":194,"column":50}},{"start":{"line":194,"column":50},"end":{"line":194,"column":51}}],"line":194},"18":{"loc":{"start":{"line":195,"column":16},"end":{"line":195,"column":null}},"type":"binary-expr","locations":[{"start":{"line":195,"column":16},"end":{"line":195,"column":35}},{"start":{"line":195,"column":35},"end":{"line":195,"column":null}}],"line":195},"19":{"loc":{"start":{"line":198,"column":22},"end":{"line":198,"column":null}},"type":"binary-expr","locations":[{"start":{"line":198,"column":22},"end":{"line":198,"column":47}},{"start":{"line":198,"column":47},"end":{"line":198,"column":null}}],"line":198},"20":{"loc":{"start":{"line":199,"column":19},"end":{"line":199,"column":35}},"type":"binary-expr","locations":[{"start":{"line":199,"column":19},"end":{"line":199,"column":34}},{"start":{"line":199,"column":34},"end":{"line":199,"column":35}}],"line":199},"21":{"loc":{"start":{"line":200,"column":12},"end":{"line":200,"column":null}},"type":"binary-expr","locations":[{"start":{"line":200,"column":12},"end":{"line":200,"column":27}},{"start":{"line":200,"column":27},"end":{"line":200,"column":null}}],"line":200},"22":{"loc":{"start":{"line":201,"column":19},"end":{"line":201,"column":null}},"type":"binary-expr","locations":[{"start":{"line":201,"column":19},"end":{"line":201,"column":41}},{"start":{"line":201,"column":41},"end":{"line":201,"column":null}}],"line":201},"23":{"loc":{"start":{"line":202,"column":25},"end":{"line":202,"column":47}},"type":"binary-expr","locations":[{"start":{"line":202,"column":25},"end":{"line":202,"column":46}},{"start":{"line":202,"column":46},"end":{"line":202,"column":47}}],"line":202},"24":{"loc":{"start":{"line":206,"column":18},"end":{"line":206,"column":null}},"type":"binary-expr","locations":[{"start":{"line":206,"column":18},"end":{"line":206,"column":32}},{"start":{"line":206,"column":32},"end":{"line":206,"column":null}}],"line":206},"25":{"loc":{"start":{"line":213,"column":2},"end":{"line":213,"column":null}},"type":"if","locations":[{"start":{"line":213,"column":2},"end":{"line":213,"column":null}},{"start":{},"end":{}}],"line":213},"26":{"loc":{"start":{"line":219,"column":2},"end":{"line":220,"column":null}},"type":"if","locations":[{"start":{"line":219,"column":2},"end":{"line":220,"column":null}},{"start":{"line":220,"column":7},"end":{"line":220,"column":null}}],"line":219},"27":{"loc":{"start":{"line":226,"column":2},"end":{"line":227,"column":null}},"type":"if","locations":[{"start":{"line":226,"column":2},"end":{"line":227,"column":null}},{"start":{"line":227,"column":7},"end":{"line":227,"column":null}}],"line":226},"28":{"loc":{"start":{"line":232,"column":2},"end":{"line":232,"column":null}},"type":"if","locations":[{"start":{"line":232,"column":2},"end":{"line":232,"column":null}},{"start":{},"end":{}}],"line":232},"29":{"loc":{"start":{"line":232,"column":6},"end":{"line":232,"column":34}},"type":"binary-expr","locations":[{"start":{"line":232,"column":6},"end":{"line":232,"column":23}},{"start":{"line":232,"column":23},"end":{"line":232,"column":34}}],"line":232},"30":{"loc":{"start":{"line":259,"column":18},"end":{"line":259,"column":null}},"type":"binary-expr","locations":[{"start":{"line":259,"column":18},"end":{"line":259,"column":32}},{"start":{"line":259,"column":32},"end":{"line":259,"column":null}}],"line":259},"31":{"loc":{"start":{"line":266,"column":2},"end":{"line":266,"column":null}},"type":"if","locations":[{"start":{"line":266,"column":2},"end":{"line":266,"column":null}},{"start":{},"end":{}}],"line":266},"32":{"loc":{"start":{"line":266,"column":6},"end":{"line":266,"column":34}},"type":"binary-expr","locations":[{"start":{"line":266,"column":6},"end":{"line":266,"column":23}},{"start":{"line":266,"column":23},"end":{"line":266,"column":34}}],"line":266},"33":{"loc":{"start":{"line":267,"column":2},"end":{"line":267,"column":null}},"type":"if","locations":[{"start":{"line":267,"column":2},"end":{"line":267,"column":null}},{"start":{},"end":{}}],"line":267},"34":{"loc":{"start":{"line":274,"column":18},"end":{"line":274,"column":null}},"type":"binary-expr","locations":[{"start":{"line":274,"column":18},"end":{"line":274,"column":32}},{"start":{"line":274,"column":32},"end":{"line":274,"column":null}}],"line":274},"35":{"loc":{"start":{"line":114,"column":10},"end":{"line":4,"column":71}},"type":"binary-expr","locations":[{"start":{"line":114,"column":10},"end":{"line":114,"column":null}},{"start":{"line":114,"column":10},"end":{"line":4,"column":71}}],"line":114},"36":{"loc":{"start":{"line":33,"column":18},"end":{"line":7,"column":104}},"type":"binary-expr","locations":[{"start":{"line":33,"column":18},"end":{"line":33,"column":null}},{"start":{"line":33,"column":18},"end":{"line":7,"column":104}}],"line":33},"37":{"loc":{"start":{"line":15,"column":20},"end":{"line":10,"column":31}},"type":"binary-expr","locations":[{"start":{"line":15,"column":20},"end":{"line":15,"column":null}},{"start":{"line":15,"column":20},"end":{"line":10,"column":31}}],"line":15},"38":{"loc":{"start":{"line":14,"column":23},"end":{"line":11,"column":53}},"type":"binary-expr","locations":[{"start":{"line":14,"column":23},"end":{"line":14,"column":null}},{"start":{"line":14,"column":23},"end":{"line":11,"column":53}}],"line":14},"39":{"loc":{"start":{"line":12,"column":16},"end":{"line":12,"column":49}},"type":"binary-expr","locations":[{"start":{"line":12,"column":16},"end":{"line":12,"column":25}},{"start":{"line":12,"column":16},"end":{"line":12,"column":49}}],"line":12},"40":{"loc":{"start":{"line":13,"column":97},"end":{"line":13,"column":142}},"type":"binary-expr","locations":[{"start":{"line":13,"column":97},"end":{"line":13,"column":108}},{"start":{"line":13,"column":108},"end":{"line":13,"column":142}}],"line":13},"41":{"loc":{"start":{"line":19,"column":20},"end":{"line":17,"column":29}},"type":"binary-expr","locations":[{"start":{"line":19,"column":20},"end":{"line":19,"column":null}},{"start":{"line":19,"column":20},"end":{"line":17,"column":29}}],"line":19},"42":{"loc":{"start":{"line":18,"column":145},"end":{"line":18,"column":41}},"type":"binary-expr","locations":[{"start":{"line":18,"column":145},"end":{"line":18,"column":null}},{"start":{"line":18,"column":145},"end":{"line":18,"column":41}}],"line":18},"43":{"loc":{"start":{"line":23,"column":20},"end":{"line":21,"column":30}},"type":"binary-expr","locations":[{"start":{"line":23,"column":20},"end":{"line":23,"column":null}},{"start":{"line":23,"column":20},"end":{"line":21,"column":30}}],"line":23},"44":{"loc":{"start":{"line":22,"column":153},"end":{"line":22,"column":49}},"type":"binary-expr","locations":[{"start":{"line":22,"column":153},"end":{"line":22,"column":null}},{"start":{"line":22,"column":153},"end":{"line":22,"column":49}}],"line":22},"45":{"loc":{"start":{"line":27,"column":20},"end":{"line":25,"column":29}},"type":"binary-expr","locations":[{"start":{"line":27,"column":20},"end":{"line":27,"column":null}},{"start":{"line":27,"column":20},"end":{"line":25,"column":29}}],"line":27},"46":{"loc":{"start":{"line":26,"column":145},"end":{"line":26,"column":41}},"type":"binary-expr","locations":[{"start":{"line":26,"column":145},"end":{"line":26,"column":null}},{"start":{"line":26,"column":145},"end":{"line":26,"column":41}}],"line":26},"47":{"loc":{"start":{"line":31,"column":20},"end":{"line":29,"column":29}},"type":"binary-expr","locations":[{"start":{"line":31,"column":20},"end":{"line":31,"column":null}},{"start":{"line":31,"column":20},"end":{"line":29,"column":29}}],"line":31},"48":{"loc":{"start":{"line":30,"column":164},"end":{"line":30,"column":51}},"type":"binary-expr","locations":[{"start":{"line":30,"column":164},"end":{"line":30,"column":null}},{"start":{"line":30,"column":164},"end":{"line":30,"column":51}}],"line":30},"49":{"loc":{"start":{"line":55,"column":18},"end":{"line":36,"column":105}},"type":"binary-expr","locations":[{"start":{"line":55,"column":18},"end":{"line":55,"column":null}},{"start":{"line":55,"column":18},"end":{"line":36,"column":105}}],"line":55},"50":{"loc":{"start":{"line":41,"column":20},"end":{"line":39,"column":32}},"type":"binary-expr","locations":[{"start":{"line":41,"column":20},"end":{"line":41,"column":null}},{"start":{"line":41,"column":20},"end":{"line":39,"column":32}}],"line":41},"51":{"loc":{"start":{"line":40,"column":189},"end":{"line":40,"column":51}},"type":"binary-expr","locations":[{"start":{"line":40,"column":189},"end":{"line":40,"column":null}},{"start":{"line":40,"column":189},"end":{"line":40,"column":51}}],"line":40},"52":{"loc":{"start":{"line":45,"column":20},"end":{"line":43,"column":32}},"type":"binary-expr","locations":[{"start":{"line":45,"column":20},"end":{"line":45,"column":null}},{"start":{"line":45,"column":20},"end":{"line":43,"column":32}}],"line":45},"53":{"loc":{"start":{"line":44,"column":189},"end":{"line":44,"column":51}},"type":"binary-expr","locations":[{"start":{"line":44,"column":189},"end":{"line":44,"column":null}},{"start":{"line":44,"column":189},"end":{"line":44,"column":51}}],"line":44},"54":{"loc":{"start":{"line":49,"column":20},"end":{"line":47,"column":31}},"type":"binary-expr","locations":[{"start":{"line":49,"column":20},"end":{"line":49,"column":null}},{"start":{"line":49,"column":20},"end":{"line":47,"column":31}}],"line":49},"55":{"loc":{"start":{"line":48,"column":178},"end":{"line":48,"column":51}},"type":"binary-expr","locations":[{"start":{"line":48,"column":178},"end":{"line":48,"column":null}},{"start":{"line":48,"column":178},"end":{"line":48,"column":51}}],"line":48},"56":{"loc":{"start":{"line":53,"column":20},"end":{"line":51,"column":31}},"type":"binary-expr","locations":[{"start":{"line":53,"column":20},"end":{"line":53,"column":null}},{"start":{"line":53,"column":20},"end":{"line":51,"column":31}}],"line":53},"57":{"loc":{"start":{"line":52,"column":182},"end":{"line":52,"column":55}},"type":"binary-expr","locations":[{"start":{"line":52,"column":182},"end":{"line":52,"column":null}},{"start":{"line":52,"column":182},"end":{"line":52,"column":55}}],"line":52},"58":{"loc":{"start":{"line":89,"column":18},"end":{"line":58,"column":105}},"type":"binary-expr","locations":[{"start":{"line":89,"column":18},"end":{"line":89,"column":null}},{"start":{"line":89,"column":18},"end":{"line":58,"column":105}}],"line":89},"59":{"loc":{"start":{"line":63,"column":20},"end":{"line":61,"column":29}},"type":"binary-expr","locations":[{"start":{"line":63,"column":20},"end":{"line":63,"column":null}},{"start":{"line":63,"column":20},"end":{"line":61,"column":29}}],"line":63},"60":{"loc":{"start":{"line":62,"column":149},"end":{"line":62,"column":45}},"type":"binary-expr","locations":[{"start":{"line":62,"column":149},"end":{"line":62,"column":null}},{"start":{"line":62,"column":149},"end":{"line":62,"column":45}}],"line":62},"61":{"loc":{"start":{"line":67,"column":20},"end":{"line":65,"column":29}},"type":"binary-expr","locations":[{"start":{"line":67,"column":20},"end":{"line":67,"column":null}},{"start":{"line":67,"column":20},"end":{"line":65,"column":29}}],"line":67},"62":{"loc":{"start":{"line":66,"column":145},"end":{"line":66,"column":41}},"type":"binary-expr","locations":[{"start":{"line":66,"column":145},"end":{"line":66,"column":null}},{"start":{"line":66,"column":145},"end":{"line":66,"column":41}}],"line":66},"63":{"loc":{"start":{"line":78,"column":16},"end":{"line":71,"column":59}},"type":"binary-expr","locations":[{"start":{"line":78,"column":16},"end":{"line":78,"column":null}},{"start":{"line":78,"column":16},"end":{"line":71,"column":59}}],"line":78},"64":{"loc":{"start":{"line":88,"column":16},"end":{"line":81,"column":59}},"type":"binary-expr","locations":[{"start":{"line":88,"column":16},"end":{"line":88,"column":null}},{"start":{"line":88,"column":16},"end":{"line":81,"column":59}}],"line":88},"65":{"loc":{"start":{"line":105,"column":18},"end":{"line":92,"column":105}},"type":"binary-expr","locations":[{"start":{"line":105,"column":18},"end":{"line":105,"column":null}},{"start":{"line":105,"column":18},"end":{"line":92,"column":105}}],"line":105},"66":{"loc":{"start":{"line":97,"column":20},"end":{"line":95,"column":39}},"type":"binary-expr","locations":[{"start":{"line":97,"column":20},"end":{"line":97,"column":null}},{"start":{"line":97,"column":20},"end":{"line":95,"column":39}}],"line":97},"67":{"loc":{"start":{"line":96,"column":190},"end":{"line":96,"column":52}},"type":"binary-expr","locations":[{"start":{"line":96,"column":190},"end":{"line":96,"column":null}},{"start":{"line":96,"column":190},"end":{"line":96,"column":52}}],"line":96},"68":{"loc":{"start":{"line":98,"column":12},"end":{"line":98,"column":118}},"type":"binary-expr","locations":[{"start":{"line":98,"column":12},"end":{"line":98,"column":17}},{"start":{"line":98,"column":12},"end":{"line":98,"column":118}}],"line":98},"69":{"loc":{"start":{"line":98,"column":112},"end":{"line":99,"column":119}},"type":"binary-expr","locations":[{"start":{"line":98,"column":112},"end":{"line":98,"column":118}},{"start":{"line":98,"column":112},"end":{"line":99,"column":119}}],"line":98},"70":{"loc":{"start":{"line":103,"column":20},"end":{"line":101,"column":34}},"type":"binary-expr","locations":[{"start":{"line":103,"column":20},"end":{"line":103,"column":null}},{"start":{"line":103,"column":20},"end":{"line":101,"column":34}}],"line":103},"71":{"loc":{"start":{"line":102,"column":155},"end":{"line":102,"column":51}},"type":"binary-expr","locations":[{"start":{"line":102,"column":155},"end":{"line":102,"column":null}},{"start":{"line":102,"column":155},"end":{"line":102,"column":51}}],"line":102},"72":{"loc":{"start":{"line":109,"column":134},"end":{"line":109,"column":145}},"type":"binary-expr","locations":[{"start":{"line":109,"column":134},"end":{"line":109,"column":145}},{"start":{"line":109,"column":134},"end":{"line":109,"column":145}}],"line":109},"73":{"loc":{"start":{"line":110,"column":197},"end":{"line":110,"column":234}},"type":"cond-expr","locations":[{"start":{"line":110,"column":204},"end":{"line":110,"column":234}},{"start":{"line":110,"column":204},"end":{"line":110,"column":234}}],"line":110},"74":{"loc":{"start":{"line":112,"column":17},"end":{"line":112,"column":69}},"type":"cond-expr","locations":[{"start":{"line":112,"column":17},"end":{"line":112,"column":69}},{"start":{"line":112,"column":62},"end":{"line":112,"column":69}}],"line":112}},"s":{"0":2,"1":2,"2":2,"3":2,"4":2,"5":2,"6":2,"7":2,"8":2,"9":2,"10":2,"11":2,"12":2,"13":2,
[...]
"column":null}},"type":"binary-expr","locations":[{"start":{"line":35,"column":18},"end":{"line":35,"column":32}},{"start":{"line":35,"column":32},"end":{"line":35,"column":null}}],"line":35},"4":{"loc":{"start":{"line":55,"column":8},"end":{"line":44,"column":23}},"type":"binary-expr","locations":[{"start":{"line":55,"column":8},"end":{"line":55,"column":null}},{"start":{"line":55,"column":8},"end":{"line":44,"column":23}}],"line":55},"5":{"loc":{"start":{"line":47,"column":74},"end":{"line":47,"column":33}},"type":"binary-expr","locations":[{"start":{"line":47,"column":74},"end":{"line":47,"column":null}},{"start":{"line":47,"column":74},"end":{"line":47,"column":33}}],"line":47},"6":{"loc":{"start":{"line":48,"column":111},"end":{"line":48,"column":43}},"type":"binary-expr","locations":[{"start":{"line":48,"column":111},"end":{"line":48,"column":null}},{"start":{"line":48,"column":111},"end":{"line":48,"column":43}}],"line":48},"7":{"loc":{"start":{"line":49,"column":113},"end":{"line":49,"column":44}},"type":"binary-expr","locations":[{"start":{"line":49,"column":113},"end":{"line":49,"column":null}},{"start":{"line":49,"column":113},"end":{"line":49,"column":44}}],"line":49},"8":{"loc":{"start":{"line":50,"column":84},"end":{"line":50,"column":40}},"type":"binary-expr","locations":[{"start":{"line":50,"column":84},"end":{"line":50,"column":null}},{"start":{"line":50,"column":84},"end":{"line":50,"column":40}}],"line":50},"9":{"loc":{"start":{"line":51,"column":84},"end":{"line":51,"column":40}},"type":"binary-expr","locations":[{"start":{"line":51,"column":84},"end":{"line":51,"column":null}},{"start":{"line":51,"column":84},"end":{"line":51,"column":40}}],"line":51},"10":{"loc":{"start":{"line":52,"column":15},"end":{"line":52,"column":58}},"type":"cond-expr","locations":[{"start":{"line":52,"column":15},"end":{"line":52,"column":58}},{"start":{"line":52,"column":51},"end":{"line":52,"column":58}}],"line":52},"11":{"loc":{"start":{"line":53,"column":73},"end":{"line":53,"column":121}},"type":"cond-expr","locations":[{"start":{"line":53,"column":80},"end":{"line":53,"column":121}},{"start":{"line":53,"column":80},"end":{"line":53,"column":121}}],"line":53}},"s":{"0":1,"1":1,"2":1,"3":1,"4":2,"5":2,"6":0,"7":1,"8":0,"9":1,"10":1,"11":1,"12":1,"13":1,"14":0,"15":1,"16":1,"17":6,"18":1,"19":1,"20":1,"21":1,"22":1},"f":{"0":2,"1":1,"2":1,"3":1,"4":1,"5":1,"6":1},"b":{"0":[2,0],"1":[0,0],"2":[0,1],"3":[0,0],"4":[6,1],"5":[6,1],"6":[6,1],"7":[6,1],"8":[6,1],"9":[6,1],"10":[0,6],"11":[1,5]},"meta":{"lastBranch":12,"lastFunction":7,"lastStatement":23,"seen":{"s:7:6:7:Infinity":0,"s:8:6:8:Infinity":1,"s:9:6:9:Infinity":2,"s:10:16:10:Infinity":3,"f:12:9:12:19":0,"b:13:2:13:Infinity:undefined:undefined:undefined:undefined":0,"s:13:2:13:Infinity":4,"s:13:10:13:Infinity":5,"s:14:2:14:Infinity":6,"b:14:27:14:40:14:40:14:Infinity":1,"f:18:15:18:30":1,"b:19:2:19:Infinity:undefined:undefined:undefined:undefined":2,"s:19:2:19:Infinity":7,"s:19:21:19:Infinity":8,"s:20:2:20:Infinity":9,"s:21:2:21:Infinity":10,"s:22:2:38:Infinity":11,"s:23:4:32:Infinity":12,"s:33:4:33:Infinity":13,"s:35:4:35:Infinity":14,"b:35:18:35:32:35:32:35:Infinity":3,"s:37:4:37:Infinity":15,"s:43:7:43:Infinity":16,"s:43:2:53:121":17,"b:55:8:55:Infinity:55:8:44:23":4,"b:47:74:47:Infinity:47:74:47:33":5,"f:47:74:47:Infinity":2,"s:47:22:47:33":18,"b:48:111:48:Infinity:48:111:48:43":6,"f:48:111:48:Infinity":3,"s:48:29:48:43":19,"b:49:113:49:Infinity:49:113:49:44":7,"f:49:113:49:Infinity":4,"s:49:29:49:44":20,"b:50:84:50:Infinity:50:84:50:40":8,"f:50:84:50:Infinity":5,"s:50:22:50:40":21,"b:51:84:51:Infinity:51:84:51:40":9,"f:51:84:51:Infinity":6,"s:51:22:51:40":22,"b:52:15:52:58:52:51:52:58":10,"b:53:80:53:121:53:80:53:121":11}}}
,"D:\\cruise_sale_system\\frontend\\admin\\app\\stores\\auth.ts": {"path":"D:\\cruise_sale_system\\frontend\\admin\\app\\stores\\auth.ts","statementMap":{"0":{"start":{"line":8,"column":13},"end":{"line":57,"column":null}},"1":{"start":{"line":10,"column":10},"end":{"line":10,"column":null}},"2":{"start":{"line":12,"column":10},"end":{"line":12,"column":null}},"3":{"start":{"line":15,"column":8},"end":{"line":15,"column":null}},"4":{"start":{"line":15,"column":43},"end":{"line":15,"column":null}},"5":{"start":{"line":16,"column":20},"end":{"line":16,"column":null}},"6":{"start":{"line":17,"column":8},"end":{"line":17,"column":null}},"7":{"start":{"line":17,"column":17},"end":{"line":17,"column":null}},"8":{"start":{"line":18,"column":8},"end":{"line":18,"column":null}},"9":{"start":{"line":18,"column":121},"end":{"line":18,"column":null}},"10":{"start":{"line":19,"column":8},"end":{"line":19,"column":null}},"11":{"start":{"line":24,"column":19},"end":{"line":24,"column":null}},"12":{"start":{"line":25,"column":23},"end":{"line":25,"column":null}},"13":{"start":{"line":26,"column":8},"end":{"line":26,"column":null}},"14":{"start":{"line":26,"column":20},"end":{"line":26,"column":null}},"15":{"start":{"line":31,"column":8},"end":{"line":31,"column":null}},"16":{"start":{"line":32,"column":19},"end":{"line":32,"column":null}},"17":{"start":{"line":33,"column":8},"end":{"line":33,"column":null}},"18":{"start":{"line":33,"column":17},"end":{"line":33,"column":null}},"19":{"start":{"line":34,"column":8},"end":{"line":35,"column":null}},"20":{"start":{"line":34,"column":15},"end":{"line":34,"column":null}},"21":{"start":{"line":35,"column":13},"end":{"line":35,"column":null}},"22":{"start":{"line":40,"column":8},"end":{"line":40,"column":null}},"23":{"start":{"line":45,"column":8},"end":{"line":45,"column":null}},"24":{"start":{"line":46,"column":8},"end":{"line":46,"column":null}},"25":{"start":{"line":47,"column":19},"end":{"line":47,"column":null}},"26":{"start":{"line":48,"column":8},"end":{"line":48,"column":null}},"27":{"start":{"line":48,"column":16},"end":{"line":48,"column":null}},"28":{"start":{"line":52,"column":10},"end":{"line":52,"column":null}},"29":{"start":{"line":52,"column":43},"end":{"line":52,"column":56}},"30":{"start":{"line":54,"column":10},"end":{"line":54,"column":null}},"31":{"start":{"line":54,"column":33},"end":{"line":54,"column":59}},"32":{"start":{"line":56,"column":4},"end":{"line":56,"column":null}}},"fnMap":{"0":{"name":"(anonymous_0)","decl":{"start":{"line":8,"column":48},"end":{"line":8,"column":54}},"loc":{"start":{"line":8,"column":54},"end":{"line":57,"column":1}},"line":8},"1":{"name":"storage","decl":{"start":{"line":14,"column":13},"end":{"line":14,"column":23}},"loc":{"start":{"line":14,"column":23},"end":{"line":20,"column":null}},"line":14},"2":{"name":"setToken","decl":{"start":{"line":30,"column":13},"end":{"line":30,"column":22}},"loc":{"start":{"line":30,"column":33},"end":{"line":36,"column":null}},"line":30},"3":{"name":"setProfile","decl":{"start":{"line":39,"column":13},"end":{"line":39,"column":24}},"loc":{"start":{"line":39,"column":78},"end":{"line":41,"column":null}},"line":39},"4":{"name":"logout","decl":{"start":{"line":44,"column":13},"end":{"line":44,"column":22}},"loc":{"start":{"line":44,"column":22},"end":{"line":49,"column":null}},"line":44},"5":{"name":"(anonymous_5)","decl":{"start":{"line":52,"column":37},"end":{"line":52,"column":43}},"loc":{"start":{"line":52,"column":43},"end":{"line":52,"column":56}},"line":52},"6":{"name":"(anonymous_6)","decl":{"start":{"line":54,"column":27},"end":{"line":54,"column":33}},"loc":{"start":{"line":54,"column":33},"end":{"line":54,"column":59}},"line":54}},"branchMap":{"0":{"loc":{"start":{"line":15,"column":8},"end":{"line":15,"column":null}},"type":"if","locations":[{"start":{"line":15,"column":8},"end":{"line":15,"column":null}},{"start":{},"end":{}}],"line":15},"1":{"loc":{"start":{"line":17,"column":8},"end":{"line":17,"column":null}},"type":"if","locations":[{"start":{"line":17,"column":8},"end":{"line":17,"column":null}},{"start":{},"end":{}}],"line":17},"2":{"loc":{"start":{"line":18,"column":8},"end":{"line":18,"column":null}},"type":"if","locations":[{"start":{"line":18,"column":8},"end":{"line":18,"column":null}},{"start":{},"end":{}}],"line":18},"3":{"loc":{"start":{"line":18,"column":12},"end":{"line":18,"column":121}},"type":"binary-expr","locations":[{"start":{"line":18,"column":12},"end":{"line":18,"column":48}},{"start":{"line":18,"column":48},"end":{"line":18,"column":84}},{"start":{"line":18,"column":84},"end":{"line":18,"column":121}}],"line":18},"4":{"loc":{"start":{"line":26,"column":8},"end":{"line":26,"column":null}},"type":"if","locations":[{"start":{"line":26,"column":8},"end":{"line":26,"column":null}},{"start":{},"end":{}}],"line":26},"5":{"loc":{"start":{"line":33,"column":8},"end":{"line":33,"column":null}},"type":"if","locations":[{"start":{"line":33,"column":8},"end":{"line":33,"column":null}},{"start":{},"end":{}}],"line":33},"6":{"loc":{"start":{"line":34,"column":8},"end":{"line":35,"column":null}},"type":"if","locations":[{"start":{"line":34,"column":8},"end":{"line":35,"column":null}},{"start":{"line":35,"column":13},"end":{"line":35,"column":null}}],"line":34},"7":{"loc":{"start":{"line":48,"column":8},"end":{"line":48,"column":null}},"type":"if","locations":[{"start":{"line":48,"column":8},"end":{"line":48,"column":null}},{"start":{},"end":{}}],"line":48},"8":{"loc":{"start":{"line":54,"column":33},"end":{"line":54,"column":59}},"type":"binary-expr","locations":[{"start":{"line":54,"column":33},"end":{"line":54,"column":57}},{"start":{"line":54,"column":57},"end":{"line":54,"column":59}}],"line":54}},"s":{"0":7,"1":4,"2":4,"3":7,"4":0,"5":7,"6":7,"7":0,"8":7,"9":0,"10":7,"11":4,"12":4,"13":4,"14":0,"15":2,"16":2,"17":2,"18":0,"19":2,"20":2,"21":0,"22":1,"23":1,"24":1,"25":1,"26":1,"27":1,"28":4,"29":3,"30":4,"31":2,"32":4},"f":{"0":4,"1":7,"2":2,"3":1,"4":1,"5":3,"6":2},"b":{"0":[0,7],"1":[0,7],"2":[0,7],"3":[7,7,7],"4":[0,4],"5":[0,2],"6":[2,0],"7":[1,0],"8":[2,1]},"meta":{"lastBranch":9,"lastFunction":7,"lastStatement":33,"seen":{"s:8:13:57:Infinity":0,"f:8:48:8:54":0,"s:10:10:10:Infinity":1,"s:12:10:12:Infinity":2,"f:14:13:14:23":1,"b:15:8:15:Infinity:undefined:undefined:undefined:undefined":0,"s:15:8:15:Infinity":3,"s:15:43:15:Infinity":4,"s:16:20:16:Infinity":5,"b:17:8:17:Infinity:undefined:undefined:undefined:undefined":1,"s:17:8:17:Infinity":6,"s:17:17:17:Infinity":7,"b:18:8:18:Infinity:undefined:undefined:undefined:undefined":2,"s:18:8:18:Infinity":8,"b:18:12:18:48:18:48:18:84:18:84:18:121":3,"s:18:121:18:Infinity":9,"s:19:8:19:Infinity":10,"s:24:19:24:Infinity":11,"s:25:23:25:Infinity":12,"b:26:8:26:Infinity:undefined:undefined:undefined:undefined":4,"s:26:8:26:Infinity":13,"s:26:20:26:Infinity":14,"f:30:13:30:22":2,"s:31:8:31:Infinity":15,"s:32:19:32:Infinity":16,"b:33:8:33:Infinity:undefined:undefined:undefined:undefined":5,"s:33:8:33:Infinity":17,"s:33:17:33:Infinity":18,"b:34:8:35:Infinity:35:13:35:Infinity":6,"s:34:8:35:Infinity":19,"s:34:15:34:Infinity":20,"s:35:13:35:Infinity":21,"f:39:13:39:24":3,"s:40:8:40:Infinity":22,"f:44:13:44:22":4,"s:45:8:45:Infinity":23,"s:46:8:46:Infinity":24,"s:47:19:47:Infinity":25,"b:48:8:48:Infinity:undefined:undefined:undefined:undefined":7,"s:48:8:48:Infinity":26,"s:48:16:48:Infinity":27,"s:52:10:52:Infinity":28,"f:52:37:52:43":5,"s:52:43:52:56":29,"s:54:10:54:Infinity":30,"f:54:27:54:33":6,"s:54:33:54:59":31,"b:54:33:54:57:54:57:54:59":8,"s:56:4:56:Infinity":32}}}
,"D:\\cruise_sale_system\\frontend\\admin\\components\\StatCard.vue": {"path":"D:\\cruise_sale_system\\frontend\\admin\\components\\StatCard.vue","statementMap":{"0":{"start":{"line":9,"column":7},"end":{"line":9,"column":null}},"1":{"start":{"line":9,"column":2},"end":{"line":11,"column":26}}},"fnMap":{},"branchMap":{},"s":{"0":1,"1":12},"f":{},"b":{},"meta":{"lastBranch":0,"lastFunction":0,"lastStatement":2,"seen":{"s:9:7:9:Infinity":0,"s:9:2:11:26":1}}}
,"D:\\cruise_sale_system\\frontend\\admin\\pages\\dashboard\\index.vue": {"path":"D:\\cruise_sale_system\\frontend\\admin\\pages\\dashboard\\index.vue","statementMap":{"0":{"start":{"line":7,"column":20},"end":{"line":7,"column":null}},"1":{"start":{"line":8,"column":6},"end":{"line":8,"column":null}},"2":{"start":{"line":9,"column":6},"end":{"line":9,"column":null}},"3":{"start":{"line":10,"column":6},"end":{"line":10,"column":null}},"4":{"start":{"line":12,"column":0},"end":{"line":23,"column":null}},"5":{"start":{"line":13,"column":2},"end":{"line":13,"column":null}},"6":{"start":{"line":14,"column":2},"end":{"line":14,"column":null}},"7":{"start":{"line":15,"column":2},"end":{"line":22,"column":null}},"8":{"start":{"line":16,"column":16},"end":{"line":16,"column":null}},"9":{"start":{"line":17,"column":4},"end":{"line":17,"column":null}},"10":{"start":{"line":19,"column":4},"end":{"line":19,"column":null}},"11":{"start":{"line":21,"column":4},"end":{"line":21,"column":null}},"12":{"start":{"line":27,"column":7},"end":{"line":27,"column":null}},"13":{"start":{"line":27,"column":2},"end":{"line":35,"column":61}}},"fnMap":{"0":{"name":"(anonymous_0)","decl":{"start":{"line":12,"column":10},"end":{"line":12,"column":22}},"loc":{"start":{"line":12,"column":22},"end":{"line":23,"column":1}},"line":12}},"branchMap":{"0":{"loc":{"start":{"line":17,"column":20},"end":{"line":17,"column":null}},"type":"binary-expr","locations":[{"start":{"line":17,"column":20},"end":{"line":17,"column":33}},{"start":{"line":17,"column":33},"end":{"line":17,"column":null}}],"line":17},"1":{"loc":{"start":{"line":19,"column":18},"end":{"line":19,"column":null}},"type":"binary-expr","locations":[{"start":{"line":19,"column":18},"end":{"line":19,"column":32}},{"start":{"line":19,"column":32},"end":{"line":19,"column":null}}],"line":19},"2":{"loc":{"start":{"line":37,"column":8},"end":{"line":28,"column":22}},"type":"binary-expr","locations":[{"start":{"line":37,"column":8},"end":{"line":37,"column":null}},{"start":{"line":37,"column":8},"end":{"line":28,"column":22}}],"line":37},"3":{"loc":{"start":{"line":29,"column":13},"end":{"line":35,"column":61}},"type":"cond-expr","locations":[{"start":{"line":29,"column":13},"end":{"line":29,"column":36}},{"start":{"line":30,"column":18},"end":{"line":35,"column":61}}],"line":29},"4":{"loc":{"start":{"line":30,"column":18},"end":{"line":35,"column":61}},"type":"cond-expr","locations":[{"start":{"line":30,"column":18},"end":{"line":30,"column":61}},{"start":{"line":30,"column":54},"end":{"line":35,"column":61}}],"line":30}},"s":{"0":4,"1":4,"2":4,"3":4,"4":4,"5":4,"6":4,"7":4,"8":4,"9":2,"10":1,"11":3,"12":1,"13":11},"f":{"0":4},"b":{"0":[2,2],"1":[1,0],"2":[11,4],"3":[4,7],"4":[1,6]},"meta":{"lastBranch":5,"lastFunction":1,"lastStatement":14,"seen":{"s:7:20:7:Infinity":0,"s:8:6:8:Infinity":1,"s:9:6:9:Infinity":2,"s:10:6:10:Infinity":3,"s:12:0:23:Infinity":4,"f:12:10:12:22":0,"s:13:2:13:Infinity":5,"s:14:2:14:Infinity":6,"s:15:2:22:Infinity":7,"s:16:16:16:Infinity":8,"s:17:4:17:Infinity":9,"b:17:20:17:33:17:33:17:Infinity":0,"s:19:4:19:Infinity":10,"b:19:18:19:32:19:32:19:Infinity":1,"s:21:4:21:Infinity":11,"s:27:7:27:Infinity":12,"s:27:2:35:61":13,"b:37:8:37:Infinity:37:8:28:22":2,"b:29:13:29:36:30:18:35:61":3,"b:30:18:30:61:30:54:35:61":4}}}
,"D:\\cruise_sale_system\\frontend\\admin\\pages\\finance\\index.vue": {"path":"D:\\cruise_sale_system\\frontend\\admin\\pages\\finance\\index.vue","statementMap":{"0":{"start":{"line":7,"column":20},"end":{"line":7,"column":null}},"1":{"start":{"line":8,"column":6},"end":{"line":8,"column":null}},"2":{"start":{"line":9,"column":6},"end":{"line":9,"column":null}},"3":{"start":{"line":10,"column":6},"end":{"line":10,"column":null}},"4":{"start":{"line":12,"column":0},"end":{"line":27,"column":null}},"5":{"start":{"line":13,"column":2},"end":{"line":13,"column":null}},"6":{"start":{"line":14,"column":2},"end":{"line":14,"column":null}},"7":{"start":{"line":15,"column":2},"end":{"line":26,"column":null}},"8":{"start":{"line":16,"column":20},"end":{"line":16,"column":null}},"9":{"start":{"line":17,"column":20},"end":{"line":17,"column":null}},"10":{"start":{"line":18,"column":4},"end":{"line":21,"column":null}},"11":{"start":{"line":23,"column":4},"end":{"line":23,"column":null}},"12":{"start":{"line":25,"column":4},"end":{"line":25,"column":null}},"13":{"start":{"line":31,"column":7},"end":{"line":31,"column":null}},"14":{"start":{"line":31,"column":2},"end":{"line":47,"column":35}},"15":{"start":{"line":45,"column":8},"end":{"line":47,"column":35}}},"fnMap":{"0":{"name":"(anonymous_0)","decl":{"start":{"line":12,"column":10},"end":{"line":12,"column":22}},"loc":{"start":{"line":12,"column":22},"end":{"line":27,"column":1}},"line":12},"1":{"name":"(anonymous_1)","decl":{"start":{"line":45,"column":30},"end":{"line":45,"column":33}},"loc":{"start":{"line":45,"column":22},"end":{"line":47,"column":35}},"line":45}},"branchMap":{"0":{"loc":{"start":{"line":17,"column":20},"end":{"line":17,"column":null}},"type":"binary-expr","locations":[{"start":{"line":17,"column":20},"end":{"line":17,"column":37}},{"start":{"line":17,"column":37},"end":{"line":17,"column":null}}],"line":17},"1":{"loc":{"start":{"line":19,"column":37},"end":{"line":19,"column":62}},"type":"binary-expr","locations":[{"start":{"line":19,"column":37},"end":{"line":19,"column":61}},{"start":{"line":19,"column":61},"end":{"line":19,"column":62}}],"line":19},"2":{"loc":{"start":{"line":20,"column":37},"end":{"line":20,"column":63}},"type":"binary-expr","locations":[{"start":{"line":20,"column":37},"end":{"line":20,"column":62}},{"start":{"line":20,"column":62},"end":{"line":20,"column":63}}],"line":20},"3":{"loc":{"start":{"line":23,"column":18},"end":{"line":23,"column":null}},"type":"binary-expr","locations":[{"start":{"line":23,"column":18},"end":{"line":23,"column":32}},{"start":{"line":23,"column":32},"end":{"line":23,"column":null}}],"line":23},"4":{"loc":{"start":{"line":51,"column":8},"end":{"line":32,"column":20}},"type":"binary-expr","locations":[{"start":{"line":51,"column":8},"end":{"line":51,"column":null}},{"start":{"line":51,"column":8},"end":{"line":32,"column":20}}],"line":51},"5":{"loc":{"start":{"line":33,"column":13},"end":{"line":47,"column":35}},"type":"cond-expr","locations":[{"start":{"line":33,"column":13},"end":{"line":33,"column":36}},{"start":{"line":34,"column":18},"end":{"line":47,"column":35}}],"line":33},"6":{"loc":{"start":{"line":34,"column":18},"end":{"line":47,"column":35}},"type":"cond-expr","locations":[{"start":{"line":34,"column":18},"end":{"line":34,"column":61}},{"start":{"line":35,"column":18},"end":{"line":47,"column":35}}],"line":34},"7":{"loc":{"start":{"line":35,"column":18},"end":{"line":47,"column":35}},"type":"cond-expr","locations":[{"start":{"line":35,"column":29},"end":{"line":35,"column":48}},{"start":{"line":35,"column":44},"end":{"line":47,"column":35}}],"line":35},"8":{"loc":{"start":{"line":50,"column":12},"end":{"line":41,"column":21}},"type":"binary-expr","locations":[{"start":{"line":50,"column":12},"end":{"line":50,"column":null}},{"start":{"line":50,"column":12},"end":{"line":41,"column":21}}],"line":50}},"s":{"0":2,"1":2,"2":2,"3":2,"4":2,"5":2,"6":2,"7":2,"8":2,"9":2,"10":2,"11":0,"12":2,"13":1,"14":6,"15":4},"f":{"0":2,"1":4},"b":{"0":[2,2],"1":[2,0],"2":[2,0],"3":[0,0],"4":[6,2],"5":[2,4],"6":[0,4],"7":[2,2],"8":[2,2]},"meta":{"lastBranch":9,"lastFunction":2,"lastStatement":16,"seen":{"s:7:20:7:Infinity":0,"s:8:6:8:Infinity":1,"s:9:6:9:Infinity":2,"s:10:6:10:Infinity":3,"s:12:0:27:Infinity":4,"f:12:10:12:22":0,"s:13:2:13:Infinity":5,"s:14:2:14:Infinity":6,"s:15:2:26:Infinity":7,"s:16:20:16:Infinity":8,"s:17:20:17:Infinity":9,"b:17:20:17:37:17:37:17:Infinity":0,"s:18:4:21:Infinity":10,"b:19:37:19:61:19:61:19:62":1,"b:20:37:20:62:20:62:20:63":2,"s:23:4:23:Infinity":11,"b:23:18:23:32:23:32:23:Infinity":3,"s:25:4:25:Infinity":12,"s:31:7:31:Infinity":13,"s:31:2:47:35":14,"b:51:8:51:Infinity:51:8:32:20":4,"b:33:13:33:36:34:18:47:35":5,"b:34:18:34:61:35:18:47:35":6,"b:35:29:35:48:35:44:47:35":7,"b:50:12:50:Infinity:50:12:41:21":8,"f:45:30:45:33":1,"s:45:8:47:35":15}}}
}
