{"D:\\cruise_sale_system\\frontend\\admin\\app\\app.vue": {"path":"D:\\cruise_sale_system\\frontend\\admin\\app\\app.vue","statementMap":{"0":{"start":{"line":4,"column":2},"end":{"line":8,"column":null}},"1":{"start":{"line":7,"column":37},"end":{"line":8,"column":null}}},"fnMap":{"0":{"name":"(anonymous_0)","decl":{"start":{"line":7,"column":6},"end":{"line":7,"column":37}},"loc":{"start":{"line":7,"column":37},"end":{"line":8,"column":null}},"line":7}},"branchMap":{},"s":{"0":1,"1":1},"f":{"0":1},"b":{},"meta":{"lastBranch":0,"lastFunction":1,"lastStatement":2,"seen":{"s:4:2:8:Infinity":0,"f:7:6:7:37":0,"s:7:37:8:Infinity":1}}}
,"D:\\cruise_sale_system\\frontend\\admin\\app\\components\\BookingRow.vue": {"path":"D:\\cruise_sale_system\\frontend\\admin\\app\\components\\BookingRow.vue","statementMap":{"0":{"start":{"line":13,"column":7},"end":{"line":13,"column":null}},"1":{"start":{"line":13,"column":2},"end":{"line":14,"column":null}}},"fnMap":{},"branchMap":{},"s":{"0":1,"1":1},"f":{},"b":{},"meta":{"lastBranch":0,"lastFunction":0,"lastStatement":2,"seen":{"s:13:7:13:Infinity":0,"s:13:2:14:Infinity":1}}}
,"D:\\cruise_sale_system\\frontend\\admin\\app\\components\\PricingRow.vue": {"path":"D:\\cruise_sale_system\\frontend\\admin\\app\\components\\PricingRow.vue","statementMap":{"0":{"start":{"line":9,"column":2},"end":{"line":11,"column":null}}},"fnMap":{},"branchMap":{},"s":{"0":1},"f":{},"b":{},"meta":{"lastBranch":0,"lastFunction":0,"lastStatement":1,"seen":{"s:9:2:11:Infinity":0}}}
,"D:\\cruise_sale_system\\frontend\\admin\\app\\components\\RouteTable.vue": {"path":"D:\\cruise_sale_system\\frontend\\admin\\app\\components\\RouteTable.vue","statementMap":{"0":{"start":{"line":9,"column":2},"end":{"line":13,"column":29}},"1":{"start":{"line":11,"column":6},"end":{"line":13,"column":29}}},"fnMap":{"0":{"name":"(anonymous_0)","decl":{"start":{"line":11,"column":27},"end":{"line":11,"column":30}},"loc":{"start":{"line":11,"column":18},"end":{"line":13,"column":29}},"line":11}},"branchMap":{},"s":{"0":1,"1":1},"f":{"0":1},"b":{},"meta":{"lastBranch":0,"lastFunction":1,"lastStatement":2,"seen":{"s:9:2:13:29":0,"f:11:27:11:30":0,"s:11:6:13:29":1}}}
,"D:\\cruise_sale_system\\frontend\\admin\\app\\composables\\useApi.ts": {"path":"D:\\cruise_sale_system\\frontend\\admin\\app\\composables\\useApi.ts","statementMap":{"0":{"start":{"line":16,"column":22},"end":{"line":44,"column":null}},"1":{"start":{"line":17,"column":19},"end":{"line":17,"column":null}},"2":{"start":{"line":18,"column":10},"end":{"line":18,"column":null}},"3":{"start":{"line":21,"column":20},"end":{"line":21,"column":null}},"4":{"start":{"line":29,"column":20},"end":{"line":41,"column":null}},"5":{"start":{"line":31,"column":48},"end":{"line":33,"column":null}},"6":{"start":{"line":35,"column":8},"end":{"line":35,"column":null}},"7":{"start":{"line":35,"column":24},"end":{"line":35,"column":null}},"8":{"start":{"line":37,"column":8},"end":{"line":40,"column":null}},"9":{"start":{"line":43,"column":4},"end":{"line":43,"column":null}}},"fnMap":{"0":{"name":"(anonymous_0)","decl":{"start":{"line":16,"column":22},"end":{"line":16,"column":28}},"loc":{"start":{"line":16,"column":28},"end":{"line":44,"column":null}},"line":16},"1":{"name":"(anonymous_1)","decl":{"start":{"line":29,"column":20},"end":{"line":29,"column":30}},"loc":{"start":{"line":29,"column":66},"end":{"line":41,"column":null}},"line":29}},"branchMap":{"0":{"loc":{"start":{"line":29,"column":44},"end":{"line":29,"column":66}},"type":"default-arg","locations":[{"start":{"line":29,"column":59},"end":{"line":29,"column":66}}],"line":29},"1":{"loc":{"start":{"line":35,"column":8},"end":{"line":35,"column":null}},"type":"if","locations":[{"start":{"line":35,"column":8},"end":{"line":35,"column":null}},{"start":{},"end":{}}],"line":35},"2":{"loc":{"start":{"line":39,"column":39},"end":{"line":39,"column":62}},"type":"binary-expr","locations":[{"start":{"line":39,"column":39},"end":{"line":39,"column":58}},{"start":{"line":39,"column":58},"end":{"line":39,"column":62}}],"line":39}},"s":{"0":1,"1":3,"2":3,"3":3,"4":3,"5":2,"6":2,"7":1,"8":2,"9":3},"f":{"0":3,"1":2},"b":{"0":[2],"1":[1,1],"2":[2,2]},"meta":{"lastBranch":3,"lastFunction":2,"lastStatement":10,"seen":{"s:16:22:44:Infinity":0,"f:16:22:16:28":0,"s:17:19:17:Infinity":1,"s:18:10:18:Infinity":2,"s:21:20:21:Infinity":3,"s:29:20:41:Infinity":4,"f:29:20:29:30":1,"b:29:59:29:66":0,"s:31:48:33:Infinity":5,"b:35:8:35:Infinity:undefined:undefined:undefined:undefined":1,"s:35:8:35:Infinity":6,"s:35:24:35:Infinity":7,"s:37:8:40:Infinity":8,"b:39:39:39:58:39:58:39:62":2,"s:43:4:43:Infinity":9}}}
,"D:\\cruise_sale_system\\frontend\\admin\\app\\layouts\\default.vue": {"path":"D:\\cruise_sale_system\\frontend\\admin\\app\\layouts\\default.vue","statementMap":{"0":{"start":{"line":4,"column":7},"end":{"line":4,"column":null}},"1":{"start":{"line":9,"column":9},"end":{"line":9,"column":null}},"2":{"start":{"line":11,"column":13},"end":{"line":11,"column":null}},"3":{"start":{"line":12,"column":13},"end":{"line":12,"column":null}},"4":{"start":{"line":19,"column":12},"end":{"line":19,"column":null}},"5":{"start":{"line":4,"column":2},"end":{"line":20,"column":null}},"6":{"start":{"line":13,"column":87},"end":{"line":13,"column":98}},"7":{"start":{"line":14,"column":91},"end":{"line":14,"column":102}},"8":{"start":{"line":15,"column":90},"end":{"line":15,"column":101}}},"fnMap":{"0":{"name":"(anonymous_0)","decl":{"start":{"line":13,"column":83},"end":{"line":13,"column":87}},"loc":{"start":{"line":13,"column":87},"end":{"line":13,"column":98}},"line":13},"1":{"name":"(anonymous_1)","decl":{"start":{"line":14,"column":87},"end":{"line":14,"column":91}},"loc":{"start":{"line":14,"column":91},"end":{"line":14,"column":102}},"line":14},"2":{"name":"(anonymous_2)","decl":{"start":{"line":15,"column":86},"end":{"line":15,"column":90}},"loc":{"start":{"line":15,"column":90},"end":{"line":15,"column":101}},"line":15}},"branchMap":{"0":{"loc":{"start":{"line":5,"column":4},"end":{"line":7,"column":58}},"type":"binary-expr","locations":[{"start":{"line":5,"column":4},"end":{"line":5,"column":null}},{"start":{"line":5,"column":4},"end":{"line":7,"column":58}}],"line":5},"1":{"loc":{"start":{"line":13,"column":87},"end":{"line":13,"column":98}},"type":"binary-expr","locations":[{"start":{"line":13,"column":87},"end":{"line":13,"column":98}},{"start":{"line":13,"column":87},"end":{"line":13,"column":98}}],"line":13},"2":{"loc":{"start":{"line":14,"column":91},"end":{"line":14,"column":102}},"type":"binary-expr","locations":[{"start":{"line":14,"column":91},"end":{"line":14,"column":102}},{"start":{"line":14,"column":91},"end":{"line":14,"column":102}}],"line":14},"3":{"loc":{"start":{"line":15,"column":90},"end":{"line":15,"column":101}},"type":"binary-expr","locations":[{"start":{"line":15,"column":90},"end":{"line":15,"column":101}},{"start":{"line":15,"column":90},"end":{"line":15,"column":101}}],"line":15}},"s":{"0":1,"1":1,"2":1,"3":1,"4":1,"5":1,"6":1,"7":1,"8":1},"f":{"0":1,"1":1,"2":1},"b":{"0":[1,1],"1":[1,1],"2":[1,1],"3":[1,1]},"meta":{"lastBranch":4,"lastFunction":3,"lastStatement":9,"seen":{"s:4:7:4:Infinity":0,"s:9:9:9:Infinity":1,"s:11:13:11:Infinity":2,"s:12:13:12:Infinity":3,"s:19:12:19:Infinity":4,"s:4:2:20:Infinity":5,"b:5:4:5:Infinity:5:4:7:58":0,"f:13:83:13:87":0,"s:13:87:13:98":6,"b:13:87:13:98:13:87:13:98":1,"f:14:87:14:91":1,"s:14:91:14:102":7,"b:14:91:14:102:14:91:14:102":2,"f:15:86:15:90":2,"s:15:90:15:101":8,"b:15:90:15:101:15:90:15:101":3}}}
,"D:\\cruise_sale_system\\frontend\\admin\\app\\pages\\login.vue": {"path":"D:\\cruise_sale_system\\frontend\\admin\\app\\pages\\login.vue","statementMap":{"0":{"start":{"line":24,"column":6},"end":{"line":24,"column":null}},"1":{"start":{"line":25,"column":6},"end":{"line":25,"column":null}},"2":{"start":{"line":26,"column":6},"end":{"line":26,"column":null}},"3":{"start":{"line":27,"column":6},"end":{"line":27,"column":null}},"4":{"start":{"line":35,"column":2},"end":{"line":38,"column":null}},"5":{"start":{"line":36,"column":4},"end":{"line":36,"column":null}},"6":{"start":{"line":37,"column":4},"end":{"line":37,"column":null}},"7":{"start":{"line":39,"column":2},"end":{"line":39,"column":null}},"8":{"start":{"line":40,"column":2},"end":{"line":40,"column":null}},"9":{"start":{"line":42,"column":2},"end":{"line":42,"column":null}},"10":{"start":{"line":42,"column":31},"end":{"line":42,"column":55}},"11":{"start":{"line":44,"column":2},"end":{"line":44,"column":null}},"12":{"start":{"line":4,"column":7},"end":{"line":4,"column":null}},"13":{"start":{"line":5,"column":9},"end":{"line":5,"column":null}},"14":{"start":{"line":4,"column":2},"end":{"line":14,"column":93}},"15":{"start":{"line":9,"column":25},"end":{"line":9,"column":35}},"16":{"start":{"line":11,"column":25},"end":{"line":11,"column":35}},"17":{"start":{"line":14,"column":83},"end":{"line":14,"column":93}}},"fnMap":{"0":{"name":"handleLogin","decl":{"start":{"line":33,"column":15},"end":{"line":33,"column":29}},"loc":{"start":{"line":33,"column":29},"end":{"line":45,"column":null}},"line":33},"1":{"name":"(anonymous_1)","decl":{"start":{"line":42,"column":20},"end":{"line":42,"column":31}},"loc":{"start":{"line":42,"column":31},"end":{"line":42,"column":55}},"line":42},"2":{"name":"(anonymous_2)","decl":{"start":{"line":9,"column":25},"end":{"line":9,"column":33}},"loc":{"start":{"line":9,"column":25},"end":{"line":9,"column":35}},"line":9},"3":{"name":"(anonymous_3)","decl":{"start":{"line":11,"column":25},"end":{"line":11,"column":33}},"loc":{"start":{"line":11,"column":25},"end":{"line":11,"column":35}},"line":11},"4":{"name":"(anonymous_4)","decl":{"start":{"line":14,"column":81},"end":{"line":14,"column":83}},"loc":{"start":{"line":14,"column":83},"end":{"line":14,"column":93}},"line":14}},"branchMap":{"0":{"loc":{"start":{"line":35,"column":2},"end":{"line":38,"column":null}},"type":"if","locations":[{"start":{"line":35,"column":2},"end":{"line":38,"column":null}},{"start":{},"end":{}}],"line":35},"1":{"loc":{"start":{"line":35,"column":6},"end":{"line":35,"column":42}},"type":"binary-expr","locations":[{"start":{"line":35,"column":6},"end":{"line":35,"column":25}},{"start":{"line":35,"column":25},"end":{"line":35,"column":42}}],"line":35},"2":{"loc":{"start":{"line":16,"column":10},"end":{"line":6,"column":55}},"type":"binary-expr","locations":[{"start":{"line":16,"column":10},"end":{"line":16,"column":null}},{"start":{"line":16,"column":10},"end":{"line":6,"column":55}}],"line":16},"3":{"loc":{"start":{"line":9,"column":25},"end":{"line":9,"column":35}},"type":"binary-expr","locations":[{"start":{"line":9,"column":25},"end":{"line":9,"column":33}},{"start":{"line":9,"column":25},"end":{"line":9,"column":35}}],"line":9},"4":{"loc":{"start":{"line":11,"column":25},"end":{"line":11,"column":35}},"type":"binary-expr","locations":[{"start":{"line":11,"column":25},"end":{"line":11,"column":33}},{"start":{"line":11,"column":25},"end":{"line":11,"column":35}}],"line":11},"5":{"loc":{"start":{"line":13,"column":17},"end":{"line":13,"column":68}},"type":"cond-expr","locations":[{"start":{"line":13,"column":17},"end":{"line":13,"column":68}},{"start":{"line":13,"column":61},"end":{"line":13,"column":68}}],"line":13},"6":{"loc":{"start":{"line":14,"column":83},"end":{"line":14,"column":93}},"type":"binary-expr","locations":[{"start":{"line":14,"column":83},"end":{"line":14,"column":93}},{"start":{"line":14,"column":83},"end":{"line":14,"column":93}}],"line":14}},"s":{"0":4,"1":4,"2":4,"3":4,"4":2,"5":1,"6":1,"7":1,"8":1,"9":1,"10":1,"11":1,"12":1,"13":1,"14":9,"15":1,"16":1,"17":6},"f":{"0":2,"1":1,"2":1,"3":1,"4":6},"b":{"0":[1,1],"1":[2,1],"2":[9,4],"3":[9,4],"4":[9,4],"5":[1,8],"6":[6,4]},"meta":{"lastBranch":7,"lastFunction":5,"lastStatement":18,"seen":{"s:24:6:24:Infinity":0,"s:25:6:25:Infinity":1,"s:26:6:26:Infinity":2,"s:27:6:27:Infinity":3,"f:33:15:33:29":0,"b:35:2:38:Infinity:undefined:undefined:undefined:undefined":0,"s:35:2:38:Infinity":4,"b:35:6:35:25:35:25:35:42":1,"s:36:4:36:Infinity":5,"s:37:4:37:Infinity":6,"s:39:2:39:Infinity":7,"s:40:2:40:Infinity":8,"s:42:2:42:Infinity":9,"f:42:20:42:31":1,"s:42:31:42:55":10,"s:44:2:44:Infinity":11,"s:4:7:4:Infinity":12,"s:5:9:5:Infinity":13,"s:4:2:14:93":14,"b:16:10:16:Infinity:16:10:6:55":2,"b:9:25:9:33:9:25:9:35":3,"f:9:25:9:33":2,"s:9:25:9:35":15,"b:11:25:11:33:11:25:11:35":4,"f:11:25:11:33":3,"s:11:25:11:35":16,"b:13:17:13:68:13:61:13:68":5,"f:14:81:14:83":4,"s:14:83:14:93":17,"b:14:83:14:93:14:83:14:93":6}}}
,"D:\\cruise_sale_system\\frontend\\admin\\app\\pages\\bookings\\[id].vue": {"path":"D:\\cruise_sale_system\\frontend\\admin\\app\\pages\\bookings\\[id].vue","statementMap":{"0":{"start":{"line":7,"column":14},"end":{"line":7,"column":null}},"1":{"start":{"line":8,"column":20},"end":{"line":8,"column":null}},"2":{"start":{"line":10,"column":6},"end":{"line":10,"column":null}},"3":{"start":{"line":11,"column":6},"end":{"line":11,"column":null}},"4":{"start":{"line":12,"column":6},"end":{"line":12,"column":null}},"5":{"start":{"line":14,"column":0},"end":{"line":26,"column":null}},"6":{"start":{"line":15,"column":2},"end":{"line":15,"column":null}},"7":{"start":{"line":16,"column":2},"end":{"line":16,"column":null}},"8":{"start":{"line":17,"column":2},"end":{"line":25,"column":null}},"9":{"start":{"line":18,"column":15},"end":{"line":18,"column":null}},"10":{"start":{"line":19,"column":16},"end":{"line":19,"column":null}},"11":{"start":{"line":20,"column":4},"end":{"line":20,"column":null}},"12":{"start":{"line":22,"column":4},"end":{"line":22,"column":null}},"13":{"start":{"line":24,"column":4},"end":{"line":24,"column":null}},"14":{"start":{"line":30,"column":7},"end":{"line":30,"column":null}},"15":{"start":{"line":30,"column":2},"end":{"line":37,"column":39}}},"fnMap":{"0":{"name":"(anonymous_0)","decl":{"start":{"line":14,"column":10},"end":{"line":14,"column":22}},"loc":{"start":{"line":14,"column":22},"end":{"line":26,"column":1}},"line":14}},"branchMap":{"0":{"loc":{"start":{"line":18,"column":22},"end":{"line":18,"column":43}},"type":"binary-expr","locations":[{"start":{"line":18,"column":22},"end":{"line":18,"column":41}},{"start":{"line":18,"column":41},"end":{"line":18,"column":43}}],"line":18},"1":{"loc":{"start":{"line":20,"column":20},"end":{"line":20,"column":null}},"type":"binary-expr","locations":[{"start":{"line":20,"column":20},"end":{"line":20,"column":33}},{"start":{"line":20,"column":33},"end":{"line":20,"column":null}}],"line":20},"2":{"loc":{"start":{"line":22,"column":18},"end":{"line":22,"column":null}},"type":"binary-expr","locations":[{"start":{"line":22,"column":18},"end":{"line":22,"column":32}},{"start":{"line":22,"column":32},"end":{"line":22,"column":null}}],"line":22},"3":{"loc":{"start":{"line":32,"column":13},"end":{"line":37,"column":39}},"type":"cond-expr","locations":[{"start":{"line":32,"column":13},"end":{"line":32,"column":36}},{"start":{"line":33,"column":18},"end":{"line":37,"column":39}}],"line":32},"4":{"loc":{"start":{"line":33,"column":18},"end":{"line":37,"column":39}},"type":"cond-expr","locations":[{"start":{"line":33,"column":18},"end":{"line":33,"column":54}},{"start":{"line":34,"column":20},"end":{"line":37,"column":39}}],"line":33},"5":{"loc":{"start":{"line":34,"column":20},"end":{"line":37,"column":39}},"type":"cond-expr","locations":[{"start":{"line":34,"column":20},"end":{"line":37,"column":39}},{"start":{"line":37,"column":32},"end":{"line":37,"column":39}}],"line":34}},"s":{"0":2,"1":2,"2":2,"3":2,"4":2,"5":2,"6":2,"7":2,"8":2,"9":2,"10":2,"11":1,"12":1,"13":2,"14":1,"15":6},"f":{"0":2},"b":{"0":[2,0],"1":[1,0],"2":[1,0],"3":[2,4],"4":[1,3],"5":[1,2]},"meta":{"lastBranch":6,"lastFunction":1,"lastStatement":16,"seen":{"s:7:14:7:Infinity":0,"s:8:20:8:Infinity":1,"s:10:6:10:Infinity":2,"s:11:6:11:Infinity":3,"s:12:6:12:Infinity":4,"s:14:0:26:Infinity":5,"f:14:10:14:22":0,"s:15:2:15:Infinity":6,"s:16:2:16:Infinity":7,"s:17:2:25:Infinity":8,"s:18:15:18:Infinity":9,"b:18:22:18:41:18:41:18:43":0,"s:19:16:19:Infinity":10,"s:20:4:20:Infinity":11,"b:20:20:20:33:20:33:20:Infinity":1,"s:22:4:22:Infinity":12,"b:22:18:22:32:22:32:22:Infinity":2,"s:24:4:24:Infinity":13,"s:30:7:30:Infinity":14,"s:30:2:37:39":15,"b:32:13:32:36:33:18:37:39":3,"b:33:18:33:54:34:20:37:39":4,"b:34:20:37:39:37:32:37:39":5}}}
,"D:\\cruise_sale_system\\frontend\\admin\\app\\pages\\bookings\\index.vue": {"path":"D:\\cruise_sale_system\\frontend\\admin\\app\\pages\\bookings\\index.vue","statementMap":{"0":{"start":{"line":7,"column":20},"end":{"line":7,"column":null}},"1":{"start":{"line":8,"column":6},"end":{"line":8,"column":null}},"2":{"start":{"line":9,"column":6},"end":{"line":9,"column":null}},"3":{"start":{"line":10,"column":6},"end":{"line":10,"column":null}},"4":{"start":{"line":12,"column":0},"end":{"line":22,"column":null}},"5":{"start":{"line":13,"column":2},"end":{"line":13,"column":null}},"6":{"start":{"line":14,"column":2},"end":{"line":21,"column":null}},"7":{"start":{"line":15,"column":16},"end":{"line":15,"column":null}},"8":{"start":{"line":16,"column":4},"end":{"line":16,"column":null}},"9":{"start":{"line":18,"column":4},"end":{"line":18,"column":null}},"10":{"start":{"line":20,"column":4},"end":{"line":20,"column":null}},"11":{"start":{"line":26,"column":7},"end":{"line":26,"column":null}},"12":{"start":{"line":26,"column":2},"end":{"line":30,"column":62}},"13":{"start":{"line":30,"column":4},"end":{"line":30,"column":62}}},"fnMap":{"0":{"name":"(anonymous_0)","decl":{"start":{"line":12,"column":10},"end":{"line":12,"column":22}},"loc":{"start":{"line":12,"column":22},"end":{"line":22,"column":1}},"line":12},"1":{"name":"(anonymous_1)","decl":{"start":{"line":30,"column":33},"end":{"line":30,"column":36}},"loc":{"start":{"line":30,"column":24},"end":{"line":30,"column":62}},"line":30}},"branchMap":{"0":{"loc":{"start":{"line":16,"column":18},"end":{"line":16,"column":null}},"type":"binary-expr","locations":[{"start":{"line":16,"column":18},"end":{"line":16,"column":31}},{"start":{"line":16,"column":31},"end":{"line":16,"column":null}}],"line":16},"1":{"loc":{"start":{"line":18,"column":18},"end":{"line":18,"column":null}},"type":"binary-expr","locations":[{"start":{"line":18,"column":18},"end":{"line":18,"column":32}},{"start":{"line":18,"column":32},"end":{"line":18,"column":null}}],"line":18},"2":{"loc":{"start":{"line":31,"column":8},"end":{"line":27,"column":21}},"type":"binary-expr","locations":[{"start":{"line":31,"column":8},"end":{"line":31,"column":null}},{"start":{"line":31,"column":8},"end":{"line":27,"column":21}}],"line":31},"3":{"loc":{"start":{"line":28,"column":13},"end":{"line":29,"column":54}},"type":"cond-expr","locations":[{"start":{"line":28,"column":13},"end":{"line":28,"column":36}},{"start":{"line":29,"column":18},"end":{"line":29,"column":54}}],"line":28},"4":{"loc":{"start":{"line":29,"column":18},"end":{"line":29,"column":54}},"type":"cond-expr","locations":[{"start":{"line":29,"column":18},"end":{"line":29,"column":54}},{"start":{"line":29,"column":47},"end":{"line":29,"column":54}}],"line":29}},"s":{"0":3,"1":3,"2":3,"3":3,"4":3,"5":3,"6":3,"7":3,"8":2,"9":1,"10":3,"11":1,"12":9,"13":4},"f":{"0":3,"1":4},"b":{"0":[2,0],"1":[1,0],"2":[9,3],"3":[3,6],"4":[1,5]},"meta":{"lastBranch":5,"lastFunction":2,"lastStatement":14,"seen":{"s:7:20:7:Infinity":0,"s:8:6:8:Infinity":1,"s:9:6:9:Infinity":2,"s:10:6:10:Infinity":3,"s:12:0:22:Infinity":4,"f:12:10:12:22":0,"s:13:2:13:Infinity":5,"s:14:2:21:Infinity":6,"s:15:16:15:Infinity":7,"s:16:4:16:Infinity":8,"b:16:18:16:31:16:31:16:Infinity":0,"s:18:4:18:Infinity":9,"b:18:18:18:32:18:32:18:Infinity":1,"s:20:4:20:Infinity":10,"s:26:7:26:Infinity":11,"s:26:2:30:62":12,"b:31:8:31:Infinity:31:8:27:21":2,"b:28:13:28:36:29:18:29:54":3,"b:29:18:29:54:29:47:29:54":4,"f:30:33:30:36":1,"s:30:4:30:62":13}}}
,"D:\\cruise_sale_system\\frontend\\admin\\app\\pages\\cabins\\index.vue": {"path":"D:\\cruise_sale_system\\frontend\\admin\\app\\pages\\cabins\\index.vue","statementMap":{"0":{"start":{"line":3,"column":7},"end":{"line":3,"column":null}},"1":{"start":{"line":3,"column":2},"end":{"line":5,"column":null}}},"fnMap":{},"branchMap":{"0":{"loc":{"start":{"line":4,"column":4},"end":{"line":4,"column":19}},"type":"binary-expr","locations":[{"start":{"line":4,"column":4},"end":{"line":4,"column":8}},{"start":{"line":4,"column":4},"end":{"line":4,"column":19}}],"line":4}},"s":{"0":1,"1":1},"f":{},"b":{"0":[1,1]},"meta":{"lastBranch":1,"lastFunction":0,"lastStatement":2,"seen":{"s:3:7:3:Infinity":0,"s:3:2:5:Infinity":1,"b:4:4:4:8:4:4:4:19":0}}}
,"D:\\cruise_sale_system\\frontend\\admin\\app\\pages\\cabins\\inventory.vue": {"path":"D:\\cruise_sale_system\\frontend\\admin\\app\\pages\\cabins\\inventory.vue","statementMap":{"0":{"start":{"line":3,"column":7},"end":{"line":3,"column":null}},"1":{"start":{"line":3,"column":2},"end":{"line":5,"column":null}}},"fnMap":{},"branchMap":{"0":{"loc":{"start":{"line":4,"column":4},"end":{"line":4,"column":22}},"type":"binary-expr","locations":[{"start":{"line":4,"column":4},"end":{"line":4,"column":8}},{"start":{"line":4,"column":4},"end":{"line":4,"column":22}}],"line":4}},"s":{"0":1,"1":1},"f":{},"b":{"0":[1,1]},"meta":{"lastBranch":1,"lastFunction":0,"lastStatement":2,"seen":{"s:3:7:3:Infinity":0,"s:3:2:5:Infinity":1,"b:4:4:4:8:4:4:4:22":0}}}
,"D:\\cruise_sale_system\\frontend\\admin\\app\\pages\\cabins\\pricing.vue": {"path":"D:\\cruise_sale_system\\frontend\\admin\\app\\pages\\cabins\\pricing.vue","statementMap":{"0":{"start":{"line":6,"column":13},"end":{"line":6,"column":null}},"1":{"start":{"line":10,"column":7},"end":{"line":10,"column":null}},"2":{"start":{"line":10,"column":2},"end":{"line":13,"column":59}},"3":{"start":{"line":13,"column":4},"end":{"line":13,"column":59}}},"fnMap":{"0":{"name":"(anonymous_0)","decl":{"start":{"line":13,"column":32},"end":{"line":13,"column":35}},"loc":{"start":{"line":13,"column":24},"end":{"line":13,"column":59}},"line":13}},"branchMap":{"0":{"loc":{"start":{"line":14,"column":8},"end":{"line":11,"column":27}},"type":"binary-expr","locations":[{"start":{"line":14,"column":8},"end":{"line":14,"column":null}},{"start":{"line":14,"column":8},"end":{"line":11,"column":27}}],"line":14}},"s":{"0":1,"1":1,"2":1,"3":1},"f":{"0":1},"b":{"0":[1,1]},"meta":{"lastBranch":1,"lastFunction":1,"lastStatement":4,"seen":{"s:6:13:6:Infinity":0,"s:10:7:10:Infinity":1,"s:10:2:13:59":2,"b:14:8:14:Infinity:14:8:11:27":0,"f:13:32:13:35":0,"s:13:4:13:59":3}}}
,"D:\\cruise_sale_system\\frontend\\admin\\app\\pages\\cruises\\index.vue": {"path":"D:\\cruise_sale_system\\frontend\\admin\\app\\pages\\cruises\\index.vue","statementMap":{"0":{"start":{"line":6,"column":9},"end":{"line":6,"column":null}},"1":{"start":{"line":4,"column":2},"end":{"line":10,"column":null}},"2":{"start":{"line":8,"column":56},"end":{"line":8,"column":66}}},"fnMap":{"0":{"name":"(anonymous_0)","decl":{"start":{"line":8,"column":52},"end":{"line":8,"column":56}},"loc":{"start":{"line":8,"column":56},"end":{"line":8,"column":66}},"line":8}},"branchMap":{"0":{"loc":{"start":{"line":9,"column":10},"end":{"line":7,"column":49}},"type":"binary-expr","locations":[{"start":{"line":9,"column":10},"end":{"line":9,"column":null}},{"start":{"line":9,"column":10},"end":{"line":7,"column":49}}],"line":9},"1":{"loc":{"start":{"line":8,"column":56},"end":{"line":8,"column":66}},"type":"binary-expr","locations":[{"start":{"line":8,"column":56},"end":{"line":8,"column":66}},{"start":{"line":8,"column":56},"end":{"line":8,"column":66}}],"line":8},"2":{"loc":{"start":{"line":10,"column":4},"end":{"line":10,"column":null}},"type":"binary-expr","locations":[{"start":{"line":10,"column":4},"end":{"line":10,"column":null}},{"start":{"line":10,"column":4},"end":{"line":10,"column":null}}],"line":10}},"s":{"0":1,"1":2,"2":2},"f":{"0":2},"b":{"0":[2,2],"1":[2,2],"2":[2,2]},"meta":{"lastBranch":3,"lastFunction":1,"lastStatement":3,"seen":{"s:6:9:6:Infinity":0,"s:4:2:10:Infinity":1,"b:9:10:9:Infinity:9:10:7:49":0,"f:8:52:8:56":0,"s:8:56:8:66":2,"b:8:56:8:66:8:56:8:66":1,"b:10:4:10:Infinity:10:4:10:Infinity":2}}}
,"D:\\cruise_sale_system\\frontend\\admin\\app\\pages\\routes\\index.vue": {"path":"D:\\cruise_sale_system\\frontend\\admin\\app\\pages\\routes\\index.vue","statementMap":{"0":{"start":{"line":6,"column":14},"end":{"line":6,"column":null}},"1":{"start":{"line":10,"column":7},"end":{"line":10,"column":null}},"2":{"start":{"line":10,"column":2},"end":{"line":13,"column":33}}},"fnMap":{},"branchMap":{"0":{"loc":{"start":{"line":14,"column":8},"end":{"line":11,"column":19}},"type":"binary-expr","locations":[{"start":{"line":14,"column":8},"end":{"line":14,"column":null}},{"start":{"line":14,"column":8},"end":{"line":11,"column":19}}],"line":14}},"s":{"0":1,"1":1,"2":1},"f":{},"b":{"0":[1,1]},"meta":{"lastBranch":1,"lastFunction":0,"lastStatement":3,"seen":{"s:6:14:6:Infinity":0,"s:10:7:10:Infinity":1,"s:10:2:13:33":2,"b:14:8:14:Infinity:14:8:11:19":0}}}
,"D:\\cruise_sale_system\\frontend\\admin\\app\\pages\\routes\\new.vue": {"path":"D:\\cruise_sale_system\\frontend\\admin\\app\\pages\\routes\\new.vue","statementMap":{"0":{"start":{"line":6,"column":6},"end":{"line":6,"column":null}},"1":{"start":{"line":10,"column":7},"end":{"line":10,"column":null}},"2":{"start":{"line":10,"column":2},"end":{"line":15,"column":31}},"3":{"start":{"line":13,"column":20},"end":{"line":13,"column":31}},"4":{"start":{"line":15,"column":20},"end":{"line":15,"column":31}}},"fnMap":{"0":{"name":"(anonymous_0)","decl":{"start":{"line":13,"column":52},"end":{"line":13,"column":null}},"loc":{"start":{"line":13,"column":20},"end":{"line":13,"column":31}},"line":13},"1":{"name":"(anonymous_1)","decl":{"start":{"line":15,"column":52},"end":{"line":15,"column":null}},"loc":{"start":{"line":15,"column":20},"end":{"line":15,"column":31}},"line":15}},"branchMap":{"0":{"loc":{"start":{"line":16,"column":8},"end":{"line":11,"column":22}},"type":"binary-expr","locations":[{"start":{"line":16,"column":8},"end":{"line":16,"column":null}},{"start":{"line":16,"column":8},"end":{"line":11,"column":22}}],"line":16},"1":{"loc":{"start":{"line":13,"column":52},"end":{"line":13,"column":31}},"type":"binary-expr","locations":[{"start":{"line":13,"column":52},"end":{"line":13,"column":null}},{"start":{"line":13,"column":52},"end":{"line":13,"column":31}}],"line":13},"2":{"loc":{"start":{"line":15,"column":52},"end":{"line":15,"column":31}},"type":"binary-expr","locations":[{"start":{"line":15,"column":52},"end":{"line":15,"column":null}},{"start":{"line":15,"column":52},"end":{"line":15,"column":31}}],"line":15}},"s":{"0":1,"1":1,"2":3,"3":1,"4":1},"f":{"0":1,"1":1},"b":{"0":[3,1],"1":[3,1],"2":[3,1]},"meta":{"lastBranch":3,"lastFunction":2,"lastStatement":5,"seen":{"s:6:6:6:Infinity":0,"s:10:7:10:Infinity":1,"s:10:2:15:31":2,"b:16:8:16:Infinity:16:8:11:22":0,"b:13:52:13:Infinity:13:52:13:31":1,"f:13:52:13:Infinity":0,"s:13:20:13:31":3,"b:15:52:15:Infinity:15:52:15:31":2,"f:15:52:15:Infinity":1,"s:15:20:15:31":4}}}
,"D:\\cruise_sale_system\\frontend\\admin\\app\\pages\\voyages\\index.vue": {"path":"D:\\cruise_sale_system\\frontend\\admin\\app\\pages\\voyages\\index.vue","statementMap":{"0":{"start":{"line":5,"column":14},"end":{"line":5,"column":null}},"1":{"start":{"line":9,"column":7},"end":{"line":9,"column":null}},"2":{"start":{"line":9,"column":2},"end":{"line":16,"column":31}},"3":{"start":{"line":14,"column":8},"end":{"line":16,"column":31}}},"fnMap":{"0":{"name":"(anonymous_0)","decl":{"start":{"line":14,"column":29},"end":{"line":14,"column":32}},"loc":{"start":{"line":14,"column":20},"end":{"line":16,"column":31}},"line":14}},"branchMap":{"0":{"loc":{"start":{"line":20,"column":8},"end":{"line":10,"column":20}},"type":"binary-expr","locations":[{"start":{"line":20,"column":8},"end":{"line":20,"column":null}},{"start":{"line":20,"column":8},"end":{"line":10,"column":20}}],"line":20}},"s":{"0":1,"1":1,"2":1,"3":1},"f":{"0":1},"b":{"0":[1,1]},"meta":{"lastBranch":1,"lastFunction":1,"lastStatement":4,"seen":{"s:5:14:5:Infinity":0,"s:9:7:9:Infinity":1,"s:9:2:16:31":2,"b:20:8:20:Infinity:20:8:10:20":0,"f:14:29:14:32":0,"s:14:8:16:31":3}}}
,"D:\\cruise_sale_system\\frontend\\admin\\app\\pages\\voyages\\new.vue": {"path":"D:\\cruise_sale_system\\frontend\\admin\\app\\pages\\voyages\\new.vue","statementMap":{"0":{"start":{"line":6,"column":6},"end":{"line":6,"column":null}},"1":{"start":{"line":10,"column":7},"end":{"line":10,"column":null}},"2":{"start":{"line":10,"column":2},"end":{"line":15,"column":31}},"3":{"start":{"line":13,"column":20},"end":{"line":13,"column":31}},"4":{"start":{"line":15,"column":20},"end":{"line":15,"column":31}}},"fnMap":{"0":{"name":"(anonymous_0)","decl":{"start":{"line":13,"column":52},"end":{"line":13,"column":null}},"loc":{"start":{"line":13,"column":20},"end":{"line":13,"column":31}},"line":13},"1":{"name":"(anonymous_1)","decl":{"start":{"line":15,"column":52},"end":{"line":15,"column":null}},"loc":{"start":{"line":15,"column":20},"end":{"line":15,"column":31}},"line":15}},"branchMap":{"0":{"loc":{"start":{"line":16,"column":8},"end":{"line":11,"column":23}},"type":"binary-expr","locations":[{"start":{"line":16,"column":8},"end":{"line":16,"column":null}},{"start":{"line":16,"column":8},"end":{"line":11,"column":23}}],"line":16},"1":{"loc":{"start":{"line":13,"column":52},"end":{"line":13,"column":31}},"type":"binary-expr","locations":[{"start":{"line":13,"column":52},"end":{"line":13,"column":null}},{"start":{"line":13,"column":52},"end":{"line":13,"column":31}}],"line":13},"2":{"loc":{"start":{"line":15,"column":52},"end":{"line":15,"column":31}},"type":"binary-expr","locations":[{"start":{"line":15,"column":52},"end":{"line":15,"column":null}},{"start":{"line":15,"column":52},"end":{"line":15,"column":31}}],"line":15}},"s":{"0":1,"1":1,"2":3,"3":1,"4":1},"f":{"0":1,"1":1},"b":{"0":[3,1],"1":[3,1],"2":[3,1]},"meta":{"lastBranch":3,"lastFunction":2,"lastStatement":5,"seen":{"s:6:6:6:Infinity":0,"s:10:7:10:Infinity":1,"s:10:2:15:31":2,"b:16:8:16:Infinity:16:8:11:23":0,"b:13:52:13:Infinity:13:52:13:31":1,"f:13:52:13:Infinity":0,"s:13:20:13:31":3,"b:15:52:15:Infinity:15:52:15:31":2,"f:15:52:15:Infinity":1,"s:15:20:15:31":4}}}
,"D:\\cruise_sale_system\\frontend\\admin\\app\\stores\\auth.ts": {"path":"D:\\cruise_sale_system\\frontend\\admin\\app\\stores\\auth.ts","statementMap":{"0":{"start":{"line":8,"column":13},"end":{"line":36,"column":null}},"1":{"start":{"line":10,"column":10},"end":{"line":10,"column":null}},"2":{"start":{"line":12,"column":10},"end":{"line":12,"column":null}},"3":{"start":{"line":16,"column":8},"end":{"line":16,"column":null}},"4":{"start":{"line":21,"column":8},"end":{"line":21,"column":null}},"5":{"start":{"line":26,"column":8},"end":{"line":26,"column":null}},"6":{"start":{"line":27,"column":8},"end":{"line":27,"column":null}},"7":{"start":{"line":31,"column":10},"end":{"line":31,"column":null}},"8":{"start":{"line":31,"column":43},"end":{"line":31,"column":56}},"9":{"start":{"line":33,"column":10},"end":{"line":33,"column":null}},"10":{"start":{"line":33,"column":33},"end":{"line":33,"column":59}},"11":{"start":{"line":35,"column":4},"end":{"line":35,"column":null}}},"fnMap":{"0":{"name":"(anonymous_0)","decl":{"start":{"line":8,"column":48},"end":{"line":8,"column":54}},"loc":{"start":{"line":8,"column":54},"end":{"line":36,"column":1}},"line":8},"1":{"name":"setToken","decl":{"start":{"line":15,"column":13},"end":{"line":15,"column":22}},"loc":{"start":{"line":15,"column":33},"end":{"line":17,"column":null}},"line":15},"2":{"name":"setProfile","decl":{"start":{"line":20,"column":13},"end":{"line":20,"column":24}},"loc":{"start":{"line":20,"column":78},"end":{"line":22,"column":null}},"line":20},"3":{"name":"logout","decl":{"start":{"line":25,"column":13},"end":{"line":25,"column":22}},"loc":{"start":{"line":25,"column":22},"end":{"line":28,"column":null}},"line":25},"4":{"name":"(anonymous_4)","decl":{"start":{"line":31,"column":37},"end":{"line":31,"column":43}},"loc":{"start":{"line":31,"column":43},"end":{"line":31,"column":56}},"line":31},"5":{"name":"(anonymous_5)","decl":{"start":{"line":33,"column":27},"end":{"line":33,"column":33}},"loc":{"start":{"line":33,"column":33},"end":{"line":33,"column":59}},"line":33}},"branchMap":{"0":{"loc":{"start":{"line":33,"column":33},"end":{"line":33,"column":59}},"type":"binary-expr","locations":[{"start":{"line":33,"column":33},"end":{"line":33,"column":57}},{"start":{"line":33,"column":57},"end":{"line":33,"column":59}}],"line":33}},"s":{"0":2,"1":4,"2":4,"3":2,"4":1,"5":1,"6":1,"7":4,"8":3,"9":4,"10":2,"11":4},"f":{"0":4,"1":2,"2":1,"3":1,"4":3,"5":2},"b":{"0":[2,1]},"meta":{"lastBranch":1,"lastFunction":6,"lastStatement":12,"seen":{"s:8:13:36:Infinity":0,"f:8:48:8:54":0,"s:10:10:10:Infinity":1,"s:12:10:12:Infinity":2,"f:15:13:15:22":1,"s:16:8:16:Infinity":3,"f:20:13:20:24":2,"s:21:8:21:Infinity":4,"f:25:13:25:22":3,"s:26:8:26:Infinity":5,"s:27:8:27:Infinity":6,"s:31:10:31:Infinity":7,"f:31:37:31:43":4,"s:31:43:31:56":8,"s:33:10:33:Infinity":9,"f:33:27:33:33":5,"s:33:33:33:59":10,"b:33:33:33:57:33:57:33:59":0,"s:35:4:35:Infinity":11}}}
}
